<?xml version="1.0" encoding="UTF-8"?>
<coverage generated="1779900204802" clover="3.2.0">
  <project timestamp="1779900204802" name="All files">
    <metrics statements="680" coveredstatements="257" conditionals="458" coveredconditionals="97" methods="76" coveredmethods="28" elements="1214" coveredelements="382" complexity="0" loc="680" ncloc="680" packages="1" files="1" classes="1"/>
    <file name="server.js" path="D:\Tehan\4kurs\Diplom\DiplomFinal\backend\server.js">
      <metrics statements="680" coveredstatements="257" conditionals="458" coveredconditionals="97" methods="76" coveredmethods="28"/>
      <line num="1" count="1" type="stmt"/>
      <line num="2" count="1" type="stmt"/>
      <line num="3" count="1" type="stmt"/>
      <line num="4" count="1" type="stmt"/>
      <line num="5" count="1" type="stmt"/>
      <line num="6" count="1" type="stmt"/>
      <line num="7" count="1" type="stmt"/>
      <line num="8" count="1" type="stmt"/>
      <line num="9" count="1" type="stmt"/>
      <line num="10" count="1" type="stmt"/>
      <line num="11" count="1" type="stmt"/>
      <line num="14" count="1" type="stmt"/>
      <line num="15" count="1" type="stmt"/>
      <line num="18" count="1" type="stmt"/>
      <line num="19" count="1" type="stmt"/>
      <line num="21" count="1" type="cond" truecount="3" falsecount="1"/>
      <line num="22" count="0" type="stmt"/>
      <line num="24" count="1" type="stmt"/>
      <line num="27" count="1" type="stmt"/>
      <line num="30" count="1" type="stmt"/>
      <line num="31" count="1" type="stmt"/>
      <line num="32" count="1" type="cond" truecount="2" falsecount="0"/>
      <line num="33" count="1" type="cond" truecount="1" falsecount="1"/>
      <line num="34" count="1" type="stmt"/>
      <line num="36" count="1" type="stmt"/>
      <line num="47" count="1" type="stmt"/>
      <line num="50" count="1" type="stmt"/>
      <line num="51" count="1" type="stmt"/>
      <line num="52" count="1" type="stmt"/>
      <line num="53" count="1" type="stmt"/>
      <line num="55" count="1" type="cond" truecount="1" falsecount="1"/>
      <line num="56" count="1" type="stmt"/>
      <line num="57" count="3" type="cond" truecount="1" falsecount="1"/>
      <line num="60" count="1" type="stmt"/>
      <line num="61" count="10" type="stmt"/>
      <line num="66" count="10" type="stmt"/>
      <line num="67" count="10" type="cond" truecount="1" falsecount="1"/>
      <line num="71" count="1" type="cond" truecount="0" falsecount="1"/>
      <line num="72" count="0" type="stmt"/>
      <line num="84" count="1" type="stmt"/>
      <line num="85" count="16" type="cond" truecount="2" falsecount="0"/>
      <line num="86" count="9" type="stmt"/>
      <line num="87" count="9" type="cond" truecount="3" falsecount="1"/>
      <line num="88" count="9" type="stmt"/>
      <line num="102" count="16" type="stmt"/>
      <line num="105" count="1" type="stmt"/>
      <line num="107" count="1" type="stmt"/>
      <line num="114" count="1" type="cond" truecount="0" falsecount="1"/>
      <line num="115" count="1" type="stmt"/>
      <line num="116" count="1" type="stmt"/>
      <line num="117" count="1" type="cond" truecount="1" falsecount="1"/>
      <line num="118" count="1" type="stmt"/>
      <line num="119" count="1" type="stmt"/>
      <line num="120" count="6" type="stmt"/>
      <line num="123" count="0" type="cond" truecount="0" falsecount="4"/>
      <line num="125" count="1" type="stmt"/>
      <line num="129" count="1" type="cond" truecount="0" falsecount="1"/>
      <line num="130" count="1" type="stmt"/>
      <line num="132" count="1" type="stmt"/>
      <line num="133" count="1" type="cond" truecount="1" falsecount="1"/>
      <line num="134" count="0" type="stmt"/>
      <line num="136" count="1" type="cond" truecount="1" falsecount="1"/>
      <line num="137" count="1" type="stmt"/>
      <line num="138" count="1" type="stmt"/>
      <line num="144" count="1" type="stmt"/>
      <line num="157" count="1" type="stmt"/>
      <line num="159" count="0" type="cond" truecount="0" falsecount="2"/>
      <line num="160" count="0" type="stmt"/>
      <line num="167" count="0" type="cond" truecount="0" falsecount="2"/>
      <line num="168" count="0" type="stmt"/>
      <line num="169" count="0" type="stmt"/>
      <line num="170" count="0" type="stmt"/>
      <line num="171" count="0" type="cond" truecount="0" falsecount="2"/>
      <line num="172" count="0" type="stmt"/>
      <line num="173" count="0" type="cond" truecount="0" falsecount="2"/>
      <line num="174" count="0" type="stmt"/>
      <line num="175" count="0" type="stmt"/>
      <line num="178" count="1" type="stmt"/>
      <line num="179" count="4" type="cond" truecount="1" falsecount="1"/>
      <line num="180" count="0" type="stmt"/>
      <line num="183" count="1" type="stmt"/>
      <line num="184" count="0" type="stmt"/>
      <line num="185" count="0" type="stmt"/>
      <line num="186" count="0" type="stmt"/>
      <line num="187" count="0" type="cond" truecount="0" falsecount="4"/>
      <line num="188" count="0" type="stmt"/>
      <line num="192" count="0" type="stmt"/>
      <line num="193" count="0" type="stmt"/>
      <line num="194" count="0" type="stmt"/>
      <line num="195" count="0" type="stmt"/>
      <line num="196" count="0" type="cond" truecount="0" falsecount="2"/>
      <line num="197" count="0" type="stmt"/>
      <line num="198" count="0" type="stmt"/>
      <line num="199" count="0" type="stmt"/>
      <line num="200" count="0" type="stmt"/>
      <line num="203" count="0" type="stmt"/>
      <line num="204" count="0" type="stmt"/>
      <line num="211" count="1" type="stmt"/>
      <line num="212" count="1" type="stmt"/>
      <line num="213" count="1" type="stmt"/>
      <line num="214" count="1" type="cond" truecount="1" falsecount="1"/>
      <line num="215" count="1" type="cond" truecount="1" falsecount="1"/>
      <line num="216" count="0" type="stmt"/>
      <line num="219" count="1" type="stmt"/>
      <line num="220" count="0" type="stmt"/>
      <line num="221" count="0" type="stmt"/>
      <line num="222" count="0" type="cond" truecount="0" falsecount="2"/>
      <line num="223" count="0" type="cond" truecount="0" falsecount="2"/>
      <line num="224" count="0" type="stmt"/>
      <line num="227" count="1" type="stmt"/>
      <line num="228" count="0" type="stmt"/>
      <line num="229" count="0" type="stmt"/>
      <line num="230" count="0" type="cond" truecount="0" falsecount="2"/>
      <line num="231" count="0" type="stmt"/>
      <line num="232" count="0" type="cond" truecount="0" falsecount="2"/>
      <line num="233" count="0" type="cond" truecount="0" falsecount="2"/>
      <line num="236" count="1" type="stmt"/>
      <line num="237" count="0" type="stmt"/>
      <line num="238" count="0" type="stmt"/>
      <line num="239" count="0" type="cond" truecount="0" falsecount="2"/>
      <line num="240" count="0" type="cond" truecount="0" falsecount="2"/>
      <line num="241" count="0" type="stmt"/>
      <line num="244" count="1" type="stmt"/>
      <line num="245" count="1" type="stmt"/>
      <line num="246" count="1" type="stmt"/>
      <line num="247" count="1" type="stmt"/>
      <line num="248" count="1" type="stmt"/>
      <line num="249" count="0" type="stmt"/>
      <line num="252" count="1" type="stmt"/>
      <line num="253" count="1" type="stmt"/>
      <line num="254" count="1" type="stmt"/>
      <line num="255" count="1" type="stmt"/>
      <line num="256" count="1" type="stmt"/>
      <line num="257" count="1" type="cond" truecount="3" falsecount="3"/>
      <line num="258" count="0" type="stmt"/>
      <line num="261" count="1" type="stmt"/>
      <line num="262" count="0" type="stmt"/>
      <line num="263" count="0" type="stmt"/>
      <line num="264" count="0" type="cond" truecount="0" falsecount="2"/>
      <line num="265" count="0" type="cond" truecount="0" falsecount="2"/>
      <line num="266" count="0" type="stmt"/>
      <line num="269" count="1" type="stmt"/>
      <line num="270" count="0" type="stmt"/>
      <line num="271" count="0" type="stmt"/>
      <line num="272" count="0" type="cond" truecount="0" falsecount="2"/>
      <line num="273" count="0" type="cond" truecount="0" falsecount="2"/>
      <line num="274" count="0" type="stmt"/>
      <line num="277" count="1" type="stmt"/>
      <line num="278" count="0" type="stmt"/>
      <line num="279" count="0" type="stmt"/>
      <line num="280" count="0" type="cond" truecount="0" falsecount="4"/>
      <line num="281" count="0" type="stmt"/>
      <line num="282" count="0" type="cond" truecount="0" falsecount="2"/>
      <line num="283" count="0" type="cond" truecount="0" falsecount="2"/>
      <line num="286" count="1" type="stmt"/>
      <line num="287" count="0" type="stmt"/>
      <line num="288" count="0" type="cond" truecount="0" falsecount="2"/>
      <line num="289" count="0" type="stmt"/>
      <line num="292" count="1" type="stmt"/>
      <line num="293" count="0" type="stmt"/>
      <line num="294" count="0" type="cond" truecount="0" falsecount="4"/>
      <line num="295" count="0" type="stmt"/>
      <line num="299" count="0" type="cond" truecount="0" falsecount="2"/>
      <line num="302" count="1" type="stmt"/>
      <line num="303" count="1" type="stmt"/>
      <line num="304" count="1" type="cond" truecount="3" falsecount="1"/>
      <line num="305" count="1" type="stmt"/>
      <line num="306" count="1" type="stmt"/>
      <line num="307" count="1" type="cond" truecount="2" falsecount="2"/>
      <line num="313" count="1" type="stmt"/>
      <line num="314" count="0" type="stmt"/>
      <line num="315" count="0" type="cond" truecount="0" falsecount="4"/>
      <line num="316" count="0" type="stmt"/>
      <line num="318" count="0" type="stmt"/>
      <line num="319" count="0" type="stmt"/>
      <line num="321" count="0" type="stmt"/>
      <line num="326" count="0" type="cond" truecount="0" falsecount="4"/>
      <line num="327" count="0" type="stmt"/>
      <line num="330" count="0" type="stmt"/>
      <line num="335" count="0" type="cond" truecount="0" falsecount="4"/>
      <line num="336" count="0" type="stmt"/>
      <line num="339" count="0" type="stmt"/>
      <line num="340" count="0" type="stmt"/>
      <line num="341" count="0" type="stmt"/>
      <line num="342" count="0" type="stmt"/>
      <line num="344" count="0" type="cond" truecount="0" falsecount="6"/>
      <line num="345" count="0" type="stmt"/>
      <line num="348" count="0" type="stmt"/>
      <line num="349" count="0" type="cond" truecount="0" falsecount="2"/>
      <line num="351" count="0" type="stmt"/>
      <line num="353" count="0" type="cond" truecount="0" falsecount="2"/>
      <line num="354" count="0" type="cond" truecount="0" falsecount="2"/>
      <line num="355" count="0" type="cond" truecount="0" falsecount="2"/>
      <line num="356" count="0" type="cond" truecount="0" falsecount="2"/>
      <line num="357" count="0" type="stmt"/>
      <line num="359" count="0" type="stmt"/>
      <line num="361" count="0" type="stmt"/>
      <line num="362" count="0" type="cond" truecount="0" falsecount="2"/>
      <line num="363" count="0" type="stmt"/>
      <line num="364" count="0" type="cond" truecount="0" falsecount="2"/>
      <line num="367" count="0" type="stmt"/>
      <line num="382" count="0" type="stmt"/>
      <line num="383" count="0" type="stmt"/>
      <line num="390" count="1" type="stmt"/>
      <line num="391" count="0" type="stmt"/>
      <line num="392" count="0" type="stmt"/>
      <line num="399" count="0" type="cond" truecount="0" falsecount="2"/>
      <line num="400" count="0" type="cond" truecount="0" falsecount="2"/>
      <line num="402" count="0" type="stmt"/>
      <line num="406" count="1" type="stmt"/>
      <line num="407" count="0" type="stmt"/>
      <line num="408" count="0" type="stmt"/>
      <line num="409" count="0" type="stmt"/>
      <line num="410" count="0" type="cond" truecount="0" falsecount="2"/>
      <line num="411" count="0" type="stmt"/>
      <line num="414" count="1" type="stmt"/>
      <line num="415" count="0" type="stmt"/>
      <line num="416" count="0" type="stmt"/>
      <line num="417" count="0" type="cond" truecount="0" falsecount="2"/>
      <line num="418" count="0" type="stmt"/>
      <line num="421" count="1" type="stmt"/>
      <line num="422" count="0" type="stmt"/>
      <line num="423" count="0" type="stmt"/>
      <line num="424" count="0" type="stmt"/>
      <line num="425" count="0" type="stmt"/>
      <line num="428" count="1" type="stmt"/>
      <line num="429" count="0" type="stmt"/>
      <line num="430" count="0" type="stmt"/>
      <line num="431" count="0" type="stmt"/>
      <line num="432" count="0" type="stmt"/>
      <line num="435" count="1" type="stmt"/>
      <line num="436" count="0" type="stmt"/>
      <line num="437" count="0" type="cond" truecount="0" falsecount="2"/>
      <line num="443" count="1" type="stmt"/>
      <line num="444" count="0" type="stmt"/>
      <line num="445" count="0" type="stmt"/>
      <line num="446" count="0" type="stmt"/>
      <line num="447" count="0" type="stmt"/>
      <line num="451" count="0" type="cond" truecount="0" falsecount="2"/>
      <line num="452" count="0" type="stmt"/>
      <line num="453" count="0" type="cond" truecount="0" falsecount="2"/>
      <line num="454" count="0" type="stmt"/>
      <line num="455" count="0" type="stmt"/>
      <line num="458" count="1" type="stmt"/>
      <line num="459" count="0" type="stmt"/>
      <line num="460" count="0" type="stmt"/>
      <line num="461" count="0" type="stmt"/>
      <line num="462" count="0" type="cond" truecount="0" falsecount="2"/>
      <line num="464" count="0" type="stmt"/>
      <line num="465" count="0" type="stmt"/>
      <line num="467" count="0" type="cond" truecount="0" falsecount="2"/>
      <line num="468" count="0" type="stmt"/>
      <line num="470" count="0" type="cond" truecount="0" falsecount="2"/>
      <line num="471" count="0" type="cond" truecount="0" falsecount="2"/>
      <line num="472" count="0" type="stmt"/>
      <line num="475" count="0" type="stmt"/>
      <line num="478" count="0" type="stmt"/>
      <line num="484" count="0" type="cond" truecount="0" falsecount="2"/>
      <line num="486" count="0" type="cond" truecount="0" falsecount="2"/>
      <line num="487" count="0" type="stmt"/>
      <line num="488" count="0" type="stmt"/>
      <line num="489" count="0" type="stmt"/>
      <line num="490" count="0" type="cond" truecount="0" falsecount="2"/>
      <line num="491" count="0" type="stmt"/>
      <line num="499" count="0" type="stmt"/>
      <line num="500" count="0" type="stmt"/>
      <line num="503" count="1" type="stmt"/>
      <line num="504" count="0" type="stmt"/>
      <line num="505" count="0" type="stmt"/>
      <line num="507" count="0" type="cond" truecount="0" falsecount="2"/>
      <line num="508" count="0" type="cond" truecount="0" falsecount="4"/>
      <line num="510" count="0" type="stmt"/>
      <line num="511" count="0" type="stmt"/>
      <line num="513" count="0" type="cond" truecount="0" falsecount="2"/>
      <line num="514" count="0" type="stmt"/>
      <line num="516" count="0" type="cond" truecount="0" falsecount="2"/>
      <line num="517" count="0" type="cond" truecount="0" falsecount="2"/>
      <line num="519" count="0" type="stmt"/>
      <line num="529" count="0" type="cond" truecount="0" falsecount="2"/>
      <line num="531" count="0" type="cond" truecount="0" falsecount="2"/>
      <line num="532" count="0" type="stmt"/>
      <line num="533" count="0" type="stmt"/>
      <line num="534" count="0" type="stmt"/>
      <line num="535" count="0" type="cond" truecount="0" falsecount="2"/>
      <line num="536" count="0" type="stmt"/>
      <line num="547" count="0" type="stmt"/>
      <line num="550" count="0" type="stmt"/>
      <line num="564" count="0" type="cond" truecount="0" falsecount="2"/>
      <line num="566" count="0" type="cond" truecount="0" falsecount="2"/>
      <line num="567" count="0" type="stmt"/>
      <line num="568" count="0" type="stmt"/>
      <line num="569" count="0" type="stmt"/>
      <line num="570" count="0" type="cond" truecount="0" falsecount="2"/>
      <line num="571" count="0" type="stmt"/>
      <line num="582" count="0" type="stmt"/>
      <line num="584" count="0" type="stmt"/>
      <line num="585" count="0" type="cond" truecount="0" falsecount="2"/>
      <line num="589" count="1" type="stmt"/>
      <line num="590" count="0" type="stmt"/>
      <line num="591" count="0" type="stmt"/>
      <line num="592" count="0" type="stmt"/>
      <line num="593" count="0" type="cond" truecount="0" falsecount="2"/>
      <line num="594" count="0" type="stmt"/>
      <line num="595" count="0" type="stmt"/>
      <line num="596" count="0" type="stmt"/>
      <line num="598" count="0" type="stmt"/>
      <line num="599" count="0" type="stmt"/>
      <line num="603" count="1" type="stmt"/>
      <line num="604" count="1" type="stmt"/>
      <line num="605" count="1" type="stmt"/>
      <line num="606" count="1" type="cond" truecount="1" falsecount="1"/>
      <line num="607" count="1" type="stmt"/>
      <line num="608" count="1" type="cond" truecount="1" falsecount="1"/>
      <line num="609" count="1" type="stmt"/>
      <line num="612" count="1" type="stmt"/>
      <line num="613" count="0" type="stmt"/>
      <line num="614" count="0" type="cond" truecount="0" falsecount="2"/>
      <line num="615" count="0" type="stmt"/>
      <line num="618" count="1" type="stmt"/>
      <line num="619" count="1" type="stmt"/>
      <line num="620" count="1" type="stmt"/>
      <line num="622" count="1" type="stmt"/>
      <line num="623" count="1" type="cond" truecount="1" falsecount="1"/>
      <line num="624" count="0" type="stmt"/>
      <line num="625" count="1" type="cond" truecount="1" falsecount="1"/>
      <line num="626" count="0" type="stmt"/>
      <line num="629" count="1" type="cond" truecount="1" falsecount="1"/>
      <line num="630" count="0" type="cond" truecount="0" falsecount="2"/>
      <line num="631" count="0" type="stmt"/>
      <line num="633" count="0" type="stmt"/>
      <line num="637" count="1" type="cond" truecount="1" falsecount="1"/>
      <line num="638" count="0" type="stmt"/>
      <line num="641" count="1" type="stmt"/>
      <line num="648" count="1" type="cond" truecount="1" falsecount="1"/>
      <line num="649" count="1" type="cond" truecount="1" falsecount="1"/>
      <line num="651" count="1" type="stmt"/>
      <line num="653" count="0" type="stmt"/>
      <line num="654" count="0" type="stmt"/>
      <line num="661" count="1" type="stmt"/>
      <line num="662" count="0" type="stmt"/>
      <line num="663" count="0" type="cond" truecount="0" falsecount="2"/>
      <line num="666" count="1" type="stmt"/>
      <line num="667" count="0" type="stmt"/>
      <line num="668" count="0" type="stmt"/>
      <line num="671" count="1" type="stmt"/>
      <line num="672" count="0" type="stmt"/>
      <line num="673" count="0" type="stmt"/>
      <line num="674" count="0" type="stmt"/>
      <line num="675" count="0" type="cond" truecount="0" falsecount="2"/>
      <line num="676" count="0" type="stmt"/>
      <line num="677" count="0" type="stmt"/>
      <line num="678" count="0" type="stmt"/>
      <line num="679" count="0" type="cond" truecount="0" falsecount="2"/>
      <line num="680" count="0" type="stmt"/>
      <line num="687" count="0" type="stmt"/>
      <line num="688" count="0" type="stmt"/>
      <line num="691" count="1" type="stmt"/>
      <line num="692" count="0" type="stmt"/>
      <line num="693" count="0" type="stmt"/>
      <line num="694" count="0" type="stmt"/>
      <line num="695" count="0" type="cond" truecount="0" falsecount="2"/>
      <line num="696" count="0" type="stmt"/>
      <line num="697" count="0" type="stmt"/>
      <line num="698" count="0" type="stmt"/>
      <line num="700" count="0" type="stmt"/>
      <line num="701" count="0" type="stmt"/>
      <line num="708" count="1" type="stmt"/>
      <line num="709" count="1" type="stmt"/>
      <line num="711" count="1" type="stmt"/>
      <line num="712" count="1" type="stmt"/>
      <line num="717" count="1" type="cond" truecount="3" falsecount="1"/>
      <line num="718" count="0" type="stmt"/>
      <line num="720" count="1" type="stmt"/>
      <line num="722" count="1" type="stmt"/>
      <line num="726" count="1" type="cond" truecount="1" falsecount="1"/>
      <line num="727" count="0" type="stmt"/>
      <line num="729" count="1" type="stmt"/>
      <line num="731" count="1" type="stmt"/>
      <line num="732" count="1" type="stmt"/>
      <line num="734" count="1" type="stmt"/>
      <line num="735" count="1" type="stmt"/>
      <line num="740" count="1" type="cond" truecount="3" falsecount="1"/>
      <line num="741" count="0" type="stmt"/>
      <line num="743" count="1" type="cond" truecount="2" falsecount="0"/>
      <line num="744" count="1" type="stmt"/>
      <line num="746" count="1" type="stmt"/>
      <line num="748" count="1" type="stmt"/>
      <line num="752" count="1" type="stmt"/>
      <line num="754" count="1" type="cond" truecount="1" falsecount="1"/>
      <line num="755" count="1" type="stmt"/>
      <line num="763" count="1" type="cond" truecount="1" falsecount="1"/>
      <line num="764" count="1" type="stmt"/>
      <line num="768" count="1" type="cond" truecount="1" falsecount="1"/>
      <line num="769" count="0" type="stmt"/>
      <line num="777" count="0" type="cond" truecount="0" falsecount="2"/>
      <line num="778" count="0" type="stmt"/>
      <line num="780" count="0" type="stmt"/>
      <line num="784" count="1" type="stmt"/>
      <line num="790" count="1" type="cond" truecount="3" falsecount="1"/>
      <line num="791" count="0" type="stmt"/>
      <line num="794" count="1" type="stmt"/>
      <line num="799" count="1" type="cond" truecount="1" falsecount="1"/>
      <line num="800" count="0" type="stmt"/>
      <line num="803" count="1" type="stmt"/>
      <line num="811" count="1" type="stmt"/>
      <line num="813" count="1" type="stmt"/>
      <line num="825" count="1" type="cond" truecount="1" falsecount="1"/>
      <line num="826" count="0" type="stmt"/>
      <line num="829" count="1" type="stmt"/>
      <line num="830" count="1" type="stmt"/>
      <line num="832" count="1" type="cond" truecount="1" falsecount="1"/>
      <line num="833" count="0" type="stmt"/>
      <line num="836" count="1" type="cond" truecount="3" falsecount="1"/>
      <line num="837" count="1" type="stmt"/>
      <line num="838" count="1" type="stmt"/>
      <line num="851" count="0" type="stmt"/>
      <line num="854" count="1" type="stmt"/>
      <line num="856" count="0" type="stmt"/>
      <line num="857" count="0" type="stmt"/>
      <line num="861" count="1" type="stmt"/>
      <line num="862" count="0" type="stmt"/>
      <line num="863" count="0" type="stmt"/>
      <line num="868" count="0" type="cond" truecount="0" falsecount="2"/>
      <line num="870" count="0" type="stmt"/>
      <line num="874" count="1" type="stmt"/>
      <line num="875" count="0" type="stmt"/>
      <line num="876" count="0" type="stmt"/>
      <line num="877" count="0" type="stmt"/>
      <line num="882" count="0" type="cond" truecount="0" falsecount="4"/>
      <line num="883" count="0" type="cond" truecount="0" falsecount="2"/>
      <line num="885" count="0" type="stmt"/>
      <line num="890" count="0" type="stmt"/>
      <line num="892" count="0" type="stmt"/>
      <line num="893" count="0" type="stmt"/>
      <line num="900" count="1" type="stmt"/>
      <line num="901" count="1" type="stmt"/>
      <line num="902" count="1" type="stmt"/>
      <line num="903" count="1" type="cond" truecount="1" falsecount="1"/>
      <line num="905" count="1" type="stmt"/>
      <line num="906" count="1" type="stmt"/>
      <line num="912" count="1" type="cond" truecount="3" falsecount="1"/>
      <line num="913" count="0" type="stmt"/>
      <line num="916" count="1" type="stmt"/>
      <line num="917" count="1" type="cond" truecount="3" falsecount="1"/>
      <line num="918" count="0" type="stmt"/>
      <line num="921" count="1" type="stmt"/>
      <line num="926" count="1" type="cond" truecount="1" falsecount="1"/>
      <line num="927" count="1" type="stmt"/>
      <line num="928" count="1" type="cond" truecount="1" falsecount="1"/>
      <line num="929" count="1" type="stmt"/>
      <line num="935" count="1" type="cond" truecount="1" falsecount="1"/>
      <line num="936" count="1" type="stmt"/>
      <line num="946" count="1" type="stmt"/>
      <line num="952" count="1" type="cond" truecount="1" falsecount="1"/>
      <line num="954" count="1" type="stmt"/>
      <line num="956" count="0" type="stmt"/>
      <line num="957" count="0" type="stmt"/>
      <line num="961" count="1" type="stmt"/>
      <line num="962" count="0" type="stmt"/>
      <line num="963" count="0" type="stmt"/>
      <line num="964" count="0" type="stmt"/>
      <line num="968" count="0" type="cond" truecount="0" falsecount="2"/>
      <line num="969" count="0" type="stmt"/>
      <line num="971" count="0" type="stmt"/>
      <line num="972" count="0" type="stmt"/>
      <line num="976" count="1" type="stmt"/>
      <line num="977" count="0" type="stmt"/>
      <line num="978" count="0" type="cond" truecount="0" falsecount="2"/>
      <line num="979" count="0" type="stmt"/>
      <line num="982" count="1" type="stmt"/>
      <line num="983" count="0" type="stmt"/>
      <line num="984" count="0" type="cond" truecount="0" falsecount="2"/>
      <line num="985" count="0" type="stmt"/>
      <line num="986" count="0" type="stmt"/>
      <line num="993" count="1" type="stmt"/>
      <line num="994" count="1" type="stmt"/>
      <line num="995" count="1" type="stmt"/>
      <line num="996" count="1" type="stmt"/>
      <line num="1003" count="1" type="cond" truecount="1" falsecount="1"/>
      <line num="1004" count="0" type="stmt"/>
      <line num="1007" count="1" type="stmt"/>
      <line num="1013" count="1" type="cond" truecount="1" falsecount="1"/>
      <line num="1014" count="1" type="stmt"/>
      <line num="1016" count="0" type="stmt"/>
      <line num="1017" count="0" type="stmt"/>
      <line num="1021" count="1" type="stmt"/>
      <line num="1022" count="0" type="stmt"/>
      <line num="1023" count="0" type="stmt"/>
      <line num="1025" count="0" type="stmt"/>
      <line num="1026" count="0" type="stmt"/>
      <line num="1032" count="0" type="cond" truecount="0" falsecount="4"/>
      <line num="1034" count="0" type="cond" truecount="0" falsecount="4"/>
      <line num="1035" count="0" type="stmt"/>
      <line num="1040" count="0" type="cond" truecount="0" falsecount="2"/>
      <line num="1041" count="0" type="stmt"/>
      <line num="1042" count="0" type="cond" truecount="0" falsecount="2"/>
      <line num="1043" count="0" type="stmt"/>
      <line num="1049" count="0" type="cond" truecount="0" falsecount="2"/>
      <line num="1050" count="0" type="stmt"/>
      <line num="1057" count="0" type="stmt"/>
      <line num="1060" count="0" type="stmt"/>
      <line num="1067" count="0" type="cond" truecount="0" falsecount="2"/>
      <line num="1069" count="0" type="stmt"/>
      <line num="1070" count="0" type="stmt"/>
      <line num="1082" count="0" type="stmt"/>
      <line num="1084" count="0" type="stmt"/>
      <line num="1085" count="0" type="stmt"/>
      <line num="1089" count="1" type="stmt"/>
      <line num="1090" count="0" type="stmt"/>
      <line num="1091" count="0" type="stmt"/>
      <line num="1092" count="0" type="stmt"/>
      <line num="1094" count="0" type="cond" truecount="0" falsecount="2"/>
      <line num="1095" count="0" type="cond" truecount="0" falsecount="4"/>
      <line num="1097" count="0" type="stmt"/>
      <line num="1098" count="0" type="stmt"/>
      <line num="1105" count="0" type="cond" truecount="0" falsecount="4"/>
      <line num="1107" count="0" type="cond" truecount="0" falsecount="4"/>
      <line num="1108" count="0" type="stmt"/>
      <line num="1111" count="0" type="stmt"/>
      <line num="1118" count="0" type="cond" truecount="0" falsecount="2"/>
      <line num="1120" count="0" type="stmt"/>
      <line num="1124" count="0" type="cond" truecount="0" falsecount="2"/>
      <line num="1126" count="0" type="stmt"/>
      <line num="1133" count="0" type="stmt"/>
      <line num="1135" count="0" type="stmt"/>
      <line num="1136" count="0" type="stmt"/>
      <line num="1143" count="1" type="stmt"/>
      <line num="1144" count="1" type="stmt"/>
      <line num="1145" count="1" type="stmt"/>
      <line num="1146" count="1" type="stmt"/>
      <line num="1147" count="1" type="stmt"/>
      <line num="1148" count="1" type="stmt"/>
      <line num="1149" count="1" type="cond" truecount="1" falsecount="1"/>
      <line num="1150" count="1" type="stmt"/>
      <line num="1151" count="1" type="stmt"/>
      <line num="1153" count="0" type="stmt"/>
      <line num="1154" count="0" type="stmt"/>
      <line num="1158" count="1" type="stmt"/>
      <line num="1159" count="1" type="stmt"/>
      <line num="1160" count="1" type="stmt"/>
      <line num="1161" count="1" type="stmt"/>
      <line num="1162" count="1" type="cond" truecount="1" falsecount="1"/>
      <line num="1163" count="1" type="stmt"/>
      <line num="1165" count="0" type="stmt"/>
      <line num="1166" count="0" type="stmt"/>
      <line num="1171" count="1" type="stmt"/>
      <line num="1172" count="1" type="stmt"/>
      <line num="1173" count="1" type="cond" truecount="4" falsecount="1"/>
      <line num="1174" count="0" type="stmt"/>
      <line num="1177" count="1" type="stmt"/>
      <line num="1178" count="1" type="stmt"/>
      <line num="1197" count="1" type="stmt"/>
      <line num="1199" count="0" type="stmt"/>
      <line num="1200" count="0" type="cond" truecount="0" falsecount="2"/>
      <line num="1201" count="0" type="stmt"/>
      <line num="1205" count="1" type="stmt"/>
      <line num="1206" count="1" type="stmt"/>
      <line num="1207" count="1" type="cond" truecount="4" falsecount="1"/>
      <line num="1208" count="0" type="stmt"/>
      <line num="1210" count="1" type="stmt"/>
      <line num="1211" count="1" type="stmt"/>
      <line num="1215" count="1" type="cond" truecount="1" falsecount="1"/>
      <line num="1216" count="1" type="stmt"/>
      <line num="1218" count="0" type="stmt"/>
      <line num="1219" count="0" type="stmt"/>
      <line num="1226" count="1" type="stmt"/>
      <line num="1227" count="1" type="stmt"/>
      <line num="1228" count="1" type="cond" truecount="2" falsecount="2"/>
      <line num="1229" count="1" type="cond" truecount="1" falsecount="1"/>
      <line num="1230" count="1" type="stmt"/>
      <line num="1231" count="1" type="stmt"/>
      <line num="1232" count="1" type="stmt"/>
      <line num="1234" count="0" type="stmt"/>
      <line num="1238" count="1" type="stmt"/>
      <line num="1239" count="0" type="stmt"/>
      <line num="1240" count="0" type="stmt"/>
      <line num="1249" count="0" type="cond" truecount="0" falsecount="2"/>
      <line num="1250" count="0" type="cond" truecount="0" falsecount="2"/>
      <line num="1252" count="0" type="stmt"/>
      <line num="1253" count="0" type="stmt"/>
      <line num="1257" count="1" type="stmt"/>
      <line num="1258" count="1" type="stmt"/>
      <line num="1260" count="1" type="cond" truecount="1" falsecount="1"/>
      <line num="1261" count="1" type="stmt"/>
      <line num="1262" count="0" type="cond" truecount="0" falsecount="2"/>
      <line num="1263" count="0" type="stmt"/>
      <line num="1264" count="0" type="cond" truecount="0" falsecount="2"/>
      <line num="1265" count="0" type="stmt"/>
      <line num="1266" count="0" type="cond" truecount="0" falsecount="2"/>
      <line num="1267" count="0" type="stmt"/>
      <line num="1268" count="0" type="cond" truecount="0" falsecount="2"/>
      <line num="1269" count="0" type="stmt"/>
      <line num="1270" count="0" type="cond" truecount="0" falsecount="2"/>
      <line num="1271" count="0" type="stmt"/>
      <line num="1272" count="0" type="cond" truecount="0" falsecount="2"/>
      <line num="1273" count="0" type="stmt"/>
      <line num="1275" count="0" type="stmt"/>
      <line num="1278" count="1" type="stmt"/>
      <line num="1279" count="1" type="cond" truecount="1" falsecount="1"/>
      <line num="1280" count="1" type="cond" truecount="1" falsecount="1"/>
      <line num="1282" count="0" type="stmt"/>
      <line num="1283" count="0" type="stmt"/>
      <line num="1287" count="1" type="stmt"/>
      <line num="1288" count="0" type="stmt"/>
      <line num="1289" count="0" type="stmt"/>
      <line num="1290" count="0" type="cond" truecount="0" falsecount="2"/>
      <line num="1291" count="0" type="cond" truecount="0" falsecount="2"/>
      <line num="1293" count="0" type="stmt"/>
      <line num="1294" count="0" type="stmt"/>
      <line num="1298" count="1" type="stmt"/>
      <line num="1299" count="0" type="stmt"/>
      <line num="1300" count="0" type="stmt"/>
      <line num="1301" count="0" type="cond" truecount="0" falsecount="2"/>
      <line num="1302" count="0" type="stmt"/>
      <line num="1304" count="0" type="stmt"/>
      <line num="1305" count="0" type="stmt"/>
      <line num="1309" count="1" type="stmt"/>
      <line num="1310" count="0" type="stmt"/>
      <line num="1312" count="0" type="stmt"/>
      <line num="1313" count="0" type="stmt"/>
      <line num="1318" count="0" type="cond" truecount="0" falsecount="2"/>
      <line num="1320" count="0" type="cond" truecount="0" falsecount="4"/>
      <line num="1321" count="0" type="stmt"/>
      <line num="1322" count="0" type="cond" truecount="0" falsecount="2"/>
      <line num="1323" count="0" type="stmt"/>
      <line num="1330" count="0" type="cond" truecount="0" falsecount="2"/>
      <line num="1331" count="0" type="stmt"/>
      <line num="1332" count="0" type="stmt"/>
      <line num="1334" count="0" type="cond" truecount="0" falsecount="2"/>
      <line num="1335" count="0" type="stmt"/>
      <line num="1340" count="0" type="cond" truecount="0" falsecount="2"/>
      <line num="1341" count="0" type="stmt"/>
      <line num="1347" count="0" type="stmt"/>
      <line num="1348" count="0" type="cond" truecount="0" falsecount="2"/>
      <line num="1350" count="0" type="stmt"/>
      <line num="1352" count="0" type="stmt"/>
      <line num="1353" count="0" type="stmt"/>
      <line num="1357" count="1" type="stmt"/>
      <line num="1358" count="0" type="stmt"/>
      <line num="1359" count="0" type="stmt"/>
      <line num="1360" count="0" type="cond" truecount="0" falsecount="2"/>
      <line num="1361" count="0" type="stmt"/>
      <line num="1363" count="0" type="stmt"/>
      <line num="1364" count="0" type="stmt"/>
      <line num="1368" count="1" type="stmt"/>
      <line num="1369" count="0" type="stmt"/>
      <line num="1370" count="0" type="stmt"/>
      <line num="1372" count="0" type="stmt"/>
      <line num="1373" count="0" type="stmt"/>
      <line num="1378" count="0" type="cond" truecount="0" falsecount="2"/>
      <line num="1381" count="0" type="cond" truecount="0" falsecount="3"/>
      <line num="1384" count="0" type="stmt"/>
      <line num="1390" count="0" type="cond" truecount="0" falsecount="2"/>
      <line num="1392" count="0" type="cond" truecount="0" falsecount="2"/>
      <line num="1393" count="0" type="stmt"/>
      <line num="1398" count="0" type="stmt"/>
      <line num="1399" count="0" type="cond" truecount="0" falsecount="2"/>
      <line num="1400" count="0" type="stmt"/>
      <line num="1406" count="0" type="cond" truecount="0" falsecount="2"/>
      <line num="1407" count="0" type="stmt"/>
      <line num="1408" count="0" type="stmt"/>
      <line num="1418" count="0" type="cond" truecount="0" falsecount="2"/>
      <line num="1419" count="0" type="stmt"/>
      <line num="1432" count="0" type="cond" truecount="0" falsecount="2"/>
      <line num="1433" count="0" type="stmt"/>
      <line num="1445" count="0" type="cond" truecount="0" falsecount="2"/>
      <line num="1446" count="0" type="stmt"/>
      <line num="1461" count="0" type="stmt"/>
      <line num="1463" count="0" type="stmt"/>
      <line num="1464" count="0" type="stmt"/>
      <line num="1469" count="1" type="stmt"/>
      <line num="1470" count="1" type="stmt"/>
      <line num="1473" count="1" type="stmt"/>
      <line num="1474" count="0" type="stmt"/>
      <line num="1478" count="1" type="stmt"/>
      <line num="1479" count="0" type="stmt"/>
      <line num="1480" count="0" type="stmt"/>
      <line num="1481" count="0" type="stmt"/>
      <line num="1484" count="1" type="stmt"/>
      <line num="1486" count="1" type="stmt"/>
    </file>
  </project>
</coverage>
