{"D:\\Tehan\\4kurs\\Diplom\\DiplomFinal\\backend\\server.js": {"path":"D:\\Tehan\\4kurs\\Diplom\\DiplomFinal\\backend\\server.js","statementMap":{"0":{"start":{"line":1,"column":0},"end":{"line":1,"column":27}},"1":{"start":{"line":2,"column":16},"end":{"line":2,"column":34}},"2":{"start":{"line":3,"column":13},"end":{"line":3,"column":28}},"3":{"start":{"line":4,"column":13},"end":{"line":4,"column":28}},"4":{"start":{"line":5,"column":11},"end":{"line":5,"column":24}},"5":{"start":{"line":6,"column":14},"end":{"line":6,"column":30}},"6":{"start":{"line":7,"column":15},"end":{"line":7,"column":32}},"7":{"start":{"line":8,"column":25},"end":{"line":8,"column":57}},"8":{"start":{"line":9,"column":15},"end":{"line":9,"column":32}},"9":{"start":{"line":10,"column":14},"end":{"line":10,"column":30}},"10":{"start":{"line":11,"column":20},"end":{"line":11,"column":42}},"11":{"start":{"line":14,"column":12},"end":{"line":14,"column":26}},"12":{"start":{"line":15,"column":0},"end":{"line":15,"column":39}},"13":{"start":{"line":18,"column":20},"end":{"line":18,"column":44}},"14":{"start":{"line":19,"column":20},"end":{"line":19,"column":44}},"15":{"start":{"line":21,"column":0},"end":{"line":25,"column":1}},"16":{"start":{"line":22,"column":4},"end":{"line":22,"column":87}},"17":{"start":{"line":24,"column":4},"end":{"line":24,"column":90}},"18":{"start":{"line":27,"column":17},"end":{"line":27,"column":55}},"19":{"start":{"line":30,"column":12},"end":{"line":30,"column":21}},"20":{"start":{"line":31,"column":0},"end":{"line":31,"column":29}},"21":{"start":{"line":32,"column":13},"end":{"line":32,"column":37}},"22":{"start":{"line":33,"column":21},"end":{"line":33,"column":76}},"23":{"start":{"line":34,"column":15},"end":{"line":34,"column":58}},"24":{"start":{"line":36,"column":0},"end":{"line":45,"column":4}},"25":{"start":{"line":47,"column":0},"end":{"line":47,"column":24}},"26":{"start":{"line":50,"column":17},"end":{"line":50,"column":45}},"27":{"start":{"line":51,"column":18},"end":{"line":51,"column":51}},"28":{"start":{"line":52,"column":20},"end":{"line":52,"column":54}},"29":{"start":{"line":53,"column":26},"end":{"line":53,"column":66}},"30":{"start":{"line":55,"column":0},"end":{"line":55,"column":53}},"31":{"start":{"line":55,"column":30},"end":{"line":55,"column":53}},"32":{"start":{"line":56,"column":0},"end":{"line":58,"column":3}},"33":{"start":{"line":57,"column":4},"end":{"line":57,"column":51}},"34":{"start":{"line":57,"column":27},"end":{"line":57,"column":51}},"35":{"start":{"line":60,"column":17},"end":{"line":69,"column":1}},"36":{"start":{"line":61,"column":18},"end":{"line":65,"column":13}},"37":{"start":{"line":66,"column":4},"end":{"line":68,"column":7}},"38":{"start":{"line":67,"column":8},"end":{"line":67,"column":59}},"39":{"start":{"line":67,"column":17},"end":{"line":67,"column":59}},"40":{"start":{"line":71,"column":17},"end":{"line":81,"column":1}},"41":{"start":{"line":72,"column":4},"end":{"line":80,"column":7}},"42":{"start":{"line":84,"column":0},"end":{"line":103,"column":3}},"43":{"start":{"line":85,"column":4},"end":{"line":101,"column":5}},"44":{"start":{"line":86,"column":8},"end":{"line":100,"column":11}},"45":{"start":{"line":87,"column":12},"end":{"line":99,"column":13}},"46":{"start":{"line":88,"column":16},"end":{"line":98,"column":19}},"47":{"start":{"line":102,"column":4},"end":{"line":102,"column":11}},"48":{"start":{"line":105,"column":0},"end":{"line":105,"column":56}},"49":{"start":{"line":107,"column":24},"end":{"line":111,"column":1}},"50":{"start":{"line":114,"column":25},"end":{"line":126,"column":1}},"51":{"start":{"line":115,"column":25},"end":{"line":115,"column":78}},"52":{"start":{"line":116,"column":15},"end":{"line":116,"column":17}},"53":{"start":{"line":117,"column":4},"end":{"line":124,"column":5}},"54":{"start":{"line":118,"column":8},"end":{"line":118,"column":53}},"55":{"start":{"line":119,"column":8},"end":{"line":121,"column":9}},"56":{"start":{"line":120,"column":12},"end":{"line":120,"column":70}},"57":{"start":{"line":123,"column":8},"end":{"line":123,"column":142}},"58":{"start":{"line":125,"column":4},"end":{"line":125,"column":16}},"59":{"start":{"line":129,"column":23},"end":{"line":163,"column":1}},"60":{"start":{"line":130,"column":4},"end":{"line":130,"column":86}},"61":{"start":{"line":132,"column":4},"end":{"line":134,"column":80}},"62":{"start":{"line":133,"column":8},"end":{"line":133,"column":109}},"63":{"start":{"line":133,"column":20},"end":{"line":133,"column":109}},"64":{"start":{"line":134,"column":18},"end":{"line":134,"column":78}},"65":{"start":{"line":136,"column":4},"end":{"line":162,"column":5}},"66":{"start":{"line":137,"column":8},"end":{"line":161,"column":9}},"67":{"start":{"line":138,"column":25},"end":{"line":141,"column":13}},"68":{"start":{"line":144,"column":12},"end":{"line":155,"column":15}},"69":{"start":{"line":157,"column":12},"end":{"line":157,"column":83}},"70":{"start":{"line":159,"column":12},"end":{"line":159,"column":104}},"71":{"start":{"line":160,"column":12},"end":{"line":160,"column":24}},"72":{"start":{"line":167,"column":4},"end":{"line":167,"column":31}},"73":{"start":{"line":167,"column":19},"end":{"line":167,"column":31}},"74":{"start":{"line":168,"column":17},"end":{"line":168,"column":32}},"75":{"start":{"line":169,"column":4},"end":{"line":175,"column":32}},"76":{"start":{"line":170,"column":35},"end":{"line":170,"column":111}},"77":{"start":{"line":171,"column":8},"end":{"line":171,"column":41}},"78":{"start":{"line":171,"column":22},"end":{"line":171,"column":41}},"79":{"start":{"line":172,"column":41},"end":{"line":172,"column":111}},"80":{"start":{"line":173,"column":8},"end":{"line":173,"column":31}},"81":{"start":{"line":173,"column":19},"end":{"line":173,"column":31}},"82":{"start":{"line":174,"column":8},"end":{"line":174,"column":26}},"83":{"start":{"line":175,"column":18},"end":{"line":175,"column":30}},"84":{"start":{"line":178,"column":20},"end":{"line":181,"column":1}},"85":{"start":{"line":179,"column":4},"end":{"line":180,"column":61}},"86":{"start":{"line":179,"column":53},"end":{"line":179,"column":60}},"87":{"start":{"line":180,"column":9},"end":{"line":180,"column":61}},"88":{"start":{"line":183,"column":28},"end":{"line":206,"column":1}},"89":{"start":{"line":184,"column":4},"end":{"line":205,"column":7}},"90":{"start":{"line":185,"column":23},"end":{"line":185,"column":49}},"91":{"start":{"line":186,"column":21},"end":{"line":186,"column":23}},"92":{"start":{"line":187,"column":8},"end":{"line":187,"column":76}},"93":{"start":{"line":187,"column":55},"end":{"line":187,"column":76}},"94":{"start":{"line":188,"column":24},"end":{"line":191,"column":9}},"95":{"start":{"line":192,"column":20},"end":{"line":202,"column":10}},"96":{"start":{"line":193,"column":23},"end":{"line":193,"column":25}},"97":{"start":{"line":194,"column":12},"end":{"line":194,"column":58}},"98":{"start":{"line":194,"column":40},"end":{"line":194,"column":54}},"99":{"start":{"line":195,"column":12},"end":{"line":201,"column":15}},"100":{"start":{"line":196,"column":16},"end":{"line":196,"column":66}},"101":{"start":{"line":196,"column":44},"end":{"line":196,"column":66}},"102":{"start":{"line":197,"column":16},"end":{"line":200,"column":47}},"103":{"start":{"line":198,"column":35},"end":{"line":198,"column":51}},"104":{"start":{"line":199,"column":20},"end":{"line":199,"column":52}},"105":{"start":{"line":200,"column":30},"end":{"line":200,"column":45}},"106":{"start":{"line":203,"column":8},"end":{"line":203,"column":46}},"107":{"start":{"line":203,"column":30},"end":{"line":203,"column":44}},"108":{"start":{"line":204,"column":8},"end":{"line":204,"column":18}},"109":{"start":{"line":211,"column":0},"end":{"line":217,"column":3}},"110":{"start":{"line":212,"column":4},"end":{"line":216,"column":63}},"111":{"start":{"line":213,"column":32},"end":{"line":213,"column":112}},"112":{"start":{"line":214,"column":8},"end":{"line":214,"column":31}},"113":{"start":{"line":214,"column":19},"end":{"line":214,"column":31}},"114":{"start":{"line":215,"column":8},"end":{"line":215,"column":29}},"115":{"start":{"line":216,"column":18},"end":{"line":216,"column":61}},"116":{"start":{"line":219,"column":0},"end":{"line":225,"column":3}},"117":{"start":{"line":220,"column":4},"end":{"line":224,"column":63}},"118":{"start":{"line":221,"column":32},"end":{"line":221,"column":108}},"119":{"start":{"line":222,"column":8},"end":{"line":222,"column":31}},"120":{"start":{"line":222,"column":19},"end":{"line":222,"column":31}},"121":{"start":{"line":223,"column":8},"end":{"line":223,"column":29}},"122":{"start":{"line":224,"column":18},"end":{"line":224,"column":61}},"123":{"start":{"line":227,"column":0},"end":{"line":234,"column":3}},"124":{"start":{"line":228,"column":24},"end":{"line":228,"column":33}},"125":{"start":{"line":229,"column":16},"end":{"line":229,"column":110}},"126":{"start":{"line":230,"column":4},"end":{"line":230,"column":54}},"127":{"start":{"line":230,"column":17},"end":{"line":230,"column":54}},"128":{"start":{"line":231,"column":28},"end":{"line":231,"column":51}},"129":{"start":{"line":232,"column":4},"end":{"line":232,"column":69}},"130":{"start":{"line":232,"column":15},"end":{"line":232,"column":69}},"131":{"start":{"line":233,"column":4},"end":{"line":233,"column":25}},"132":{"start":{"line":236,"column":0},"end":{"line":242,"column":3}},"133":{"start":{"line":237,"column":4},"end":{"line":241,"column":63}},"134":{"start":{"line":238,"column":32},"end":{"line":238,"column":108}},"135":{"start":{"line":239,"column":8},"end":{"line":239,"column":31}},"136":{"start":{"line":239,"column":19},"end":{"line":239,"column":31}},"137":{"start":{"line":240,"column":8},"end":{"line":240,"column":29}},"138":{"start":{"line":241,"column":18},"end":{"line":241,"column":61}},"139":{"start":{"line":244,"column":0},"end":{"line":250,"column":3}},"140":{"start":{"line":245,"column":4},"end":{"line":249,"column":75}},"141":{"start":{"line":246,"column":23},"end":{"line":246,"column":84}},"142":{"start":{"line":247,"column":18},"end":{"line":247,"column":36}},"143":{"start":{"line":248,"column":8},"end":{"line":248,"column":108}},"144":{"start":{"line":249,"column":18},"end":{"line":249,"column":73}},"145":{"start":{"line":252,"column":0},"end":{"line":259,"column":3}},"146":{"start":{"line":253,"column":4},"end":{"line":258,"column":63}},"147":{"start":{"line":254,"column":34},"end":{"line":254,"column":109}},"148":{"start":{"line":255,"column":34},"end":{"line":255,"column":107}},"149":{"start":{"line":256,"column":32},"end":{"line":256,"column":124}},"150":{"start":{"line":257,"column":8},"end":{"line":257,"column":100}},"151":{"start":{"line":258,"column":18},"end":{"line":258,"column":61}},"152":{"start":{"line":261,"column":0},"end":{"line":267,"column":3}},"153":{"start":{"line":262,"column":4},"end":{"line":266,"column":63}},"154":{"start":{"line":263,"column":32},"end":{"line":263,"column":106}},"155":{"start":{"line":264,"column":8},"end":{"line":264,"column":31}},"156":{"start":{"line":264,"column":19},"end":{"line":264,"column":31}},"157":{"start":{"line":265,"column":8},"end":{"line":265,"column":29}},"158":{"start":{"line":266,"column":18},"end":{"line":266,"column":61}},"159":{"start":{"line":269,"column":0},"end":{"line":275,"column":3}},"160":{"start":{"line":270,"column":4},"end":{"line":274,"column":63}},"161":{"start":{"line":271,"column":32},"end":{"line":271,"column":130}},"162":{"start":{"line":272,"column":8},"end":{"line":272,"column":31}},"163":{"start":{"line":272,"column":19},"end":{"line":272,"column":31}},"164":{"start":{"line":273,"column":8},"end":{"line":273,"column":29}},"165":{"start":{"line":274,"column":18},"end":{"line":274,"column":61}},"166":{"start":{"line":277,"column":0},"end":{"line":284,"column":3}},"167":{"start":{"line":278,"column":28},"end":{"line":278,"column":37}},"168":{"start":{"line":279,"column":16},"end":{"line":279,"column":129}},"169":{"start":{"line":280,"column":4},"end":{"line":280,"column":107}},"170":{"start":{"line":280,"column":52},"end":{"line":280,"column":107}},"171":{"start":{"line":281,"column":28},"end":{"line":281,"column":39}},"172":{"start":{"line":282,"column":4},"end":{"line":282,"column":69}},"173":{"start":{"line":282,"column":15},"end":{"line":282,"column":69}},"174":{"start":{"line":283,"column":4},"end":{"line":283,"column":25}},"175":{"start":{"line":286,"column":0},"end":{"line":290,"column":3}},"176":{"start":{"line":287,"column":28},"end":{"line":287,"column":181}},"177":{"start":{"line":288,"column":4},"end":{"line":288,"column":73}},"178":{"start":{"line":288,"column":15},"end":{"line":288,"column":73}},"179":{"start":{"line":289,"column":4},"end":{"line":289,"column":19}},"180":{"start":{"line":292,"column":0},"end":{"line":300,"column":3}},"181":{"start":{"line":293,"column":20},"end":{"line":293,"column":28}},"182":{"start":{"line":294,"column":4},"end":{"line":294,"column":49}},"183":{"start":{"line":294,"column":29},"end":{"line":294,"column":49}},"184":{"start":{"line":295,"column":21},"end":{"line":298,"column":22}},"185":{"start":{"line":299,"column":4},"end":{"line":299,"column":25}},"186":{"start":{"line":302,"column":0},"end":{"line":308,"column":3}},"187":{"start":{"line":303,"column":18},"end":{"line":303,"column":27}},"188":{"start":{"line":304,"column":4},"end":{"line":304,"column":78}},"189":{"start":{"line":304,"column":28},"end":{"line":304,"column":78}},"190":{"start":{"line":305,"column":31},"end":{"line":305,"column":167}},"191":{"start":{"line":306,"column":33},"end":{"line":306,"column":124}},"192":{"start":{"line":307,"column":4},"end":{"line":307,"column":73}},"193":{"start":{"line":313,"column":0},"end":{"line":385,"column":3}},"194":{"start":{"line":314,"column":52},"end":{"line":314,"column":60}},"195":{"start":{"line":315,"column":4},"end":{"line":317,"column":5}},"196":{"start":{"line":316,"column":8},"end":{"line":316,"column":87}},"197":{"start":{"line":318,"column":4},"end":{"line":384,"column":5}},"198":{"start":{"line":319,"column":34},"end":{"line":319,"column":35}},"199":{"start":{"line":321,"column":35},"end":{"line":325,"column":26}},"200":{"start":{"line":326,"column":8},"end":{"line":328,"column":9}},"201":{"start":{"line":327,"column":12},"end":{"line":327,"column":104}},"202":{"start":{"line":330,"column":58},"end":{"line":334,"column":26}},"203":{"start":{"line":335,"column":8},"end":{"line":337,"column":9}},"204":{"start":{"line":336,"column":12},"end":{"line":336,"column":70}},"205":{"start":{"line":339,"column":21},"end":{"line":339,"column":41}},"206":{"start":{"line":340,"column":21},"end":{"line":340,"column":41}},"207":{"start":{"line":341,"column":21},"end":{"line":341,"column":48}},"208":{"start":{"line":342,"column":21},"end":{"line":342,"column":48}},"209":{"start":{"line":344,"column":8},"end":{"line":346,"column":9}},"210":{"start":{"line":345,"column":12},"end":{"line":345,"column":86}},"211":{"start":{"line":348,"column":39},"end":{"line":348,"column":107}},"212":{"start":{"line":349,"column":27},"end":{"line":349,"column":44}},"213":{"start":{"line":351,"column":21},"end":{"line":351,"column":24}},"214":{"start":{"line":353,"column":8},"end":{"line":357,"column":25}},"215":{"start":{"line":353,"column":28},"end":{"line":353,"column":40}},"216":{"start":{"line":354,"column":13},"end":{"line":357,"column":25}},"217":{"start":{"line":354,"column":34},"end":{"line":354,"column":46}},"218":{"start":{"line":355,"column":13},"end":{"line":357,"column":25}},"219":{"start":{"line":355,"column":34},"end":{"line":355,"column":46}},"220":{"start":{"line":356,"column":13},"end":{"line":357,"column":25}},"221":{"start":{"line":356,"column":35},"end":{"line":356,"column":47}},"222":{"start":{"line":357,"column":13},"end":{"line":357,"column":25}},"223":{"start":{"line":359,"column":23},"end":{"line":359,"column":59}},"224":{"start":{"line":361,"column":26},"end":{"line":361,"column":30}},"225":{"start":{"line":362,"column":8},"end":{"line":365,"column":9}},"226":{"start":{"line":363,"column":12},"end":{"line":363,"column":69}},"227":{"start":{"line":364,"column":12},"end":{"line":364,"column":63}},"228":{"start":{"line":364,"column":40},"end":{"line":364,"column":63}},"229":{"start":{"line":367,"column":8},"end":{"line":380,"column":11}},"230":{"start":{"line":382,"column":8},"end":{"line":382,"column":25}},"231":{"start":{"line":383,"column":8},"end":{"line":383,"column":51}},"232":{"start":{"line":390,"column":0},"end":{"line":404,"column":3}},"233":{"start":{"line":391,"column":4},"end":{"line":403,"column":5}},"234":{"start":{"line":392,"column":32},"end":{"line":398,"column":45}},"235":{"start":{"line":399,"column":8},"end":{"line":399,"column":31}},"236":{"start":{"line":399,"column":19},"end":{"line":399,"column":31}},"237":{"start":{"line":400,"column":8},"end":{"line":400,"column":29}},"238":{"start":{"line":402,"column":8},"end":{"line":402,"column":51}},"239":{"start":{"line":406,"column":0},"end":{"line":412,"column":3}},"240":{"start":{"line":407,"column":4},"end":{"line":411,"column":63}},"241":{"start":{"line":408,"column":40},"end":{"line":408,"column":48}},"242":{"start":{"line":409,"column":32},"end":{"line":409,"column":116}},"243":{"start":{"line":410,"column":8},"end":{"line":410,"column":31}},"244":{"start":{"line":410,"column":19},"end":{"line":410,"column":31}},"245":{"start":{"line":410,"column":32},"end":{"line":410,"column":47}},"246":{"start":{"line":411,"column":18},"end":{"line":411,"column":61}},"247":{"start":{"line":414,"column":0},"end":{"line":419,"column":3}},"248":{"start":{"line":415,"column":4},"end":{"line":418,"column":63}},"249":{"start":{"line":416,"column":26},"end":{"line":416,"column":139}},"250":{"start":{"line":417,"column":8},"end":{"line":417,"column":31}},"251":{"start":{"line":417,"column":19},"end":{"line":417,"column":31}},"252":{"start":{"line":417,"column":32},"end":{"line":417,"column":60}},"253":{"start":{"line":418,"column":18},"end":{"line":418,"column":61}},"254":{"start":{"line":421,"column":0},"end":{"line":426,"column":3}},"255":{"start":{"line":422,"column":4},"end":{"line":425,"column":63}},"256":{"start":{"line":423,"column":25},"end":{"line":423,"column":109}},"257":{"start":{"line":424,"column":8},"end":{"line":424,"column":26}},"258":{"start":{"line":425,"column":18},"end":{"line":425,"column":61}},"259":{"start":{"line":428,"column":0},"end":{"line":433,"column":3}},"260":{"start":{"line":429,"column":2},"end":{"line":432,"column":61}},"261":{"start":{"line":430,"column":21},"end":{"line":430,"column":79}},"262":{"start":{"line":431,"column":4},"end":{"line":431,"column":22}},"263":{"start":{"line":432,"column":16},"end":{"line":432,"column":59}},"264":{"start":{"line":435,"column":0},"end":{"line":438,"column":3}},"265":{"start":{"line":436,"column":21},"end":{"line":436,"column":200}},"266":{"start":{"line":437,"column":4},"end":{"line":437,"column":25}},"267":{"start":{"line":443,"column":0},"end":{"line":456,"column":3}},"268":{"start":{"line":444,"column":41},"end":{"line":444,"column":49}},"269":{"start":{"line":445,"column":19},"end":{"line":445,"column":32}},"270":{"start":{"line":446,"column":4},"end":{"line":455,"column":87}},"271":{"start":{"line":447,"column":34},"end":{"line":450,"column":10}},"272":{"start":{"line":451,"column":8},"end":{"line":451,"column":94}},"273":{"start":{"line":451,"column":22},"end":{"line":451,"column":94}},"274":{"start":{"line":452,"column":26},"end":{"line":452,"column":110}},"275":{"start":{"line":453,"column":8},"end":{"line":453,"column":31}},"276":{"start":{"line":453,"column":19},"end":{"line":453,"column":31}},"277":{"start":{"line":454,"column":8},"end":{"line":454,"column":71}},"278":{"start":{"line":455,"column":18},"end":{"line":455,"column":85}},"279":{"start":{"line":458,"column":0},"end":{"line":501,"column":3}},"280":{"start":{"line":459,"column":4},"end":{"line":500,"column":81}},"281":{"start":{"line":460,"column":97},"end":{"line":460,"column":105}},"282":{"start":{"line":461,"column":24},"end":{"line":461,"column":71}},"283":{"start":{"line":462,"column":8},"end":{"line":462,"column":95}},"284":{"start":{"line":462,"column":22},"end":{"line":462,"column":95}},"285":{"start":{"line":464,"column":26},"end":{"line":464,"column":45}},"286":{"start":{"line":465,"column":23},"end":{"line":465,"column":50}},"287":{"start":{"line":467,"column":21},"end":{"line":467,"column":77}},"288":{"start":{"line":468,"column":35},"end":{"line":468,"column":100}},"289":{"start":{"line":470,"column":8},"end":{"line":476,"column":9}},"290":{"start":{"line":471,"column":12},"end":{"line":471,"column":110}},"291":{"start":{"line":471,"column":40},"end":{"line":471,"column":110}},"292":{"start":{"line":472,"column":29},"end":{"line":474,"column":45}},"293":{"start":{"line":475,"column":12},"end":{"line":475,"column":37}},"294":{"start":{"line":478,"column":32},"end":{"line":482,"column":20}},"295":{"start":{"line":484,"column":8},"end":{"line":484,"column":31}},"296":{"start":{"line":484,"column":19},"end":{"line":484,"column":31}},"297":{"start":{"line":486,"column":8},"end":{"line":498,"column":9}},"298":{"start":{"line":487,"column":26},"end":{"line":487,"column":64}},"299":{"start":{"line":488,"column":30},"end":{"line":488,"column":74}},"300":{"start":{"line":489,"column":12},"end":{"line":489,"column":120}},"301":{"start":{"line":490,"column":31},"end":{"line":490,"column":125}},"302":{"start":{"line":491,"column":12},"end":{"line":497,"column":15}},"303":{"start":{"line":499,"column":8},"end":{"line":499,"column":69}},"304":{"start":{"line":500,"column":18},"end":{"line":500,"column":35}},"305":{"start":{"line":500,"column":36},"end":{"line":500,"column":79}},"306":{"start":{"line":503,"column":0},"end":{"line":587,"column":3}},"307":{"start":{"line":504,"column":4},"end":{"line":586,"column":5}},"308":{"start":{"line":505,"column":96},"end":{"line":505,"column":104}},"309":{"start":{"line":507,"column":8},"end":{"line":507,"column":83}},"310":{"start":{"line":507,"column":25},"end":{"line":507,"column":83}},"311":{"start":{"line":508,"column":8},"end":{"line":508,"column":126}},"312":{"start":{"line":508,"column":46},"end":{"line":508,"column":126}},"313":{"start":{"line":510,"column":26},"end":{"line":510,"column":45}},"314":{"start":{"line":511,"column":23},"end":{"line":511,"column":50}},"315":{"start":{"line":513,"column":21},"end":{"line":513,"column":84}},"316":{"start":{"line":514,"column":35},"end":{"line":514,"column":100}},"317":{"start":{"line":516,"column":8},"end":{"line":548,"column":9}},"318":{"start":{"line":517,"column":12},"end":{"line":517,"column":110}},"319":{"start":{"line":517,"column":40},"end":{"line":517,"column":110}},"320":{"start":{"line":519,"column":60},"end":{"line":527,"column":54}},"321":{"start":{"line":529,"column":12},"end":{"line":529,"column":43}},"322":{"start":{"line":529,"column":27},"end":{"line":529,"column":43}},"323":{"start":{"line":531,"column":12},"end":{"line":545,"column":13}},"324":{"start":{"line":532,"column":30},"end":{"line":532,"column":68}},"325":{"start":{"line":533,"column":34},"end":{"line":533,"column":78}},"326":{"start":{"line":534,"column":16},"end":{"line":534,"column":126}},"327":{"start":{"line":535,"column":35},"end":{"line":535,"column":129}},"328":{"start":{"line":536,"column":16},"end":{"line":544,"column":19}},"329":{"start":{"line":547,"column":12},"end":{"line":547,"column":41}},"330":{"start":{"line":550,"column":52},"end":{"line":562,"column":29}},"331":{"start":{"line":564,"column":8},"end":{"line":564,"column":39}},"332":{"start":{"line":564,"column":23},"end":{"line":564,"column":39}},"333":{"start":{"line":566,"column":8},"end":{"line":580,"column":9}},"334":{"start":{"line":567,"column":26},"end":{"line":567,"column":64}},"335":{"start":{"line":568,"column":30},"end":{"line":568,"column":74}},"336":{"start":{"line":569,"column":12},"end":{"line":569,"column":121}},"337":{"start":{"line":570,"column":31},"end":{"line":570,"column":125}},"338":{"start":{"line":571,"column":12},"end":{"line":579,"column":15}},"339":{"start":{"line":582,"column":8},"end":{"line":582,"column":26}},"340":{"start":{"line":584,"column":8},"end":{"line":584,"column":25}},"341":{"start":{"line":585,"column":8},"end":{"line":585,"column":82}},"342":{"start":{"line":589,"column":0},"end":{"line":601,"column":3}},"343":{"start":{"line":590,"column":22},"end":{"line":590,"column":31}},"344":{"start":{"line":591,"column":4},"end":{"line":600,"column":5}},"345":{"start":{"line":592,"column":32},"end":{"line":592,"column":182}},"346":{"start":{"line":593,"column":8},"end":{"line":593,"column":87}},"347":{"start":{"line":593,"column":20},"end":{"line":593,"column":87}},"348":{"start":{"line":594,"column":8},"end":{"line":594,"column":97}},"349":{"start":{"line":595,"column":8},"end":{"line":595,"column":95}},"350":{"start":{"line":596,"column":8},"end":{"line":596,"column":45}},"351":{"start":{"line":598,"column":8},"end":{"line":598,"column":25}},"352":{"start":{"line":599,"column":8},"end":{"line":599,"column":53}},"353":{"start":{"line":603,"column":0},"end":{"line":610,"column":3}},"354":{"start":{"line":604,"column":32},"end":{"line":604,"column":40}},"355":{"start":{"line":605,"column":27},"end":{"line":605,"column":130}},"356":{"start":{"line":606,"column":4},"end":{"line":606,"column":80}},"357":{"start":{"line":606,"column":15},"end":{"line":606,"column":80}},"358":{"start":{"line":607,"column":30},"end":{"line":607,"column":122}},"359":{"start":{"line":608,"column":4},"end":{"line":608,"column":76}},"360":{"start":{"line":608,"column":18},"end":{"line":608,"column":76}},"361":{"start":{"line":609,"column":4},"end":{"line":609,"column":19}},"362":{"start":{"line":612,"column":0},"end":{"line":616,"column":3}},"363":{"start":{"line":613,"column":28},"end":{"line":613,"column":115}},"364":{"start":{"line":614,"column":4},"end":{"line":614,"column":75}},"365":{"start":{"line":614,"column":15},"end":{"line":614,"column":75}},"366":{"start":{"line":615,"column":4},"end":{"line":615,"column":19}},"367":{"start":{"line":618,"column":0},"end":{"line":656,"column":3}},"368":{"start":{"line":619,"column":66},"end":{"line":619,"column":74}},"369":{"start":{"line":620,"column":20},"end":{"line":620,"column":75}},"370":{"start":{"line":622,"column":4},"end":{"line":655,"column":5}},"371":{"start":{"line":623,"column":8},"end":{"line":627,"column":9}},"372":{"start":{"line":624,"column":12},"end":{"line":624,"column":47}},"373":{"start":{"line":625,"column":15},"end":{"line":627,"column":9}},"374":{"start":{"line":626,"column":12},"end":{"line":626,"column":67}},"375":{"start":{"line":629,"column":8},"end":{"line":635,"column":9}},"376":{"start":{"line":630,"column":12},"end":{"line":634,"column":13}},"377":{"start":{"line":631,"column":16},"end":{"line":631,"column":39}},"378":{"start":{"line":633,"column":16},"end":{"line":633,"column":96}},"379":{"start":{"line":637,"column":8},"end":{"line":639,"column":9}},"380":{"start":{"line":638,"column":12},"end":{"line":638,"column":53}},"381":{"start":{"line":641,"column":32},"end":{"line":646,"column":21}},"382":{"start":{"line":648,"column":8},"end":{"line":648,"column":31}},"383":{"start":{"line":648,"column":19},"end":{"line":648,"column":31}},"384":{"start":{"line":649,"column":8},"end":{"line":649,"column":84}},"385":{"start":{"line":649,"column":19},"end":{"line":649,"column":84}},"386":{"start":{"line":651,"column":8},"end":{"line":651,"column":23}},"387":{"start":{"line":653,"column":8},"end":{"line":653,"column":25}},"388":{"start":{"line":654,"column":8},"end":{"line":654,"column":81}},"389":{"start":{"line":661,"column":0},"end":{"line":664,"column":3}},"390":{"start":{"line":662,"column":21},"end":{"line":662,"column":144}},"391":{"start":{"line":663,"column":4},"end":{"line":663,"column":25}},"392":{"start":{"line":666,"column":0},"end":{"line":669,"column":3}},"393":{"start":{"line":667,"column":4},"end":{"line":667,"column":82}},"394":{"start":{"line":668,"column":4},"end":{"line":668,"column":32}},"395":{"start":{"line":671,"column":0},"end":{"line":689,"column":3}},"396":{"start":{"line":672,"column":22},"end":{"line":672,"column":30}},"397":{"start":{"line":673,"column":4},"end":{"line":688,"column":88}},"398":{"start":{"line":674,"column":31},"end":{"line":674,"column":117}},"399":{"start":{"line":675,"column":8},"end":{"line":675,"column":99}},"400":{"start":{"line":675,"column":19},"end":{"line":675,"column":99}},"401":{"start":{"line":676,"column":22},"end":{"line":676,"column":60}},"402":{"start":{"line":677,"column":26},"end":{"line":677,"column":70}},"403":{"start":{"line":678,"column":8},"end":{"line":678,"column":114}},"404":{"start":{"line":679,"column":26},"end":{"line":679,"column":120}},"405":{"start":{"line":680,"column":8},"end":{"line":686,"column":11}},"406":{"start":{"line":687,"column":8},"end":{"line":687,"column":36}},"407":{"start":{"line":688,"column":18},"end":{"line":688,"column":35}},"408":{"start":{"line":688,"column":36},"end":{"line":688,"column":86}},"409":{"start":{"line":691,"column":0},"end":{"line":703,"column":3}},"410":{"start":{"line":692,"column":35},"end":{"line":692,"column":43}},"411":{"start":{"line":693,"column":4},"end":{"line":702,"column":5}},"412":{"start":{"line":694,"column":32},"end":{"line":694,"column":182}},"413":{"start":{"line":695,"column":8},"end":{"line":695,"column":98}},"414":{"start":{"line":695,"column":20},"end":{"line":695,"column":98}},"415":{"start":{"line":696,"column":8},"end":{"line":696,"column":100}},"416":{"start":{"line":697,"column":8},"end":{"line":697,"column":95}},"417":{"start":{"line":698,"column":8},"end":{"line":698,"column":36}},"418":{"start":{"line":700,"column":8},"end":{"line":700,"column":25}},"419":{"start":{"line":701,"column":8},"end":{"line":701,"column":57}},"420":{"start":{"line":708,"column":0},"end":{"line":859,"column":3}},"421":{"start":{"line":709,"column":99},"end":{"line":709,"column":107}},"422":{"start":{"line":711,"column":4},"end":{"line":858,"column":5}},"423":{"start":{"line":712,"column":51},"end":{"line":716,"column":21}},"424":{"start":{"line":717,"column":8},"end":{"line":719,"column":9}},"425":{"start":{"line":718,"column":12},"end":{"line":718,"column":70}},"426":{"start":{"line":720,"column":29},"end":{"line":720,"column":47}},"427":{"start":{"line":722,"column":55},"end":{"line":725,"column":10}},"428":{"start":{"line":726,"column":8},"end":{"line":728,"column":9}},"429":{"start":{"line":727,"column":12},"end":{"line":727,"column":78}},"430":{"start":{"line":729,"column":30},"end":{"line":729,"column":48}},"431":{"start":{"line":731,"column":25},"end":{"line":731,"column":26}},"432":{"start":{"line":732,"column":26},"end":{"line":732,"column":28}},"433":{"start":{"line":734,"column":8},"end":{"line":809,"column":9}},"434":{"start":{"line":735,"column":57},"end":{"line":739,"column":25}},"435":{"start":{"line":740,"column":12},"end":{"line":742,"column":13}},"436":{"start":{"line":741,"column":16},"end":{"line":741,"column":96}},"437":{"start":{"line":743,"column":26},"end":{"line":743,"column":65}},"438":{"start":{"line":744,"column":12},"end":{"line":744,"column":48}},"439":{"start":{"line":746,"column":36},"end":{"line":746,"column":40}},"440":{"start":{"line":748,"column":47},"end":{"line":751,"column":44}},"441":{"start":{"line":752,"column":37},"end":{"line":752,"column":68}},"442":{"start":{"line":752,"column":63},"end":{"line":752,"column":67}},"443":{"start":{"line":754,"column":12},"end":{"line":766,"column":13}},"444":{"start":{"line":755,"column":45},"end":{"line":762,"column":34}},"445":{"start":{"line":763,"column":16},"end":{"line":765,"column":17}},"446":{"start":{"line":764,"column":20},"end":{"line":764,"column":64}},"447":{"start":{"line":768,"column":12},"end":{"line":782,"column":13}},"448":{"start":{"line":769,"column":49},"end":{"line":776,"column":34}},"449":{"start":{"line":777,"column":16},"end":{"line":781,"column":17}},"450":{"start":{"line":778,"column":20},"end":{"line":778,"column":68}},"451":{"start":{"line":780,"column":20},"end":{"line":780,"column":120}},"452":{"start":{"line":784,"column":43},"end":{"line":789,"column":25}},"453":{"start":{"line":790,"column":12},"end":{"line":792,"column":13}},"454":{"start":{"line":791,"column":16},"end":{"line":791,"column":122}},"455":{"start":{"line":794,"column":41},"end":{"line":798,"column":54}},"456":{"start":{"line":799,"column":12},"end":{"line":801,"column":13}},"457":{"start":{"line":800,"column":16},"end":{"line":800,"column":87}},"458":{"start":{"line":803,"column":12},"end":{"line":808,"column":15}},"459":{"start":{"line":811,"column":27},"end":{"line":811,"column":53}},"460":{"start":{"line":813,"column":45},"end":{"line":823,"column":20}},"461":{"start":{"line":825,"column":8},"end":{"line":827,"column":9}},"462":{"start":{"line":826,"column":12},"end":{"line":826,"column":79}},"463":{"start":{"line":829,"column":36},"end":{"line":831,"column":9}},"464":{"start":{"line":830,"column":32},"end":{"line":830,"column":63}},"465":{"start":{"line":832,"column":8},"end":{"line":834,"column":9}},"466":{"start":{"line":833,"column":12},"end":{"line":833,"column":90}},"467":{"start":{"line":836,"column":8},"end":{"line":852,"column":9}},"468":{"start":{"line":837,"column":29},"end":{"line":837,"column":37}},"469":{"start":{"line":838,"column":12},"end":{"line":851,"column":82}},"470":{"start":{"line":851,"column":28},"end":{"line":851,"column":80}},"471":{"start":{"line":854,"column":8},"end":{"line":854,"column":102}},"472":{"start":{"line":856,"column":8},"end":{"line":856,"column":27}},"473":{"start":{"line":857,"column":8},"end":{"line":857,"column":69}},"474":{"start":{"line":861,"column":0},"end":{"line":872,"column":3}},"475":{"start":{"line":862,"column":4},"end":{"line":871,"column":5}},"476":{"start":{"line":863,"column":25},"end":{"line":867,"column":54}},"477":{"start":{"line":868,"column":8},"end":{"line":868,"column":29}},"478":{"start":{"line":870,"column":8},"end":{"line":870,"column":51}},"479":{"start":{"line":874,"column":0},"end":{"line":895,"column":3}},"480":{"start":{"line":875,"column":24},"end":{"line":875,"column":32}},"481":{"start":{"line":876,"column":4},"end":{"line":894,"column":5}},"482":{"start":{"line":877,"column":49},"end":{"line":881,"column":26}},"483":{"start":{"line":882,"column":8},"end":{"line":882,"column":90}},"484":{"start":{"line":882,"column":32},"end":{"line":882,"column":90}},"485":{"start":{"line":883,"column":8},"end":{"line":883,"column":105}},"486":{"start":{"line":883,"column":45},"end":{"line":883,"column":105}},"487":{"start":{"line":885,"column":8},"end":{"line":888,"column":29}},"488":{"start":{"line":890,"column":8},"end":{"line":890,"column":36}},"489":{"start":{"line":892,"column":8},"end":{"line":892,"column":25}},"490":{"start":{"line":893,"column":8},"end":{"line":893,"column":51}},"491":{"start":{"line":900,"column":0},"end":{"line":959,"column":3}},"492":{"start":{"line":901,"column":20},"end":{"line":901,"column":33}},"493":{"start":{"line":902,"column":19},"end":{"line":902,"column":43}},"494":{"start":{"line":903,"column":4},"end":{"line":903,"column":81}},"495":{"start":{"line":903,"column":17},"end":{"line":903,"column":81}},"496":{"start":{"line":905,"column":4},"end":{"line":958,"column":5}},"497":{"start":{"line":906,"column":49},"end":{"line":911,"column":26}},"498":{"start":{"line":912,"column":8},"end":{"line":914,"column":9}},"499":{"start":{"line":913,"column":12},"end":{"line":913,"column":90}},"500":{"start":{"line":916,"column":36},"end":{"line":916,"column":44}},"501":{"start":{"line":917,"column":8},"end":{"line":919,"column":9}},"502":{"start":{"line":918,"column":12},"end":{"line":918,"column":87}},"503":{"start":{"line":921,"column":32},"end":{"line":924,"column":36}},"504":{"start":{"line":926,"column":8},"end":{"line":944,"column":9}},"505":{"start":{"line":927,"column":12},"end":{"line":943,"column":13}},"506":{"start":{"line":928,"column":16},"end":{"line":942,"column":17}},"507":{"start":{"line":929,"column":44},"end":{"line":934,"column":38}},"508":{"start":{"line":935,"column":20},"end":{"line":941,"column":21}},"509":{"start":{"line":936,"column":24},"end":{"line":940,"column":67}},"510":{"start":{"line":946,"column":52},"end":{"line":951,"column":21}},"511":{"start":{"line":952,"column":8},"end":{"line":952,"column":39}},"512":{"start":{"line":952,"column":23},"end":{"line":952,"column":39}},"513":{"start":{"line":954,"column":8},"end":{"line":954,"column":26}},"514":{"start":{"line":956,"column":8},"end":{"line":956,"column":25}},"515":{"start":{"line":957,"column":8},"end":{"line":957,"column":51}},"516":{"start":{"line":961,"column":0},"end":{"line":974,"column":3}},"517":{"start":{"line":962,"column":36},"end":{"line":962,"column":44}},"518":{"start":{"line":963,"column":4},"end":{"line":973,"column":5}},"519":{"start":{"line":964,"column":32},"end":{"line":967,"column":10}},"520":{"start":{"line":968,"column":8},"end":{"line":968,"column":31}},"521":{"start":{"line":968,"column":19},"end":{"line":968,"column":31}},"522":{"start":{"line":969,"column":8},"end":{"line":969,"column":23}},"523":{"start":{"line":971,"column":8},"end":{"line":971,"column":25}},"524":{"start":{"line":972,"column":8},"end":{"line":972,"column":51}},"525":{"start":{"line":976,"column":0},"end":{"line":980,"column":3}},"526":{"start":{"line":977,"column":24},"end":{"line":977,"column":32}},"527":{"start":{"line":978,"column":27},"end":{"line":978,"column":139}},"528":{"start":{"line":979,"column":4},"end":{"line":979,"column":51}},"529":{"start":{"line":982,"column":0},"end":{"line":988,"column":3}},"530":{"start":{"line":983,"column":32},"end":{"line":983,"column":41}},"531":{"start":{"line":984,"column":4},"end":{"line":987,"column":5}},"532":{"start":{"line":985,"column":8},"end":{"line":985,"column":91}},"533":{"start":{"line":986,"column":8},"end":{"line":986,"column":58}},"534":{"start":{"line":993,"column":0},"end":{"line":1019,"column":3}},"535":{"start":{"line":994,"column":42},"end":{"line":994,"column":50}},"536":{"start":{"line":995,"column":4},"end":{"line":1018,"column":5}},"537":{"start":{"line":996,"column":35},"end":{"line":1001,"column":26}},"538":{"start":{"line":1003,"column":8},"end":{"line":1005,"column":9}},"539":{"start":{"line":1004,"column":12},"end":{"line":1004,"column":139}},"540":{"start":{"line":1007,"column":32},"end":{"line":1011,"column":21}},"541":{"start":{"line":1013,"column":8},"end":{"line":1013,"column":31}},"542":{"start":{"line":1013,"column":19},"end":{"line":1013,"column":31}},"543":{"start":{"line":1014,"column":8},"end":{"line":1014,"column":23}},"544":{"start":{"line":1016,"column":8},"end":{"line":1016,"column":25}},"545":{"start":{"line":1017,"column":8},"end":{"line":1017,"column":51}},"546":{"start":{"line":1021,"column":0},"end":{"line":1087,"column":3}},"547":{"start":{"line":1022,"column":23},"end":{"line":1022,"column":31}},"548":{"start":{"line":1023,"column":22},"end":{"line":1023,"column":35}},"549":{"start":{"line":1025,"column":4},"end":{"line":1086,"column":5}},"550":{"start":{"line":1026,"column":51},"end":{"line":1030,"column":21}},"551":{"start":{"line":1032,"column":8},"end":{"line":1032,"column":94}},"552":{"start":{"line":1032,"column":34},"end":{"line":1032,"column":94}},"553":{"start":{"line":1034,"column":8},"end":{"line":1058,"column":9}},"554":{"start":{"line":1035,"column":36},"end":{"line":1038,"column":49}},"555":{"start":{"line":1040,"column":12},"end":{"line":1056,"column":13}},"556":{"start":{"line":1041,"column":16},"end":{"line":1055,"column":17}},"557":{"start":{"line":1042,"column":20},"end":{"line":1054,"column":21}},"558":{"start":{"line":1043,"column":48},"end":{"line":1048,"column":42}},"559":{"start":{"line":1049,"column":24},"end":{"line":1053,"column":25}},"560":{"start":{"line":1050,"column":28},"end":{"line":1052,"column":103}},"561":{"start":{"line":1057,"column":12},"end":{"line":1057,"column":109}},"562":{"start":{"line":1060,"column":52},"end":{"line":1065,"column":21}},"563":{"start":{"line":1067,"column":8},"end":{"line":1067,"column":39}},"564":{"start":{"line":1067,"column":23},"end":{"line":1067,"column":39}},"565":{"start":{"line":1069,"column":27},"end":{"line":1069,"column":48}},"566":{"start":{"line":1070,"column":8},"end":{"line":1080,"column":11}},"567":{"start":{"line":1082,"column":8},"end":{"line":1082,"column":26}},"568":{"start":{"line":1084,"column":8},"end":{"line":1084,"column":25}},"569":{"start":{"line":1085,"column":8},"end":{"line":1085,"column":51}},"570":{"start":{"line":1089,"column":0},"end":{"line":1138,"column":3}},"571":{"start":{"line":1090,"column":20},"end":{"line":1090,"column":33}},"572":{"start":{"line":1091,"column":19},"end":{"line":1091,"column":43}},"573":{"start":{"line":1092,"column":23},"end":{"line":1092,"column":31}},"574":{"start":{"line":1094,"column":4},"end":{"line":1094,"column":73}},"575":{"start":{"line":1094,"column":17},"end":{"line":1094,"column":73}},"576":{"start":{"line":1095,"column":4},"end":{"line":1095,"column":126}},"577":{"start":{"line":1095,"column":38},"end":{"line":1095,"column":126}},"578":{"start":{"line":1097,"column":4},"end":{"line":1137,"column":5}},"579":{"start":{"line":1098,"column":49},"end":{"line":1103,"column":21}},"580":{"start":{"line":1105,"column":8},"end":{"line":1105,"column":90}},"581":{"start":{"line":1105,"column":32},"end":{"line":1105,"column":90}},"582":{"start":{"line":1107,"column":8},"end":{"line":1109,"column":9}},"583":{"start":{"line":1108,"column":12},"end":{"line":1108,"column":114}},"584":{"start":{"line":1111,"column":35},"end":{"line":1116,"column":26}},"585":{"start":{"line":1118,"column":8},"end":{"line":1118,"column":93}},"586":{"start":{"line":1118,"column":22},"end":{"line":1118,"column":93}},"587":{"start":{"line":1120,"column":37},"end":{"line":1122,"column":88}},"588":{"start":{"line":1124,"column":8},"end":{"line":1124,"column":39}},"589":{"start":{"line":1124,"column":23},"end":{"line":1124,"column":39}},"590":{"start":{"line":1126,"column":8},"end":{"line":1131,"column":12}},"591":{"start":{"line":1133,"column":8},"end":{"line":1133,"column":63}},"592":{"start":{"line":1135,"column":8},"end":{"line":1135,"column":25}},"593":{"start":{"line":1136,"column":8},"end":{"line":1136,"column":51}},"594":{"start":{"line":1143,"column":0},"end":{"line":1156,"column":3}},"595":{"start":{"line":1144,"column":4},"end":{"line":1155,"column":5}},"596":{"start":{"line":1145,"column":21},"end":{"line":1145,"column":29}},"597":{"start":{"line":1146,"column":24},"end":{"line":1146,"column":69}},"598":{"start":{"line":1147,"column":25},"end":{"line":1147,"column":91}},"599":{"start":{"line":1148,"column":26},"end":{"line":1148,"column":134}},"600":{"start":{"line":1149,"column":8},"end":{"line":1149,"column":31}},"601":{"start":{"line":1149,"column":19},"end":{"line":1149,"column":31}},"602":{"start":{"line":1150,"column":34},"end":{"line":1150,"column":97}},"603":{"start":{"line":1151,"column":8},"end":{"line":1151,"column":45}},"604":{"start":{"line":1153,"column":8},"end":{"line":1153,"column":27}},"605":{"start":{"line":1154,"column":8},"end":{"line":1154,"column":53}},"606":{"start":{"line":1158,"column":0},"end":{"line":1168,"column":3}},"607":{"start":{"line":1159,"column":4},"end":{"line":1167,"column":5}},"608":{"start":{"line":1160,"column":37},"end":{"line":1160,"column":47}},"609":{"start":{"line":1161,"column":26},"end":{"line":1161,"column":80}},"610":{"start":{"line":1162,"column":8},"end":{"line":1162,"column":31}},"611":{"start":{"line":1162,"column":19},"end":{"line":1162,"column":31}},"612":{"start":{"line":1163,"column":8},"end":{"line":1163,"column":60}},"613":{"start":{"line":1165,"column":8},"end":{"line":1165,"column":27}},"614":{"start":{"line":1166,"column":8},"end":{"line":1166,"column":53}},"615":{"start":{"line":1171,"column":0},"end":{"line":1203,"column":3}},"616":{"start":{"line":1172,"column":39},"end":{"line":1172,"column":47}},"617":{"start":{"line":1173,"column":4},"end":{"line":1175,"column":5}},"618":{"start":{"line":1174,"column":8},"end":{"line":1174,"column":71}},"619":{"start":{"line":1177,"column":4},"end":{"line":1202,"column":5}},"620":{"start":{"line":1178,"column":8},"end":{"line":1195,"column":11}},"621":{"start":{"line":1197,"column":8},"end":{"line":1197,"column":69}},"622":{"start":{"line":1199,"column":8},"end":{"line":1199,"column":25}},"623":{"start":{"line":1200,"column":8},"end":{"line":1200,"column":86}},"624":{"start":{"line":1201,"column":8},"end":{"line":1201,"column":93}},"625":{"start":{"line":1205,"column":0},"end":{"line":1221,"column":3}},"626":{"start":{"line":1206,"column":36},"end":{"line":1206,"column":44}},"627":{"start":{"line":1207,"column":4},"end":{"line":1209,"column":5}},"628":{"start":{"line":1208,"column":8},"end":{"line":1208,"column":83}},"629":{"start":{"line":1210,"column":4},"end":{"line":1220,"column":5}},"630":{"start":{"line":1211,"column":32},"end":{"line":1214,"column":10}},"631":{"start":{"line":1215,"column":8},"end":{"line":1215,"column":31}},"632":{"start":{"line":1215,"column":19},"end":{"line":1215,"column":31}},"633":{"start":{"line":1216,"column":8},"end":{"line":1216,"column":23}},"634":{"start":{"line":1218,"column":8},"end":{"line":1218,"column":25}},"635":{"start":{"line":1219,"column":8},"end":{"line":1219,"column":51}},"636":{"start":{"line":1226,"column":0},"end":{"line":1236,"column":3}},"637":{"start":{"line":1227,"column":21},"end":{"line":1227,"column":30}},"638":{"start":{"line":1228,"column":17},"end":{"line":1228,"column":114}},"639":{"start":{"line":1229,"column":4},"end":{"line":1229,"column":71}},"640":{"start":{"line":1229,"column":51},"end":{"line":1229,"column":71}},"641":{"start":{"line":1230,"column":4},"end":{"line":1235,"column":5}},"642":{"start":{"line":1231,"column":22},"end":{"line":1231,"column":107}},"643":{"start":{"line":1232,"column":8},"end":{"line":1232,"column":58}},"644":{"start":{"line":1232,"column":32},"end":{"line":1232,"column":45}},"645":{"start":{"line":1234,"column":8},"end":{"line":1234,"column":21}},"646":{"start":{"line":1238,"column":0},"end":{"line":1255,"column":3}},"647":{"start":{"line":1239,"column":4},"end":{"line":1254,"column":5}},"648":{"start":{"line":1240,"column":32},"end":{"line":1247,"column":46}},"649":{"start":{"line":1249,"column":8},"end":{"line":1249,"column":31}},"650":{"start":{"line":1249,"column":19},"end":{"line":1249,"column":31}},"651":{"start":{"line":1250,"column":8},"end":{"line":1250,"column":29}},"652":{"start":{"line":1252,"column":8},"end":{"line":1252,"column":25}},"653":{"start":{"line":1253,"column":8},"end":{"line":1253,"column":51}},"654":{"start":{"line":1257,"column":0},"end":{"line":1285,"column":3}},"655":{"start":{"line":1258,"column":4},"end":{"line":1284,"column":5}},"656":{"start":{"line":1260,"column":8},"end":{"line":1276,"column":9}},"657":{"start":{"line":1261,"column":12},"end":{"line":1261,"column":69}},"658":{"start":{"line":1262,"column":15},"end":{"line":1276,"column":9}},"659":{"start":{"line":1263,"column":12},"end":{"line":1263,"column":74}},"660":{"start":{"line":1264,"column":15},"end":{"line":1276,"column":9}},"661":{"start":{"line":1265,"column":12},"end":{"line":1265,"column":93}},"662":{"start":{"line":1266,"column":15},"end":{"line":1276,"column":9}},"663":{"start":{"line":1267,"column":12},"end":{"line":1267,"column":114}},"664":{"start":{"line":1268,"column":15},"end":{"line":1276,"column":9}},"665":{"start":{"line":1269,"column":12},"end":{"line":1269,"column":93}},"666":{"start":{"line":1270,"column":15},"end":{"line":1276,"column":9}},"667":{"start":{"line":1271,"column":12},"end":{"line":1271,"column":95}},"668":{"start":{"line":1272,"column":15},"end":{"line":1276,"column":9}},"669":{"start":{"line":1273,"column":12},"end":{"line":1273,"column":90}},"670":{"start":{"line":1275,"column":12},"end":{"line":1275,"column":64}},"671":{"start":{"line":1278,"column":32},"end":{"line":1278,"column":77}},"672":{"start":{"line":1279,"column":8},"end":{"line":1279,"column":31}},"673":{"start":{"line":1279,"column":19},"end":{"line":1279,"column":31}},"674":{"start":{"line":1280,"column":8},"end":{"line":1280,"column":29}},"675":{"start":{"line":1282,"column":8},"end":{"line":1282,"column":25}},"676":{"start":{"line":1283,"column":8},"end":{"line":1283,"column":51}},"677":{"start":{"line":1287,"column":0},"end":{"line":1296,"column":3}},"678":{"start":{"line":1288,"column":4},"end":{"line":1295,"column":5}},"679":{"start":{"line":1289,"column":32},"end":{"line":1289,"column":97}},"680":{"start":{"line":1290,"column":8},"end":{"line":1290,"column":31}},"681":{"start":{"line":1290,"column":19},"end":{"line":1290,"column":31}},"682":{"start":{"line":1291,"column":8},"end":{"line":1291,"column":34}},"683":{"start":{"line":1293,"column":8},"end":{"line":1293,"column":25}},"684":{"start":{"line":1294,"column":8},"end":{"line":1294,"column":51}},"685":{"start":{"line":1298,"column":0},"end":{"line":1307,"column":3}},"686":{"start":{"line":1299,"column":4},"end":{"line":1306,"column":5}},"687":{"start":{"line":1300,"column":32},"end":{"line":1300,"column":119}},"688":{"start":{"line":1301,"column":8},"end":{"line":1301,"column":31}},"689":{"start":{"line":1301,"column":19},"end":{"line":1301,"column":31}},"690":{"start":{"line":1302,"column":8},"end":{"line":1302,"column":26}},"691":{"start":{"line":1304,"column":8},"end":{"line":1304,"column":25}},"692":{"start":{"line":1305,"column":8},"end":{"line":1305,"column":51}},"693":{"start":{"line":1309,"column":0},"end":{"line":1355,"column":3}},"694":{"start":{"line":1310,"column":20},"end":{"line":1310,"column":33}},"695":{"start":{"line":1312,"column":4},"end":{"line":1354,"column":5}},"696":{"start":{"line":1313,"column":49},"end":{"line":1316,"column":36}},"697":{"start":{"line":1318,"column":8},"end":{"line":1318,"column":37}},"698":{"start":{"line":1318,"column":22},"end":{"line":1318,"column":37}},"699":{"start":{"line":1320,"column":8},"end":{"line":1345,"column":9}},"700":{"start":{"line":1321,"column":12},"end":{"line":1344,"column":13}},"701":{"start":{"line":1322,"column":16},"end":{"line":1343,"column":17}},"702":{"start":{"line":1323,"column":65},"end":{"line":1328,"column":38}},"703":{"start":{"line":1330,"column":20},"end":{"line":1333,"column":21}},"704":{"start":{"line":1331,"column":24},"end":{"line":1331,"column":90}},"705":{"start":{"line":1332,"column":24},"end":{"line":1332,"column":33}},"706":{"start":{"line":1334,"column":35},"end":{"line":1334,"column":77}},"707":{"start":{"line":1335,"column":49},"end":{"line":1339,"column":62}},"708":{"start":{"line":1340,"column":20},"end":{"line":1342,"column":21}},"709":{"start":{"line":1341,"column":24},"end":{"line":1341,"column":98}},"710":{"start":{"line":1347,"column":37},"end":{"line":1347,"column":93}},"711":{"start":{"line":1348,"column":8},"end":{"line":1348,"column":39}},"712":{"start":{"line":1348,"column":23},"end":{"line":1348,"column":39}},"713":{"start":{"line":1350,"column":8},"end":{"line":1350,"column":81}},"714":{"start":{"line":1352,"column":8},"end":{"line":1352,"column":25}},"715":{"start":{"line":1353,"column":8},"end":{"line":1353,"column":70}},"716":{"start":{"line":1357,"column":0},"end":{"line":1366,"column":3}},"717":{"start":{"line":1358,"column":4},"end":{"line":1365,"column":5}},"718":{"start":{"line":1359,"column":26},"end":{"line":1359,"column":96}},"719":{"start":{"line":1360,"column":8},"end":{"line":1360,"column":31}},"720":{"start":{"line":1360,"column":19},"end":{"line":1360,"column":31}},"721":{"start":{"line":1361,"column":8},"end":{"line":1361,"column":36}},"722":{"start":{"line":1363,"column":8},"end":{"line":1363,"column":25}},"723":{"start":{"line":1364,"column":8},"end":{"line":1364,"column":51}},"724":{"start":{"line":1368,"column":0},"end":{"line":1466,"column":3}},"725":{"start":{"line":1369,"column":48},"end":{"line":1369,"column":56}},"726":{"start":{"line":1370,"column":20},"end":{"line":1370,"column":33}},"727":{"start":{"line":1372,"column":4},"end":{"line":1465,"column":5}},"728":{"start":{"line":1373,"column":52},"end":{"line":1377,"column":21}},"729":{"start":{"line":1378,"column":8},"end":{"line":1378,"column":80}},"730":{"start":{"line":1378,"column":22},"end":{"line":1378,"column":80}},"731":{"start":{"line":1381,"column":12},"end":{"line":1382,"column":56}},"732":{"start":{"line":1384,"column":57},"end":{"line":1389,"column":21}},"733":{"start":{"line":1390,"column":8},"end":{"line":1390,"column":39}},"734":{"start":{"line":1390,"column":23},"end":{"line":1390,"column":39}},"735":{"start":{"line":1392,"column":8},"end":{"line":1416,"column":9}},"736":{"start":{"line":1393,"column":41},"end":{"line":1396,"column":40}},"737":{"start":{"line":1398,"column":12},"end":{"line":1415,"column":13}},"738":{"start":{"line":1399,"column":16},"end":{"line":1414,"column":17}},"739":{"start":{"line":1400,"column":48},"end":{"line":1405,"column":38}},"740":{"start":{"line":1406,"column":20},"end":{"line":1413,"column":21}},"741":{"start":{"line":1407,"column":39},"end":{"line":1407,"column":73}},"742":{"start":{"line":1408,"column":24},"end":{"line":1412,"column":67}},"743":{"start":{"line":1418,"column":8},"end":{"line":1459,"column":9}},"744":{"start":{"line":1419,"column":12},"end":{"line":1431,"column":15}},"745":{"start":{"line":1432,"column":15},"end":{"line":1459,"column":9}},"746":{"start":{"line":1433,"column":12},"end":{"line":1444,"column":15}},"747":{"start":{"line":1445,"column":15},"end":{"line":1459,"column":9}},"748":{"start":{"line":1446,"column":12},"end":{"line":1458,"column":15}},"749":{"start":{"line":1461,"column":8},"end":{"line":1461,"column":31}},"750":{"start":{"line":1463,"column":8},"end":{"line":1463,"column":25}},"751":{"start":{"line":1464,"column":8},"end":{"line":1464,"column":51}},"752":{"start":{"line":1469,"column":0},"end":{"line":1471,"column":3}},"753":{"start":{"line":1470,"column":4},"end":{"line":1470,"column":63}},"754":{"start":{"line":1473,"column":0},"end":{"line":1475,"column":3}},"755":{"start":{"line":1474,"column":4},"end":{"line":1474,"column":63}},"756":{"start":{"line":1478,"column":0},"end":{"line":1482,"column":3}},"757":{"start":{"line":1479,"column":4},"end":{"line":1479,"column":23}},"758":{"start":{"line":1480,"column":4},"end":{"line":1480,"column":51}},"759":{"start":{"line":1481,"column":4},"end":{"line":1481,"column":98}},"760":{"start":{"line":1486,"column":0},"end":{"line":1491,"column":1}},"761":{"start":{"line":1487,"column":19},"end":{"line":1487,"column":110}},"762":{"start":{"line":1487,"column":42},"end":{"line":1487,"column":109}},"763":{"start":{"line":1488,"column":4},"end":{"line":1488,"column":24}},"764":{"start":{"line":1490,"column":4},"end":{"line":1490,"column":22}},"765":{"start":{"line":1493,"column":0},"end":{"line":1493,"column":21}}},"fnMap":{"0":{"name":"(anonymous_0)","decl":{"start":{"line":56,"column":52},"end":{"line":56,"column":53}},"loc":{"start":{"line":56,"column":57},"end":{"line":58,"column":1}},"line":56},"1":{"name":"(anonymous_1)","decl":{"start":{"line":60,"column":17},"end":{"line":60,"column":18}},"loc":{"start":{"line":60,"column":37},"end":{"line":69,"column":1}},"line":60},"2":{"name":"(anonymous_2)","decl":{"start":{"line":66,"column":35},"end":{"line":66,"column":36}},"loc":{"start":{"line":66,"column":44},"end":{"line":68,"column":5}},"line":66},"3":{"name":"(anonymous_3)","decl":{"start":{"line":71,"column":17},"end":{"line":71,"column":18}},"loc":{"start":{"line":71,"column":38},"end":{"line":81,"column":1}},"line":71},"4":{"name":"(anonymous_4)","decl":{"start":{"line":84,"column":8},"end":{"line":84,"column":9}},"loc":{"start":{"line":84,"column":28},"end":{"line":103,"column":1}},"line":84},"5":{"name":"(anonymous_5)","decl":{"start":{"line":86,"column":25},"end":{"line":86,"column":26}},"loc":{"start":{"line":86,"column":31},"end":{"line":100,"column":9}},"line":86},"6":{"name":"(anonymous_6)","decl":{"start":{"line":114,"column":25},"end":{"line":114,"column":26}},"loc":{"start":{"line":114,"column":59},"end":{"line":126,"column":1}},"line":114},"7":{"name":"(anonymous_7)","decl":{"start":{"line":129,"column":23},"end":{"line":129,"column":24}},"loc":{"start":{"line":129,"column":107},"end":{"line":163,"column":1}},"line":129},"8":{"name":"getOrCreateCity","decl":{"start":{"line":166,"column":15},"end":{"line":166,"column":30}},"loc":{"start":{"line":166,"column":41},"end":{"line":176,"column":1}},"line":166},"9":{"name":"(anonymous_9)","decl":{"start":{"line":178,"column":20},"end":{"line":178,"column":21}},"loc":{"start":{"line":178,"column":40},"end":{"line":181,"column":1}},"line":178},"10":{"name":"(anonymous_10)","decl":{"start":{"line":183,"column":28},"end":{"line":183,"column":29}},"loc":{"start":{"line":183,"column":43},"end":{"line":206,"column":1}},"line":183},"11":{"name":"(anonymous_11)","decl":{"start":{"line":184,"column":23},"end":{"line":184,"column":24}},"loc":{"start":{"line":184,"column":36},"end":{"line":205,"column":5}},"line":184},"12":{"name":"(anonymous_12)","decl":{"start":{"line":192,"column":43},"end":{"line":192,"column":44}},"loc":{"start":{"line":192,"column":52},"end":{"line":202,"column":9}},"line":192},"13":{"name":"(anonymous_13)","decl":{"start":{"line":194,"column":27},"end":{"line":194,"column":28}},"loc":{"start":{"line":194,"column":38},"end":{"line":194,"column":56}},"line":194},"14":{"name":"(anonymous_14)","decl":{"start":{"line":195,"column":26},"end":{"line":195,"column":27}},"loc":{"start":{"line":195,"column":32},"end":{"line":201,"column":13}},"line":195},"15":{"name":"(anonymous_15)","decl":{"start":{"line":203,"column":24},"end":{"line":203,"column":25}},"loc":{"start":{"line":203,"column":30},"end":{"line":203,"column":44}},"line":203},"16":{"name":"(anonymous_16)","decl":{"start":{"line":211,"column":27},"end":{"line":211,"column":28}},"loc":{"start":{"line":211,"column":47},"end":{"line":217,"column":1}},"line":211},"17":{"name":"(anonymous_17)","decl":{"start":{"line":219,"column":23},"end":{"line":219,"column":24}},"loc":{"start":{"line":219,"column":43},"end":{"line":225,"column":1}},"line":219},"18":{"name":"(anonymous_18)","decl":{"start":{"line":227,"column":27},"end":{"line":227,"column":28}},"loc":{"start":{"line":227,"column":47},"end":{"line":234,"column":1}},"line":227},"19":{"name":"(anonymous_19)","decl":{"start":{"line":236,"column":23},"end":{"line":236,"column":24}},"loc":{"start":{"line":236,"column":43},"end":{"line":242,"column":1}},"line":236},"20":{"name":"(anonymous_20)","decl":{"start":{"line":244,"column":35},"end":{"line":244,"column":36}},"loc":{"start":{"line":244,"column":55},"end":{"line":250,"column":1}},"line":244},"21":{"name":"(anonymous_21)","decl":{"start":{"line":252,"column":37},"end":{"line":252,"column":38}},"loc":{"start":{"line":252,"column":57},"end":{"line":259,"column":1}},"line":252},"22":{"name":"(anonymous_22)","decl":{"start":{"line":261,"column":33},"end":{"line":261,"column":34}},"loc":{"start":{"line":261,"column":53},"end":{"line":267,"column":1}},"line":261},"23":{"name":"(anonymous_23)","decl":{"start":{"line":269,"column":36},"end":{"line":269,"column":37}},"loc":{"start":{"line":269,"column":56},"end":{"line":275,"column":1}},"line":269},"24":{"name":"(anonymous_24)","decl":{"start":{"line":277,"column":25},"end":{"line":277,"column":26}},"loc":{"start":{"line":277,"column":45},"end":{"line":284,"column":1}},"line":277},"25":{"name":"(anonymous_25)","decl":{"start":{"line":286,"column":29},"end":{"line":286,"column":30}},"loc":{"start":{"line":286,"column":49},"end":{"line":290,"column":1}},"line":286},"26":{"name":"(anonymous_26)","decl":{"start":{"line":292,"column":33},"end":{"line":292,"column":34}},"loc":{"start":{"line":292,"column":53},"end":{"line":300,"column":1}},"line":292},"27":{"name":"(anonymous_27)","decl":{"start":{"line":302,"column":30},"end":{"line":302,"column":31}},"loc":{"start":{"line":302,"column":50},"end":{"line":308,"column":1}},"line":302},"28":{"name":"(anonymous_28)","decl":{"start":{"line":313,"column":37},"end":{"line":313,"column":38}},"loc":{"start":{"line":313,"column":57},"end":{"line":385,"column":1}},"line":313},"29":{"name":"(anonymous_29)","decl":{"start":{"line":390,"column":33},"end":{"line":390,"column":34}},"loc":{"start":{"line":390,"column":53},"end":{"line":404,"column":1}},"line":390},"30":{"name":"(anonymous_30)","decl":{"start":{"line":406,"column":26},"end":{"line":406,"column":27}},"loc":{"start":{"line":406,"column":46},"end":{"line":412,"column":1}},"line":406},"31":{"name":"(anonymous_31)","decl":{"start":{"line":414,"column":47},"end":{"line":414,"column":48}},"loc":{"start":{"line":414,"column":67},"end":{"line":419,"column":1}},"line":414},"32":{"name":"(anonymous_32)","decl":{"start":{"line":421,"column":25},"end":{"line":421,"column":26}},"loc":{"start":{"line":421,"column":45},"end":{"line":426,"column":1}},"line":421},"33":{"name":"(anonymous_33)","decl":{"start":{"line":428,"column":44},"end":{"line":428,"column":45}},"loc":{"start":{"line":428,"column":64},"end":{"line":433,"column":1}},"line":428},"34":{"name":"(anonymous_34)","decl":{"start":{"line":435,"column":35},"end":{"line":435,"column":36}},"loc":{"start":{"line":435,"column":55},"end":{"line":438,"column":1}},"line":435},"35":{"name":"(anonymous_35)","decl":{"start":{"line":443,"column":43},"end":{"line":443,"column":44}},"loc":{"start":{"line":443,"column":63},"end":{"line":456,"column":1}},"line":443},"36":{"name":"(anonymous_36)","decl":{"start":{"line":458,"column":32},"end":{"line":458,"column":33}},"loc":{"start":{"line":458,"column":52},"end":{"line":501,"column":1}},"line":458},"37":{"name":"(anonymous_37)","decl":{"start":{"line":503,"column":42},"end":{"line":503,"column":43}},"loc":{"start":{"line":503,"column":62},"end":{"line":587,"column":1}},"line":503},"38":{"name":"(anonymous_38)","decl":{"start":{"line":589,"column":35},"end":{"line":589,"column":36}},"loc":{"start":{"line":589,"column":55},"end":{"line":601,"column":1}},"line":589},"39":{"name":"(anonymous_39)","decl":{"start":{"line":603,"column":29},"end":{"line":603,"column":30}},"loc":{"start":{"line":603,"column":49},"end":{"line":610,"column":1}},"line":603},"40":{"name":"(anonymous_40)","decl":{"start":{"line":612,"column":34},"end":{"line":612,"column":35}},"loc":{"start":{"line":612,"column":54},"end":{"line":616,"column":1}},"line":612},"41":{"name":"(anonymous_41)","decl":{"start":{"line":618,"column":34},"end":{"line":618,"column":35}},"loc":{"start":{"line":618,"column":54},"end":{"line":656,"column":1}},"line":618},"42":{"name":"(anonymous_42)","decl":{"start":{"line":661,"column":38},"end":{"line":661,"column":39}},"loc":{"start":{"line":661,"column":58},"end":{"line":664,"column":1}},"line":661},"43":{"name":"(anonymous_43)","decl":{"start":{"line":666,"column":36},"end":{"line":666,"column":37}},"loc":{"start":{"line":666,"column":56},"end":{"line":669,"column":1}},"line":666},"44":{"name":"(anonymous_44)","decl":{"start":{"line":671,"column":46},"end":{"line":671,"column":47}},"loc":{"start":{"line":671,"column":66},"end":{"line":689,"column":1}},"line":671},"45":{"name":"(anonymous_45)","decl":{"start":{"line":691,"column":38},"end":{"line":691,"column":39}},"loc":{"start":{"line":691,"column":58},"end":{"line":703,"column":1}},"line":691},"46":{"name":"(anonymous_46)","decl":{"start":{"line":708,"column":24},"end":{"line":708,"column":25}},"loc":{"start":{"line":708,"column":44},"end":{"line":859,"column":1}},"line":708},"47":{"name":"(anonymous_47)","decl":{"start":{"line":752,"column":58},"end":{"line":752,"column":59}},"loc":{"start":{"line":752,"column":63},"end":{"line":752,"column":67}},"line":752},"48":{"name":"(anonymous_48)","decl":{"start":{"line":830,"column":26},"end":{"line":830,"column":27}},"loc":{"start":{"line":830,"column":32},"end":{"line":830,"column":63}},"line":830},"49":{"name":"(anonymous_49)","decl":{"start":{"line":851,"column":21},"end":{"line":851,"column":22}},"loc":{"start":{"line":851,"column":28},"end":{"line":851,"column":80}},"line":851},"50":{"name":"(anonymous_50)","decl":{"start":{"line":861,"column":31},"end":{"line":861,"column":32}},"loc":{"start":{"line":861,"column":51},"end":{"line":872,"column":1}},"line":861},"51":{"name":"(anonymous_51)","decl":{"start":{"line":874,"column":33},"end":{"line":874,"column":34}},"loc":{"start":{"line":874,"column":53},"end":{"line":895,"column":1}},"line":874},"52":{"name":"(anonymous_52)","decl":{"start":{"line":900,"column":29},"end":{"line":900,"column":30}},"loc":{"start":{"line":900,"column":49},"end":{"line":959,"column":1}},"line":900},"53":{"name":"(anonymous_53)","decl":{"start":{"line":961,"column":49},"end":{"line":961,"column":50}},"loc":{"start":{"line":961,"column":69},"end":{"line":974,"column":1}},"line":961},"54":{"name":"(anonymous_54)","decl":{"start":{"line":976,"column":38},"end":{"line":976,"column":39}},"loc":{"start":{"line":976,"column":58},"end":{"line":980,"column":1}},"line":976},"55":{"name":"(anonymous_55)","decl":{"start":{"line":982,"column":37},"end":{"line":982,"column":38}},"loc":{"start":{"line":982,"column":57},"end":{"line":988,"column":1}},"line":982},"56":{"name":"(anonymous_56)","decl":{"start":{"line":993,"column":52},"end":{"line":993,"column":53}},"loc":{"start":{"line":993,"column":72},"end":{"line":1019,"column":1}},"line":993},"57":{"name":"(anonymous_57)","decl":{"start":{"line":1021,"column":55},"end":{"line":1021,"column":56}},"loc":{"start":{"line":1021,"column":75},"end":{"line":1087,"column":1}},"line":1021},"58":{"name":"(anonymous_58)","decl":{"start":{"line":1089,"column":35},"end":{"line":1089,"column":36}},"loc":{"start":{"line":1089,"column":55},"end":{"line":1138,"column":1}},"line":1089},"59":{"name":"(anonymous_59)","decl":{"start":{"line":1143,"column":55},"end":{"line":1143,"column":56}},"loc":{"start":{"line":1143,"column":75},"end":{"line":1156,"column":1}},"line":1143},"60":{"name":"(anonymous_60)","decl":{"start":{"line":1158,"column":58},"end":{"line":1158,"column":59}},"loc":{"start":{"line":1158,"column":78},"end":{"line":1168,"column":1}},"line":1158},"61":{"name":"(anonymous_61)","decl":{"start":{"line":1171,"column":31},"end":{"line":1171,"column":32}},"loc":{"start":{"line":1171,"column":51},"end":{"line":1203,"column":1}},"line":1171},"62":{"name":"(anonymous_62)","decl":{"start":{"line":1205,"column":42},"end":{"line":1205,"column":43}},"loc":{"start":{"line":1205,"column":62},"end":{"line":1221,"column":1}},"line":1205},"63":{"name":"(anonymous_63)","decl":{"start":{"line":1226,"column":47},"end":{"line":1226,"column":48}},"loc":{"start":{"line":1226,"column":61},"end":{"line":1236,"column":1}},"line":1226},"64":{"name":"(anonymous_64)","decl":{"start":{"line":1232,"column":27},"end":{"line":1232,"column":28}},"loc":{"start":{"line":1232,"column":32},"end":{"line":1232,"column":45}},"line":1232},"65":{"name":"(anonymous_65)","decl":{"start":{"line":1238,"column":45},"end":{"line":1238,"column":46}},"loc":{"start":{"line":1238,"column":65},"end":{"line":1255,"column":1}},"line":1238},"66":{"name":"(anonymous_66)","decl":{"start":{"line":1257,"column":42},"end":{"line":1257,"column":43}},"loc":{"start":{"line":1257,"column":62},"end":{"line":1285,"column":1}},"line":1257},"67":{"name":"(anonymous_67)","decl":{"start":{"line":1287,"column":43},"end":{"line":1287,"column":44}},"loc":{"start":{"line":1287,"column":63},"end":{"line":1296,"column":1}},"line":1287},"68":{"name":"(anonymous_68)","decl":{"start":{"line":1298,"column":46},"end":{"line":1298,"column":47}},"loc":{"start":{"line":1298,"column":66},"end":{"line":1307,"column":1}},"line":1298},"69":{"name":"(anonymous_69)","decl":{"start":{"line":1309,"column":49},"end":{"line":1309,"column":50}},"loc":{"start":{"line":1309,"column":69},"end":{"line":1355,"column":1}},"line":1309},"70":{"name":"(anonymous_70)","decl":{"start":{"line":1357,"column":49},"end":{"line":1357,"column":50}},"loc":{"start":{"line":1357,"column":69},"end":{"line":1366,"column":1}},"line":1357},"71":{"name":"(anonymous_71)","decl":{"start":{"line":1368,"column":55},"end":{"line":1368,"column":56}},"loc":{"start":{"line":1368,"column":75},"end":{"line":1466,"column":1}},"line":1368},"72":{"name":"(anonymous_72)","decl":{"start":{"line":1469,"column":24},"end":{"line":1469,"column":25}},"loc":{"start":{"line":1469,"column":38},"end":{"line":1471,"column":1}},"line":1469},"73":{"name":"(anonymous_73)","decl":{"start":{"line":1473,"column":13},"end":{"line":1473,"column":14}},"loc":{"start":{"line":1473,"column":27},"end":{"line":1475,"column":1}},"line":1473},"74":{"name":"(anonymous_74)","decl":{"start":{"line":1478,"column":8},"end":{"line":1478,"column":9}},"loc":{"start":{"line":1478,"column":33},"end":{"line":1482,"column":1}},"line":1478},"75":{"name":"(anonymous_75)","decl":{"start":{"line":1487,"column":36},"end":{"line":1487,"column":37}},"loc":{"start":{"line":1487,"column":42},"end":{"line":1487,"column":109}},"line":1487}},"branchMap":{"0":{"loc":{"start":{"line":21,"column":0},"end":{"line":25,"column":1}},"type":"if","locations":[{"start":{"line":21,"column":0},"end":{"line":25,"column":1}},{"start":{"line":23,"column":7},"end":{"line":25,"column":1}}],"line":21},"1":{"loc":{"start":{"line":21,"column":4},"end":{"line":21,"column":50}},"type":"binary-expr","locations":[{"start":{"line":21,"column":4},"end":{"line":21,"column":16}},{"start":{"line":21,"column":20},"end":{"line":21,"column":50}}],"line":21},"2":{"loc":{"start":{"line":32,"column":13},"end":{"line":32,"column":37}},"type":"binary-expr","locations":[{"start":{"line":32,"column":13},"end":{"line":32,"column":29}},{"start":{"line":32,"column":33},"end":{"line":32,"column":37}}],"line":32},"3":{"loc":{"start":{"line":33,"column":21},"end":{"line":33,"column":76}},"type":"binary-expr","locations":[{"start":{"line":33,"column":21},"end":{"line":33,"column":45}},{"start":{"line":33,"column":49},"end":{"line":33,"column":76}}],"line":33},"4":{"loc":{"start":{"line":55,"column":0},"end":{"line":55,"column":53}},"type":"if","locations":[{"start":{"line":55,"column":0},"end":{"line":55,"column":53}},{"start":{},"end":{}}],"line":55},"5":{"loc":{"start":{"line":57,"column":4},"end":{"line":57,"column":51}},"type":"if","locations":[{"start":{"line":57,"column":4},"end":{"line":57,"column":51}},{"start":{},"end":{}}],"line":57},"6":{"loc":{"start":{"line":67,"column":8},"end":{"line":67,"column":59}},"type":"if","locations":[{"start":{"line":67,"column":8},"end":{"line":67,"column":59}},{"start":{},"end":{}}],"line":67},"7":{"loc":{"start":{"line":71,"column":23},"end":{"line":71,"column":33}},"type":"default-arg","locations":[{"start":{"line":71,"column":29},"end":{"line":71,"column":33}}],"line":71},"8":{"loc":{"start":{"line":76,"column":13},"end":{"line":76,"column":45}},"type":"cond-expr","locations":[{"start":{"line":76,"column":19},"end":{"line":76,"column":34}},{"start":{"line":76,"column":37},"end":{"line":76,"column":45}}],"line":76},"9":{"loc":{"start":{"line":77,"column":16},"end":{"line":77,"column":40}},"type":"cond-expr","locations":[{"start":{"line":77,"column":22},"end":{"line":77,"column":32}},{"start":{"line":77,"column":35},"end":{"line":77,"column":40}}],"line":77},"10":{"loc":{"start":{"line":78,"column":14},"end":{"line":78,"column":68}},"type":"cond-expr","locations":[{"start":{"line":78,"column":21},"end":{"line":78,"column":56}},{"start":{"line":78,"column":60},"end":{"line":78,"column":68}}],"line":78},"11":{"loc":{"start":{"line":78,"column":21},"end":{"line":78,"column":56}},"type":"binary-expr","locations":[{"start":{"line":78,"column":21},"end":{"line":78,"column":45}},{"start":{"line":78,"column":49},"end":{"line":78,"column":56}}],"line":78},"12":{"loc":{"start":{"line":79,"column":12},"end":{"line":79,"column":38}},"type":"cond-expr","locations":[{"start":{"line":79,"column":18},"end":{"line":79,"column":24}},{"start":{"line":79,"column":27},"end":{"line":79,"column":38}}],"line":79},"13":{"loc":{"start":{"line":85,"column":4},"end":{"line":101,"column":5}},"type":"if","locations":[{"start":{"line":85,"column":4},"end":{"line":101,"column":5}},{"start":{},"end":{}}],"line":85},"14":{"loc":{"start":{"line":87,"column":12},"end":{"line":99,"column":13}},"type":"if","locations":[{"start":{"line":87,"column":12},"end":{"line":99,"column":13}},{"start":{},"end":{}}],"line":87},"15":{"loc":{"start":{"line":87,"column":16},"end":{"line":87,"column":61}},"type":"binary-expr","locations":[{"start":{"line":87,"column":16},"end":{"line":87,"column":37}},{"start":{"line":87,"column":41},"end":{"line":87,"column":61}}],"line":87},"16":{"loc":{"start":{"line":93,"column":28},"end":{"line":93,"column":63}},"type":"binary-expr","locations":[{"start":{"line":93,"column":28},"end":{"line":93,"column":52}},{"start":{"line":93,"column":56},"end":{"line":93,"column":63}}],"line":93},"17":{"loc":{"start":{"line":94,"column":30},"end":{"line":94,"column":71}},"type":"binary-expr","locations":[{"start":{"line":94,"column":30},"end":{"line":94,"column":56}},{"start":{"line":94,"column":60},"end":{"line":94,"column":71}}],"line":94},"18":{"loc":{"start":{"line":114,"column":40},"end":{"line":114,"column":54}},"type":"default-arg","locations":[{"start":{"line":114,"column":52},"end":{"line":114,"column":54}}],"line":114},"19":{"loc":{"start":{"line":117,"column":4},"end":{"line":124,"column":5}},"type":"if","locations":[{"start":{"line":117,"column":4},"end":{"line":124,"column":5}},{"start":{"line":122,"column":11},"end":{"line":124,"column":5}}],"line":117},"20":{"loc":{"start":{"line":123,"column":51},"end":{"line":123,"column":93}},"type":"binary-expr","locations":[{"start":{"line":123,"column":51},"end":{"line":123,"column":68}},{"start":{"line":123,"column":72},"end":{"line":123,"column":93}}],"line":123},"21":{"loc":{"start":{"line":123,"column":111},"end":{"line":123,"column":131}},"type":"binary-expr","locations":[{"start":{"line":123,"column":111},"end":{"line":123,"column":125}},{"start":{"line":123,"column":129},"end":{"line":123,"column":131}}],"line":123},"22":{"loc":{"start":{"line":129,"column":83},"end":{"line":129,"column":100}},"type":"default-arg","locations":[{"start":{"line":129,"column":98},"end":{"line":129,"column":100}}],"line":129},"23":{"loc":{"start":{"line":133,"column":8},"end":{"line":133,"column":109}},"type":"if","locations":[{"start":{"line":133,"column":8},"end":{"line":133,"column":109}},{"start":{},"end":{}}],"line":133},"24":{"loc":{"start":{"line":136,"column":4},"end":{"line":162,"column":5}},"type":"if","locations":[{"start":{"line":136,"column":4},"end":{"line":162,"column":5}},{"start":{},"end":{}}],"line":136},"25":{"loc":{"start":{"line":139,"column":16},"end":{"line":139,"column":59}},"type":"binary-expr","locations":[{"start":{"line":139,"column":16},"end":{"line":139,"column":28}},{"start":{"line":139,"column":32},"end":{"line":139,"column":59}}],"line":139},"26":{"loc":{"start":{"line":159,"column":73},"end":{"line":159,"column":102}},"type":"binary-expr","locations":[{"start":{"line":159,"column":73},"end":{"line":159,"column":89}},{"start":{"line":159,"column":93},"end":{"line":159,"column":102}}],"line":159},"27":{"loc":{"start":{"line":167,"column":4},"end":{"line":167,"column":31}},"type":"if","locations":[{"start":{"line":167,"column":4},"end":{"line":167,"column":31}},{"start":{},"end":{}}],"line":167},"28":{"loc":{"start":{"line":171,"column":8},"end":{"line":171,"column":41}},"type":"if","locations":[{"start":{"line":171,"column":8},"end":{"line":171,"column":41}},{"start":{},"end":{}}],"line":171},"29":{"loc":{"start":{"line":173,"column":8},"end":{"line":173,"column":31}},"type":"if","locations":[{"start":{"line":173,"column":8},"end":{"line":173,"column":31}},{"start":{},"end":{}}],"line":173},"30":{"loc":{"start":{"line":179,"column":4},"end":{"line":180,"column":61}},"type":"if","locations":[{"start":{"line":179,"column":4},"end":{"line":180,"column":61}},{"start":{"line":180,"column":9},"end":{"line":180,"column":61}}],"line":179},"31":{"loc":{"start":{"line":187,"column":8},"end":{"line":187,"column":76}},"type":"if","locations":[{"start":{"line":187,"column":8},"end":{"line":187,"column":76}},{"start":{},"end":{}}],"line":187},"32":{"loc":{"start":{"line":187,"column":12},"end":{"line":187,"column":53}},"type":"binary-expr","locations":[{"start":{"line":187,"column":12},"end":{"line":187,"column":24}},{"start":{"line":187,"column":28},"end":{"line":187,"column":53}}],"line":187},"33":{"loc":{"start":{"line":196,"column":16},"end":{"line":196,"column":66}},"type":"if","locations":[{"start":{"line":196,"column":16},"end":{"line":196,"column":66}},{"start":{},"end":{}}],"line":196},"34":{"loc":{"start":{"line":214,"column":8},"end":{"line":214,"column":31}},"type":"if","locations":[{"start":{"line":214,"column":8},"end":{"line":214,"column":31}},{"start":{},"end":{}}],"line":214},"35":{"loc":{"start":{"line":215,"column":17},"end":{"line":215,"column":27}},"type":"binary-expr","locations":[{"start":{"line":215,"column":17},"end":{"line":215,"column":21}},{"start":{"line":215,"column":25},"end":{"line":215,"column":27}}],"line":215},"36":{"loc":{"start":{"line":222,"column":8},"end":{"line":222,"column":31}},"type":"if","locations":[{"start":{"line":222,"column":8},"end":{"line":222,"column":31}},{"start":{},"end":{}}],"line":222},"37":{"loc":{"start":{"line":223,"column":17},"end":{"line":223,"column":27}},"type":"binary-expr","locations":[{"start":{"line":223,"column":17},"end":{"line":223,"column":21}},{"start":{"line":223,"column":25},"end":{"line":223,"column":27}}],"line":223},"38":{"loc":{"start":{"line":230,"column":4},"end":{"line":230,"column":54}},"type":"if","locations":[{"start":{"line":230,"column":4},"end":{"line":230,"column":54}},{"start":{},"end":{}}],"line":230},"39":{"loc":{"start":{"line":232,"column":4},"end":{"line":232,"column":69}},"type":"if","locations":[{"start":{"line":232,"column":4},"end":{"line":232,"column":69}},{"start":{},"end":{}}],"line":232},"40":{"loc":{"start":{"line":233,"column":13},"end":{"line":233,"column":23}},"type":"binary-expr","locations":[{"start":{"line":233,"column":13},"end":{"line":233,"column":17}},{"start":{"line":233,"column":21},"end":{"line":233,"column":23}}],"line":233},"41":{"loc":{"start":{"line":239,"column":8},"end":{"line":239,"column":31}},"type":"if","locations":[{"start":{"line":239,"column":8},"end":{"line":239,"column":31}},{"start":{},"end":{}}],"line":239},"42":{"loc":{"start":{"line":240,"column":17},"end":{"line":240,"column":27}},"type":"binary-expr","locations":[{"start":{"line":240,"column":17},"end":{"line":240,"column":21}},{"start":{"line":240,"column":25},"end":{"line":240,"column":27}}],"line":240},"43":{"loc":{"start":{"line":257,"column":34},"end":{"line":257,"column":45}},"type":"binary-expr","locations":[{"start":{"line":257,"column":34},"end":{"line":257,"column":40}},{"start":{"line":257,"column":44},"end":{"line":257,"column":45}}],"line":257},"44":{"loc":{"start":{"line":257,"column":60},"end":{"line":257,"column":71}},"type":"binary-expr","locations":[{"start":{"line":257,"column":60},"end":{"line":257,"column":66}},{"start":{"line":257,"column":70},"end":{"line":257,"column":71}}],"line":257},"45":{"loc":{"start":{"line":257,"column":85},"end":{"line":257,"column":96}},"type":"binary-expr","locations":[{"start":{"line":257,"column":85},"end":{"line":257,"column":90}},{"start":{"line":257,"column":94},"end":{"line":257,"column":96}}],"line":257},"46":{"loc":{"start":{"line":264,"column":8},"end":{"line":264,"column":31}},"type":"if","locations":[{"start":{"line":264,"column":
[...]
":93}},{"start":{},"end":{}}],"line":1118},"184":{"loc":{"start":{"line":1124,"column":8},"end":{"line":1124,"column":39}},"type":"if","locations":[{"start":{"line":1124,"column":8},"end":{"line":1124,"column":39}},{"start":{},"end":{}}],"line":1124},"185":{"loc":{"start":{"line":1149,"column":8},"end":{"line":1149,"column":31}},"type":"if","locations":[{"start":{"line":1149,"column":8},"end":{"line":1149,"column":31}},{"start":{},"end":{}}],"line":1149},"186":{"loc":{"start":{"line":1162,"column":8},"end":{"line":1162,"column":31}},"type":"if","locations":[{"start":{"line":1162,"column":8},"end":{"line":1162,"column":31}},{"start":{},"end":{}}],"line":1162},"187":{"loc":{"start":{"line":1173,"column":4},"end":{"line":1175,"column":5}},"type":"if","locations":[{"start":{"line":1173,"column":4},"end":{"line":1175,"column":5}},{"start":{},"end":{}}],"line":1173},"188":{"loc":{"start":{"line":1173,"column":8},"end":{"line":1173,"column":37}},"type":"binary-expr","locations":[{"start":{"line":1173,"column":8},"end":{"line":1173,"column":13}},{"start":{"line":1173,"column":17},"end":{"line":1173,"column":25}},{"start":{"line":1173,"column":29},"end":{"line":1173,"column":37}}],"line":1173},"189":{"loc":{"start":{"line":1200,"column":55},"end":{"line":1200,"column":84}},"type":"binary-expr","locations":[{"start":{"line":1200,"column":55},"end":{"line":1200,"column":71}},{"start":{"line":1200,"column":75},"end":{"line":1200,"column":84}}],"line":1200},"190":{"loc":{"start":{"line":1207,"column":4},"end":{"line":1209,"column":5}},"type":"if","locations":[{"start":{"line":1207,"column":4},"end":{"line":1209,"column":5}},{"start":{},"end":{}}],"line":1207},"191":{"loc":{"start":{"line":1207,"column":8},"end":{"line":1207,"column":48}},"type":"binary-expr","locations":[{"start":{"line":1207,"column":8},"end":{"line":1207,"column":21}},{"start":{"line":1207,"column":25},"end":{"line":1207,"column":31}},{"start":{"line":1207,"column":35},"end":{"line":1207,"column":48}}],"line":1207},"192":{"loc":{"start":{"line":1215,"column":8},"end":{"line":1215,"column":31}},"type":"if","locations":[{"start":{"line":1215,"column":8},"end":{"line":1215,"column":31}},{"start":{},"end":{}}],"line":1215},"193":{"loc":{"start":{"line":1228,"column":17},"end":{"line":1228,"column":114}},"type":"cond-expr","locations":[{"start":{"line":1228,"column":37},"end":{"line":1228,"column":49}},{"start":{"line":1228,"column":52},"end":{"line":1228,"column":114}}],"line":1228},"194":{"loc":{"start":{"line":1228,"column":52},"end":{"line":1228,"column":114}},"type":"cond-expr","locations":[{"start":{"line":1228,"column":79},"end":{"line":1228,"column":98}},{"start":{"line":1228,"column":101},"end":{"line":1228,"column":114}}],"line":1228},"195":{"loc":{"start":{"line":1229,"column":4},"end":{"line":1229,"column":71}},"type":"if","locations":[{"start":{"line":1229,"column":4},"end":{"line":1229,"column":71}},{"start":{},"end":{}}],"line":1229},"196":{"loc":{"start":{"line":1249,"column":8},"end":{"line":1249,"column":31}},"type":"if","locations":[{"start":{"line":1249,"column":8},"end":{"line":1249,"column":31}},{"start":{},"end":{}}],"line":1249},"197":{"loc":{"start":{"line":1250,"column":17},"end":{"line":1250,"column":27}},"type":"binary-expr","locations":[{"start":{"line":1250,"column":17},"end":{"line":1250,"column":21}},{"start":{"line":1250,"column":25},"end":{"line":1250,"column":27}}],"line":1250},"198":{"loc":{"start":{"line":1260,"column":8},"end":{"line":1276,"column":9}},"type":"if","locations":[{"start":{"line":1260,"column":8},"end":{"line":1276,"column":9}},{"start":{"line":1262,"column":15},"end":{"line":1276,"column":9}}],"line":1260},"199":{"loc":{"start":{"line":1262,"column":15},"end":{"line":1276,"column":9}},"type":"if","locations":[{"start":{"line":1262,"column":15},"end":{"line":1276,"column":9}},{"start":{"line":1264,"column":15},"end":{"line":1276,"column":9}}],"line":1262},"200":{"loc":{"start":{"line":1264,"column":15},"end":{"line":1276,"column":9}},"type":"if","locations":[{"start":{"line":1264,"column":15},"end":{"line":1276,"column":9}},{"start":{"line":1266,"column":15},"end":{"line":1276,"column":9}}],"line":1264},"201":{"loc":{"start":{"line":1266,"column":15},"end":{"line":1276,"column":9}},"type":"if","locations":[{"start":{"line":1266,"column":15},"end":{"line":1276,"column":9}},{"start":{"line":1268,"column":15},"end":{"line":1276,"column":9}}],"line":1266},"202":{"loc":{"start":{"line":1268,"column":15},"end":{"line":1276,"column":9}},"type":"if","locations":[{"start":{"line":1268,"column":15},"end":{"line":1276,"column":9}},{"start":{"line":1270,"column":15},"end":{"line":1276,"column":9}}],"line":1268},"203":{"loc":{"start":{"line":1270,"column":15},"end":{"line":1276,"column":9}},"type":"if","locations":[{"start":{"line":1270,"column":15},"end":{"line":1276,"column":9}},{"start":{"line":1272,"column":15},"end":{"line":1276,"column":9}}],"line":1270},"204":{"loc":{"start":{"line":1272,"column":15},"end":{"line":1276,"column":9}},"type":"if","locations":[{"start":{"line":1272,"column":15},"end":{"line":1276,"column":9}},{"start":{"line":1274,"column":15},"end":{"line":1276,"column":9}}],"line":1272},"205":{"loc":{"start":{"line":1279,"column":8},"end":{"line":1279,"column":31}},"type":"if","locations":[{"start":{"line":1279,"column":8},"end":{"line":1279,"column":31}},{"start":{},"end":{}}],"line":1279},"206":{"loc":{"start":{"line":1280,"column":17},"end":{"line":1280,"column":27}},"type":"binary-expr","locations":[{"start":{"line":1280,"column":17},"end":{"line":1280,"column":21}},{"start":{"line":1280,"column":25},"end":{"line":1280,"column":27}}],"line":1280},"207":{"loc":{"start":{"line":1290,"column":8},"end":{"line":1290,"column":31}},"type":"if","locations":[{"start":{"line":1290,"column":8},"end":{"line":1290,"column":31}},{"start":{},"end":{}}],"line":1290},"208":{"loc":{"start":{"line":1291,"column":17},"end":{"line":1291,"column":32}},"type":"binary-expr","locations":[{"start":{"line":1291,"column":17},"end":{"line":1291,"column":24}},{"start":{"line":1291,"column":28},"end":{"line":1291,"column":32}}],"line":1291},"209":{"loc":{"start":{"line":1301,"column":8},"end":{"line":1301,"column":31}},"type":"if","locations":[{"start":{"line":1301,"column":8},"end":{"line":1301,"column":31}},{"start":{},"end":{}}],"line":1301},"210":{"loc":{"start":{"line":1318,"column":8},"end":{"line":1318,"column":37}},"type":"if","locations":[{"start":{"line":1318,"column":8},"end":{"line":1318,"column":37}},{"start":{},"end":{}}],"line":1318},"211":{"loc":{"start":{"line":1320,"column":8},"end":{"line":1345,"column":9}},"type":"if","locations":[{"start":{"line":1320,"column":8},"end":{"line":1345,"column":9}},{"start":{},"end":{}}],"line":1320},"212":{"loc":{"start":{"line":1320,"column":12},"end":{"line":1320,"column":37}},"type":"binary-expr","locations":[{"start":{"line":1320,"column":12},"end":{"line":1320,"column":17}},{"start":{"line":1320,"column":21},"end":{"line":1320,"column":37}}],"line":1320},"213":{"loc":{"start":{"line":1322,"column":16},"end":{"line":1343,"column":17}},"type":"if","locations":[{"start":{"line":1322,"column":16},"end":{"line":1343,"column":17}},{"start":{},"end":{}}],"line":1322},"214":{"loc":{"start":{"line":1330,"column":20},"end":{"line":1333,"column":21}},"type":"if","locations":[{"start":{"line":1330,"column":20},"end":{"line":1333,"column":21}},{"start":{},"end":{}}],"line":1330},"215":{"loc":{"start":{"line":1334,"column":36},"end":{"line":1334,"column":60}},"type":"binary-expr","locations":[{"start":{"line":1334,"column":36},"end":{"line":1334,"column":55}},{"start":{"line":1334,"column":59},"end":{"line":1334,"column":60}}],"line":1334},"216":{"loc":{"start":{"line":1340,"column":20},"end":{"line":1342,"column":21}},"type":"if","locations":[{"start":{"line":1340,"column":20},"end":{"line":1342,"column":21}},{"start":{},"end":{}}],"line":1340},"217":{"loc":{"start":{"line":1348,"column":8},"end":{"line":1348,"column":39}},"type":"if","locations":[{"start":{"line":1348,"column":8},"end":{"line":1348,"column":39}},{"start":{},"end":{}}],"line":1348},"218":{"loc":{"start":{"line":1360,"column":8},"end":{"line":1360,"column":31}},"type":"if","locations":[{"start":{"line":1360,"column":8},"end":{"line":1360,"column":31}},{"start":{},"end":{}}],"line":1360},"219":{"loc":{"start":{"line":1378,"column":8},"end":{"line":1378,"column":80}},"type":"if","locations":[{"start":{"line":1378,"column":8},"end":{"line":1378,"column":80}},{"start":{},"end":{}}],"line":1378},"220":{"loc":{"start":{"line":1381,"column":12},"end":{"line":1382,"column":56}},"type":"binary-expr","locations":[{"start":{"line":1381,"column":13},"end":{"line":1381,"column":44}},{"start":{"line":1381,"column":48},"end":{"line":1381,"column":78}},{"start":{"line":1382,"column":12},"end":{"line":1382,"column":56}}],"line":1381},"221":{"loc":{"start":{"line":1390,"column":8},"end":{"line":1390,"column":39}},"type":"if","locations":[{"start":{"line":1390,"column":8},"end":{"line":1390,"column":39}},{"start":{},"end":{}}],"line":1390},"222":{"loc":{"start":{"line":1392,"column":8},"end":{"line":1416,"column":9}},"type":"if","locations":[{"start":{"line":1392,"column":8},"end":{"line":1416,"column":9}},{"start":{},"end":{}}],"line":1392},"223":{"loc":{"start":{"line":1399,"column":16},"end":{"line":1414,"column":17}},"type":"if","locations":[{"start":{"line":1399,"column":16},"end":{"line":1414,"column":17}},{"start":{},"end":{}}],"line":1399},"224":{"loc":{"start":{"line":1406,"column":20},"end":{"line":1413,"column":21}},"type":"if","locations":[{"start":{"line":1406,"column":20},"end":{"line":1413,"column":21}},{"start":{},"end":{}}],"line":1406},"225":{"loc":{"start":{"line":1418,"column":8},"end":{"line":1459,"column":9}},"type":"if","locations":[{"start":{"line":1418,"column":8},"end":{"line":1459,"column":9}},{"start":{"line":1432,"column":15},"end":{"line":1459,"column":9}}],"line":1418},"226":{"loc":{"start":{"line":1432,"column":15},"end":{"line":1459,"column":9}},"type":"if","locations":[{"start":{"line":1432,"column":15},"end":{"line":1459,"column":9}},{"start":{"line":1445,"column":15},"end":{"line":1459,"column":9}}],"line":1432},"227":{"loc":{"start":{"line":1445,"column":15},"end":{"line":1459,"column":9}},"type":"if","locations":[{"start":{"line":1445,"column":15},"end":{"line":1459,"column":9}},{"start":{},"end":{}}],"line":1445},"228":{"loc":{"start":{"line":1486,"column":0},"end":{"line":1491,"column":1}},"type":"if","locations":[{"start":{"line":1486,"column":0},"end":{"line":1491,"column":1}},{"start":{"line":1489,"column":7},"end":{"line":1491,"column":1}}],"line":1486}},"s":{"0":1,"1":1,"2":1,"3":1,"4":1,"5":1,"6":1,"7":1,"8":1,"9":1,"10":1,"11":1,"12":1,"13":1,"14":1,"15":1,"16":0,"17":1,"18":1,"19":1,"20":1,"21":1,"22":1,"23":1,"24":1,"25":1,"26":1,"27":1,"28":1,"29":1,"30":1,"31":0,"32":1,"33":3,"34":0,"35":1,"36":10,"37":10,"38":10,"39":0,"40":1,"41":0,"42":1,"43":15,"44":9,"45":9,"46":9,"47":15,"48":1,"49":1,"50":1,"51":1,"52":1,"53":1,"54":1,"55":1,"56":6,"57":0,"58":1,"59":1,"60":1,"61":1,"62":1,"63":0,"64":0,"65":1,"66":1,"67":1,"68":1,"69":1,"70":0,"71":0,"72":0,"73":0,"74":0,"75":0,"76":0,"77":0,"78":0,"79":0,"80":0,"81":0,"82":0,"83":0,"84":1,"85":4,"86":4,"87":0,"88":1,"89":0,"90":0,"91":0,"92":0,"93":0,"94":0,"95":0,"96":0,"97":0,"98":0,"99":0,"100":0,"101":0,"102":0,"103":0,"104":0,"105":0,"106":0,"107":0,"108":0,"109":1,"110":1,"111":1,"112":1,"113":0,"114":1,"115":0,"116":1,"117":0,"118":0,"119":0,"120":0,"121":0,"122":0,"123":1,"124":0,"125":0,"126":0,"127":0,"128":0,"129":0,"130":0,"131":0,"132":1,"133":0,"134":0,"135":0,"136":0,"137":0,"138":0,"139":1,"140":1,"141":1,"142":1,"143":1,"144":0,"145":1,"146":0,"147":0,"148":0,"149":0,"150":0,"151":0,"152":1,"153":0,"154":0,"155":0,"156":0,"157":0,"158":0,"159":1,"160":0,"161":0,"162":0,"163":0,"164":0,"165":0,"166":1,"167":0,"168":0,"169":0,"170":0,"171":0,"172":0,"173":0,"174":0,"175":1,"176":0,"177":0,"178":0,"179":0,"180":1,"181":0,"182":0,"183":0,"184":0,"185":0,"186":1,"187":1,"188":1,"189":0,"190":1,"191":1,"192":1,"193":1,"194":0,"195":0,"196":0,"197":0,"198":0,"199":0,"200":0,"201":0,"202":0,"203":0,"204":0,"205":0,"206":0,"207":0,"208":0,"209":0,"210":0,"211":0,"212":0,"213":0,"214":0,"215":0,"216":0,"217":0,"218":0,"219":0,"220":0,"221":0,"222":0,"223":0,"224":0,"225":0,"226":0,"227":0,"228":0,"229":0,"230":0,"231":0,"232":1,"233":0,"234":0,"235":0,"236":0,"237":0,"238":0,"239":1,"240":0,"241":0,"242":0,"243":0,"244":0,"245":0,"246":0,"247":1,"248":0,"249":0,"250":0,"251":0,"252":0,"253":0,"254":1,"255":0,"256":0,"257":0,"258":0,"259":1,"260":0,"261":0,"262":0,"263":0,"264":1,"265":0,"266":0,"267":1,"268":0,"269":0,"270":0,"271":0,"272":0,"273":0,"274":0,"275":0,"276":0,"277":0,"278":0,"279":1,"280":0,"281":0,"282":0,"283":0,"284":0,"285":0,"286":0,"287":0,"288":0,"289":0,"290":0,"291":0,"292":0,"293":0,"294":0,"295":0,"296":0,"297":0,"298":0,"299":0,"300":0,"301":0,"302":0,"303":0,"304":0,"305":0,"306":1,"307":0,"308":0,"309":0,"310":0,"311":0,"312":0,"313":0,"314":0,"315":0,"316":0,"317":0,"318":0,"319":0,"320":0,"321":0,"322":0,"323":0,"324":0,"325":0,"326":0,"327":0,"328":0,"329":0,"330":0,"331":0,"332":0,"333":0,"334":0,"335":0,"336":0,"337":0,"338":0,"339":0,"340":0,"341":0,"342":1,"343":0,"344":0,"345":0,"346":0,"347":0,"348":0,"349":0,"350":0,"351":0,"352":0,"353":1,"354":1,"355":1,"356":1,"357":0,"358":1,"359":1,"360":0,"361":1,"362":1,"363":0,"364":0,"365":0,"366":0,"367":1,"368":1,"369":1,"370":1,"371":1,"372":0,"373":1,"374":0,"375":1,"376":0,"377":0,"378":0,"379":1,"380":0,"381":1,"382":1,"383":0,"384":1,"385":0,"386":1,"387":0,"388":0,"389":1,"390":0,"391":0,"392":1,"393":0,"394":0,"395":1,"396":0,"397":0,"398":0,"399":0,"400":0,"401":0,"402":0,"403":0,"404":0,"405":0,"406":0,"407":0,"408":0,"409":1,"410":0,"411":0,"412":0,"413":0,"414":0,"415":0,"416":0,"417":0,"418":0,"419":0,"420":1,"421":1,"422":1,"423":1,"424":1,"425":0,"426":1,"427":1,"428":1,"429":0,"430":1,"431":1,"432":1,"433":1,"434":1,"435":1,"436":0,"437":1,"438":1,"439":1,"440":1,"441":1,"442":1,"443":1,"444":1,"445":1,"446":1,"447":1,"448":0,"449":0,"450":0,"451":0,"452":1,"453":1,"454":0,"455":1,"456":1,"457":0,"458":1,"459":1,"460":1,"461":1,"462":0,"463":1,"464":1,"465":1,"466":0,"467":1,"468":1,"469":1,"470":0,"471":1,"472":0,"473":0,"474":1,"475":0,"476":0,"477":0,"478":0,"479":1,"480":0,"481":0,"482":0,"483":0,"484":0,"485":0,"486":0,"487":0,"488":0,"489":0,"490":0,"491":1,"492":1,"493":1,"494":1,"495":0,"496":1,"497":1,"498":1,"499":0,"500":1,"501":1,"502":0,"503":1,"504":1,"505":1,"506":1,"507":1,"508":1,"509":1,"510":1,"511":1,"512":0,"513":1,"514":0,"515":0,"516":1,"517":0,"518":0,"519":0,"520":0,"521":0,"522":0,"523":0,"524":0,"525":1,"526":0,"527":0,"528":0,"529":1,"530":0,"531":0,"532":0,"533":0,"534":1,"535":1,"536":1,"537":1,"538":1,"539":0,"540":1,"541":1,"542":0,"543":1,"544":0,"545":0,"546":1,"547":0,"548":0,"549":0,"550":0,"551":0,"552":0,"553":0,"554":0,"555":0,"556":0,"557":0,"558":0,"559":0,"560":0,"561":0,"562":0,"563":0,"564":0,"565":0,"566":0,"567":0,"568":0,"569":0,"570":1,"571":0,"572":0,"573":0,"574":0,"575":0,"576":0,"577":0,"578":0,"579":0,"580":0,"581":0,"582":0,"583":0,"584":0,"585":0,"586":0,"587":0,"588":0,"589":0,"590":0,"591":0,"592":0,"593":0,"594":1,"595":1,"596":1,"597":1,"598":1,"599":1,"600":1,"601":0,"602":1,"603":1,"604":0,"605":0,"606":1,"607":1,"608":1,"609":1,"610":1,"611":0,"612":1,"613":0,"614":0,"615":1,"616":1,"617":1,"618":0,"619":1,"620":1,"621":1,"622":0,"623":0,"624":0,"625":1,"626":1,"627":1,"628":0,"629":1,"630":1,"631":1,"632":0,"633":1,"634":0,"635":0,"636":1,"637":1,"638":1,"639":1,"640":0,"641":1,"642":1,"643":1,"644":1,"645":0,"646":1,"647":0,"648":0,"649":0,"650":0,"651":0,"652":0,"653":0,"654":1,"655":1,"656":1,"657":1,"658":0,"659":0,"660":0,"661":0,"662":0,"663":0,"664":0,"665":0,"666":0,"667":0,"668":0,"669":0,"670":0,"671":1,"672":1,"673":0,"674":1,"675":0,"676":0,"677":1,"678":0,"679":0,"680":0,"681":0,"682":0,"683":0,"684":0,"685":1,"686":0,"687":0,"688":0,"689":0,"690":0,"691":0,"692":0,"693":1,"694":0,"695":0,"696":0,"697":0,"698":0,"699":0,"700":0,"701":0,"702":0,"703":0,"704":0,"705":0,"706":0,"707":0,"708":0,"709":0,"710":0,"711":0,"712":0,"713":0,"714":0,"715":0,"716":1,"717":0,"718":0,"719":0,"720":0,"721":0,"722":0,"723":0,"724":1,"725":0,"726":0,"727":0,"728":0,"729":0,"730":0,"731":0,"732":0,"733":0,"734":0,"735":0,"736":0,"737":0,"738":0,"739":0,"740":0,"741":0,"742":0,"743":0,"744":0,"745":0,"746":0,"747":0,"748":0,"749":0,"750":0,"751":0,"752":1,"753":0,"754":1,"755":0,"756":1,"757":0,"758":0,"759":0,"760":1,"761":0,"762":0,"763":0,"764":1,"765":1},"f":{"0":3,"1":10,"2":10,"3":0,"4":15,"5":9,"6":1,"7":1,"8":0,"9":4,"10":0,"11":0,"12":0,"13":0,"14":0,"15":0,"16":1,"17":0,"18":0,"19":0,"20":1,"21":0,"22":0,"23":0,"24":0,"25":0,"26":0,"27":1,"28":0,"29":0,"30":0,"31":0,"32":0,"33":0,"34":0,"35":0,"36":0,"37":0,"38":0,"39":1,"40":0,"41":1,"42":0,"43":0,"44":0,"45":0,"46":1,"47":1,"48":1,"49":0,"50":0,"51":0,"52":1,"53":0,"54":0,"55":0,"56":1,"57":0,"58":0,"59":1,"60":1,"61":1,"62":1,"63":1,"64":1,"65":0,"66":1,"67":0,"68":0,"69":0,"70":0,"71":0,"72":0,"73":0,"74":0,"75":0},"b":{"0":[0,1],"1":[1,1],"2":[1,1],"3":[1,0],"4":[0,1],"5":[0,3],"6":[0,10],"7":[0],"8":[0,0],"9":[0,0],"10":[0,0],"11":[0,0],"12":[0,0],"13":[9,6],"14":[9,0],"15":[9,9],"16":[9,8],"17":[9,9],"18":[0],"19":[1,0],"20":[0,0],"21":[0,0],"22":[0],"23":[0,1],"24":[1,0],"25":[1,0],"26":[0,0],"27":[0,0],"28":[0,0],"29":[0,0],"30":[4,0],"31":[0,0],"32":[0,0],"33":[0,0],"34":[0,1],"35":[1,0],"36":[0,0],"37":[0,0],"38":[0,0],"39":[0,0],"40":[0,0],"41":[0,0],"42":[0,0],"43":[0,0],"44":[0,0],"45":[0,0],"46":[0,0],"47":[0,0],"48":[0,0],"49":[0,0],"50":[0,0],"51":[0,0],"52":[0,0],"53":[0,0],"54":[0,0],"55":[0,0],"56":[0,0],"57":[0,0],"58":[0,1],"59":[1,1],"60":[1,0],"61":[1,0],"62":[0,0],"63":[0,0],"64":[0,0],"65":[0,0],"66":[0,0],"67":[0,0],"68":[0,0],"69":[0,0,0,0],"70":[0,0],"71":[0,0],"72":[0,0],"73":[0,0],"74":[0,0],"75":[0,0],"76":[0,0],"77":[0,0],"78":[0,0],"79":[0,0],"80":[0,0],"81":[0,0],"82":[0,0],"83":[0,0],"84":[0,0],"85":[0,0],"86":[0,0],"87":[0,0],"88":[0,0],"89":[0,0],"90":[0,0],"91":[0,0],"92":[0,0],"93":[0,0],"94":[0,0],"95":[0,0],"96":[0,0],"97":[0,0],"98":[0,0],"99":[0,0],"100":[0,0],"101":[0,0],"102":[0,0],"103":[0,0],"104":[0,0],"105":[0,0],"106":[0,0],"107":[0,0],"108":[0,0],"109":[0,0],"110":[0,0],"111":[0,0],"112":[0,0],"113":[0,1],"114":[0,1],"115":[0,0],"116":[0,1],"117":[0,1],"118":[0,1],"119":[0,0],"120":[0,1],"121":[0,1],"122":[0,1],"123":[0,0],"124":[0,0],"125":[0,0],"126":[0,0],"127":[0,1],"128":[1,1],"129":[0,1],"130":[0,1],"131":[1,1],"132":[1,1],"133":[1,0],"134":[1,0],"135":[0,1],"136":[0,0],"137":[0,1],"138":[1,1],"139":[0,1],"140":[1,1],"141":[1,0],"142":[0,1],"143":[0,1],"144":[1,0],"145":[1,1],"146":[1,1],"147":[0,0],"148":[0,0],"149":[0,0],"150":[0,0],"151":[0,1],"152":[0,1],"153":[1,1],"154":[0,1],"155":[1,1],"156":[1,0],"157":[1,0],"158":[1,0],"159":[0,1],"160":[0,0],"161":[0,0],"162":[0,0],"163":[0,1],"164":[0,1],"165":[0,0],"166":[0,0],"167":[0,0],"168":[0,0],"169":[0,0],"170":[0,0],"171":[0,0],"172":[0,0],"173":[0,0],"174":[0,0],"175":[0,0],"176":[0,0],"177":[0,0],"178":[0,0],"179":[0,0],"180":[0,0],"181":[0,0],"182":[0,0],"183":[0,0],"184":[0,0],"185":[0,1],"186":[0,1],"187":[0,1],"188":[1,1,1],"189":[0,0],"190":[0,1],"191":[1,1,1],"192":[0,1],"193":[0,1],"194":[0,1],"195":[0,1],"196":[0,0],"197":[0,0],"198":[1,0],"199":[0,0],"200":[0,0],"201":[0,0],"202":[0,0],"203":[0,0],"204":[0,0],"205":[0,1],"206":[1,0],"207":[0,0],"208":[0,0],"209":[0,0],"210":[0,0],"211":[0,0],"212":[0,0],"213":[0,0],"214":[0,0],"215":[0,0],"216":[0,0],"217":[0,0],"218":[0,0],"219":[0,0],"220":[0,0,0],"221":[0,0],"222":[0,0],"223":[0,0],"224":[0,0],"225":[0,0],"226":[0,0],"227":[0,0],"228":[0,1]},"_coverageSchema":"1a1c01bbd47fc00a2c39e90264f33305004495a9","hash":"f686e576ca499e70869e8dc4047c280bf0bb1b73"}
}
