{"D:\\Tehan\\4kurs\\Diplom\\DiplomV2.0-main\\backend\\server.js": {"path":"D:\\Tehan\\4kurs\\Diplom\\DiplomV2.0-main\\backend\\server.js","statementMap":{"0":{"start":{"line":1,"column":0},"end":{"line":1,"column":27}},"1":{"start":{"line":2,"column":16},"end":{"line":2,"column":34}},"2":{"start":{"line":3,"column":13},"end":{"line":3,"column":28}},"3":{"start":{"line":4,"column":13},"end":{"line":4,"column":28}},"4":{"start":{"line":5,"column":11},"end":{"line":5,"column":24}},"5":{"start":{"line":6,"column":14},"end":{"line":6,"column":30}},"6":{"start":{"line":7,"column":15},"end":{"line":7,"column":32}},"7":{"start":{"line":8,"column":19},"end":{"line":8,"column":40}},"8":{"start":{"line":9,"column":25},"end":{"line":9,"column":57}},"9":{"start":{"line":10,"column":15},"end":{"line":10,"column":32}},"10":{"start":{"line":12,"column":0},"end":{"line":12,"column":27}},"11":{"start":{"line":13,"column":12},"end":{"line":13,"column":26}},"12":{"start":{"line":14,"column":0},"end":{"line":14,"column":39}},"13":{"start":{"line":16,"column":12},"end":{"line":16,"column":21}},"14":{"start":{"line":17,"column":13},"end":{"line":17,"column":37}},"15":{"start":{"line":22,"column":23},"end":{"line":22,"column":49}},"16":{"start":{"line":23,"column":21},"end":{"line":23,"column":45}},"17":{"start":{"line":24,"column":21},"end":{"line":24,"column":76}},"18":{"start":{"line":25,"column":25},"end":{"line":25,"column":74}},"19":{"start":{"line":26,"column":23},"end":{"line":26,"column":65}},"20":{"start":{"line":28,"column":17},"end":{"line":28,"column":81}},"21":{"start":{"line":29,"column":15},"end":{"line":29,"column":58}},"22":{"start":{"line":31,"column":0},"end":{"line":34,"column":4}},"23":{"start":{"line":36,"column":0},"end":{"line":36,"column":24}},"24":{"start":{"line":37,"column":0},"end":{"line":37,"column":56}},"25":{"start":{"line":39,"column":24},"end":{"line":46,"column":1}},"26":{"start":{"line":49,"column":20},"end":{"line":61,"column":2}},"27":{"start":{"line":63,"column":0},"end":{"line":69,"column":3}},"28":{"start":{"line":64,"column":4},"end":{"line":68,"column":5}},"29":{"start":{"line":65,"column":8},"end":{"line":65,"column":66}},"30":{"start":{"line":67,"column":8},"end":{"line":67,"column":62}},"31":{"start":{"line":74,"column":17},"end":{"line":74,"column":45}},"32":{"start":{"line":75,"column":18},"end":{"line":75,"column":51}},"33":{"start":{"line":76,"column":20},"end":{"line":76,"column":54}},"34":{"start":{"line":78,"column":0},"end":{"line":78,"column":53}},"35":{"start":{"line":78,"column":30},"end":{"line":78,"column":53}},"36":{"start":{"line":79,"column":0},"end":{"line":79,"column":91}},"37":{"start":{"line":79,"column":40},"end":{"line":79,"column":87}},"38":{"start":{"line":79,"column":63},"end":{"line":79,"column":87}},"39":{"start":{"line":81,"column":17},"end":{"line":88,"column":1}},"40":{"start":{"line":82,"column":18},"end":{"line":86,"column":13}},"41":{"start":{"line":87,"column":4},"end":{"line":87,"column":101}},"42":{"start":{"line":87,"column":46},"end":{"line":87,"column":97}},"43":{"start":{"line":87,"column":55},"end":{"line":87,"column":97}},"44":{"start":{"line":90,"column":20},"end":{"line":101,"column":1}},"45":{"start":{"line":91,"column":19},"end":{"line":91,"column":27}},"46":{"start":{"line":92,"column":4},"end":{"line":95,"column":5}},"47":{"start":{"line":93,"column":8},"end":{"line":94,"column":60}},"48":{"start":{"line":93,"column":14},"end":{"line":93,"column":72}},"49":{"start":{"line":94,"column":20},"end":{"line":94,"column":58}},"50":{"start":{"line":96,"column":4},"end":{"line":100,"column":7}},"51":{"start":{"line":103,"column":17},"end":{"line":110,"column":1}},"52":{"start":{"line":104,"column":4},"end":{"line":109,"column":7}},"53":{"start":{"line":112,"column":0},"end":{"line":117,"column":3}},"54":{"start":{"line":113,"column":4},"end":{"line":115,"column":5}},"55":{"start":{"line":114,"column":8},"end":{"line":114,"column":138}},"56":{"start":{"line":114,"column":33},"end":{"line":114,"column":134}},"57":{"start":{"line":114,"column":59},"end":{"line":114,"column":134}},"58":{"start":{"line":116,"column":4},"end":{"line":116,"column":11}},"59":{"start":{"line":123,"column":4},"end":{"line":123,"column":37}},"60":{"start":{"line":123,"column":25},"end":{"line":123,"column":37}},"61":{"start":{"line":124,"column":4},"end":{"line":130,"column":32}},"62":{"start":{"line":125,"column":20},"end":{"line":125,"column":133}},"63":{"start":{"line":126,"column":25},"end":{"line":126,"column":45}},"64":{"start":{"line":127,"column":26},"end":{"line":127,"column":95}},"65":{"start":{"line":128,"column":27},"end":{"line":128,"column":69}},"66":{"start":{"line":129,"column":8},"end":{"line":129,"column":91}},"67":{"start":{"line":130,"column":18},"end":{"line":130,"column":30}},"68":{"start":{"line":133,"column":20},"end":{"line":137,"column":1}},"69":{"start":{"line":134,"column":21},"end":{"line":134,"column":47}},"70":{"start":{"line":135,"column":4},"end":{"line":136,"column":61}},"71":{"start":{"line":135,"column":35},"end":{"line":135,"column":42}},"72":{"start":{"line":136,"column":9},"end":{"line":136,"column":61}},"73":{"start":{"line":140,"column":31},"end":{"line":140,"column":37}},"74":{"start":{"line":141,"column":4},"end":{"line":141,"column":35}},"75":{"start":{"line":142,"column":23},"end":{"line":142,"column":47}},"76":{"start":{"line":143,"column":31},"end":{"line":143,"column":83}},"77":{"start":{"line":143,"column":63},"end":{"line":143,"column":78}},"78":{"start":{"line":144,"column":4},"end":{"line":144,"column":80}},"79":{"start":{"line":150,"column":0},"end":{"line":165,"column":3}},"80":{"start":{"line":151,"column":4},"end":{"line":164,"column":87}},"81":{"start":{"line":152,"column":21},"end":{"line":152,"column":29}},"82":{"start":{"line":153,"column":8},"end":{"line":153,"column":66}},"83":{"start":{"line":153,"column":19},"end":{"line":153,"column":66}},"84":{"start":{"line":156,"column":24},"end":{"line":156,"column":79}},"85":{"start":{"line":157,"column":25},"end":{"line":157,"column":91}},"86":{"start":{"line":158,"column":23},"end":{"line":158,"column":40}},"87":{"start":{"line":160,"column":32},"end":{"line":160,"column":129}},"88":{"start":{"line":161,"column":8},"end":{"line":161,"column":31}},"89":{"start":{"line":161,"column":19},"end":{"line":161,"column":31}},"90":{"start":{"line":162,"column":34},"end":{"line":162,"column":86}},"91":{"start":{"line":163,"column":8},"end":{"line":163,"column":45}},"92":{"start":{"line":164,"column":20},"end":{"line":164,"column":39}},"93":{"start":{"line":164,"column":40},"end":{"line":164,"column":85}},"94":{"start":{"line":167,"column":0},"end":{"line":174,"column":3}},"95":{"start":{"line":168,"column":4},"end":{"line":173,"column":67}},"96":{"start":{"line":169,"column":37},"end":{"line":169,"column":47}},"97":{"start":{"line":170,"column":26},"end":{"line":170,"column":80}},"98":{"start":{"line":171,"column":8},"end":{"line":171,"column":31}},"99":{"start":{"line":171,"column":19},"end":{"line":171,"column":31}},"100":{"start":{"line":172,"column":8},"end":{"line":172,"column":36}},"101":{"start":{"line":173,"column":20},"end":{"line":173,"column":65}},"102":{"start":{"line":179,"column":0},"end":{"line":185,"column":3}},"103":{"start":{"line":180,"column":4},"end":{"line":184,"column":93}},"104":{"start":{"line":181,"column":23},"end":{"line":181,"column":84}},"105":{"start":{"line":182,"column":24},"end":{"line":182,"column":42}},"106":{"start":{"line":183,"column":8},"end":{"line":183,"column":126}},"107":{"start":{"line":184,"column":18},"end":{"line":184,"column":35}},"108":{"start":{"line":184,"column":36},"end":{"line":184,"column":91}},"109":{"start":{"line":187,"column":0},"end":{"line":195,"column":3}},"110":{"start":{"line":188,"column":21},"end":{"line":188,"column":30}},"111":{"start":{"line":189,"column":4},"end":{"line":189,"column":43}},"112":{"start":{"line":189,"column":23},"end":{"line":189,"column":43}},"113":{"start":{"line":190,"column":4},"end":{"line":194,"column":33}},"114":{"start":{"line":191,"column":20},"end":{"line":191,"column":145}},"115":{"start":{"line":192,"column":21},"end":{"line":192,"column":41}},"116":{"start":{"line":193,"column":8},"end":{"line":193,"column":136}},"117":{"start":{"line":193,"column":58},"end":{"line":193,"column":132}},"118":{"start":{"line":194,"column":18},"end":{"line":194,"column":31}},"119":{"start":{"line":197,"column":0},"end":{"line":200,"column":3}},"120":{"start":{"line":198,"column":21},"end":{"line":198,"column":85}},"121":{"start":{"line":199,"column":4},"end":{"line":199,"column":25}},"122":{"start":{"line":202,"column":0},"end":{"line":205,"column":3}},"123":{"start":{"line":203,"column":21},"end":{"line":203,"column":161}},"124":{"start":{"line":204,"column":4},"end":{"line":204,"column":25}},"125":{"start":{"line":207,"column":0},"end":{"line":220,"column":3}},"126":{"start":{"line":208,"column":4},"end":{"line":219,"column":33}},"127":{"start":{"line":209,"column":32},"end":{"line":209,"column":110}},"128":{"start":{"line":210,"column":8},"end":{"line":213,"column":9}},"129":{"start":{"line":211,"column":35},"end":{"line":211,"column":89}},"130":{"start":{"line":212,"column":12},"end":{"line":212,"column":34}},"131":{"start":{"line":214,"column":23},"end":{"line":214,"column":25}},"132":{"start":{"line":215,"column":8},"end":{"line":215,"column":126}},"133":{"start":{"line":215,"column":29},"end":{"line":215,"column":122}},"134":{"start":{"line":215,"column":59},"end":{"line":215,"column":81}},"135":{"start":{"line":215,"column":83},"end":{"line":215,"column":120}},"136":{"start":{"line":216,"column":26},"end":{"line":216,"column":94}},"137":{"start":{"line":216,"column":60},"end":{"line":216,"column":81}},"138":{"start":{"line":217,"column":31},"end":{"line":217,"column":96}},"139":{"start":{"line":218,"column":8},"end":{"line":218,"column":29}},"140":{"start":{"line":219,"column":18},"end":{"line":219,"column":31}},"141":{"start":{"line":222,"column":0},"end":{"line":226,"column":3}},"142":{"start":{"line":223,"column":22},"end":{"line":223,"column":97}},"143":{"start":{"line":224,"column":24},"end":{"line":224,"column":78}},"144":{"start":{"line":225,"column":4},"end":{"line":225,"column":96}},"145":{"start":{"line":228,"column":0},"end":{"line":233,"column":3}},"146":{"start":{"line":229,"column":39},"end":{"line":229,"column":47}},"147":{"start":{"line":230,"column":24},"end":{"line":230,"column":174}},"148":{"start":{"line":231,"column":4},"end":{"line":232,"column":79}},"149":{"start":{"line":231,"column":10},"end":{"line":231,"column":50}},"150":{"start":{"line":231,"column":51},"end":{"line":231,"column":79}},"151":{"start":{"line":232,"column":16},"end":{"line":232,"column":33}},"152":{"start":{"line":232,"column":34},"end":{"line":232,"column":77}},"153":{"start":{"line":238,"column":0},"end":{"line":242,"column":3}},"154":{"start":{"line":239,"column":28},"end":{"line":239,"column":85}},"155":{"start":{"line":240,"column":4},"end":{"line":240,"column":69}},"156":{"start":{"line":240,"column":15},"end":{"line":240,"column":69}},"157":{"start":{"line":241,"column":4},"end":{"line":241,"column":25}},"158":{"start":{"line":244,"column":0},"end":{"line":251,"column":3}},"159":{"start":{"line":245,"column":28},"end":{"line":245,"column":37}},"160":{"start":{"line":246,"column":16},"end":{"line":246,"column":125}},"161":{"start":{"line":247,"column":4},"end":{"line":247,"column":107}},"162":{"start":{"line":247,"column":52},"end":{"line":247,"column":107}},"163":{"start":{"line":248,"column":28},"end":{"line":248,"column":39}},"164":{"start":{"line":249,"column":4},"end":{"line":249,"column":69}},"165":{"start":{"line":249,"column":15},"end":{"line":249,"column":69}},"166":{"start":{"line":250,"column":4},"end":{"line":250,"column":25}},"167":{"start":{"line":253,"column":0},"end":{"line":262,"column":3}},"168":{"start":{"line":254,"column":18},"end":{"line":254,"column":27}},"169":{"start":{"line":255,"column":4},"end":{"line":255,"column":78}},"170":{"start":{"line":255,"column":28},"end":{"line":255,"column":78}},"171":{"start":{"line":256,"column":4},"end":{"line":261,"column":87}},"172":{"start":{"line":257,"column":35},"end":{"line":257,"column":199}},"173":{"start":{"line":258,"column":37},"end":{"line":258,"column":128}},"174":{"start":{"line":259,"column":8},"end":{"line":259,"column":63}},"175":{"start":{"line":260,"column":8},"end":{"line":260,"column":77}},"176":{"start":{"line":261,"column":20},"end":{"line":261,"column":39}},"177":{"start":{"line":261,"column":40},"end":{"line":261,"column":85}},"178":{"start":{"line":264,"column":0},"end":{"line":268,"column":3}},"179":{"start":{"line":265,"column":28},"end":{"line":265,"column":184}},"180":{"start":{"line":266,"column":4},"end":{"line":266,"column":69}},"181":{"start":{"line":266,"column":15},"end":{"line":266,"column":69}},"182":{"start":{"line":267,"column":4},"end":{"line":267,"column":19}},"183":{"start":{"line":270,"column":0},"end":{"line":276,"column":3}},"184":{"start":{"line":271,"column":20},"end":{"line":271,"column":28}},"185":{"start":{"line":272,"column":4},"end":{"line":272,"column":77}},"186":{"start":{"line":272,"column":57},"end":{"line":272,"column":77}},"187":{"start":{"line":273,"column":28},"end":{"line":273,"column":177}},"188":{"start":{"line":274,"column":4},"end":{"line":274,"column":69}},"189":{"start":{"line":274,"column":15},"end":{"line":274,"column":69}},"190":{"start":{"line":275,"column":4},"end":{"line":275,"column":19}},"191":{"start":{"line":281,"column":0},"end":{"line":295,"column":3}},"192":{"start":{"line":282,"column":4},"end":{"line":294,"column":81}},"193":{"start":{"line":283,"column":83},"end":{"line":283,"column":91}},"194":{"start":{"line":284,"column":26},"end":{"line":284,"column":47}},"195":{"start":{"line":285,"column":21},"end":{"line":285,"column":77}},"196":{"start":{"line":286,"column":35},"end":{"line":286,"column":100}},"197":{"start":{"line":287,"column":8},"end":{"line":290,"column":9}},"198":{"start":{"line":288,"column":29},"end":{"line":288,"column":193}},"199":{"start":{"line":289,"column":12},"end":{"line":289,"column":37}},"200":{"start":{"line":291,"column":32},"end":{"line":291,"column":251}},"201":{"start":{"line":292,"column":8},"end":{"line":292,"column":31}},"202":{"start":{"line":292,"column":19},"end":{"line":292,"column":31}},"203":{"start":{"line":293,"column":8},"end":{"line":293,"column":26}},"204":{"start":{"line":294,"column":18},"end":{"line":294,"column":35}},"205":{"start":{"line":294,"column":36},"end":{"line":294,"column":79}},"206":{"start":{"line":297,"column":0},"end":{"line":304,"column":3}},"207":{"start":{"line":298,"column":32},"end":{"line":298,"column":40}},"208":{"start":{"line":299,"column":27},"end":{"line":299,"column":130}},"209":{"start":{"line":300,"column":4},"end":{"line":300,"column":80}},"210":{"start":{"line":300,"column":15},"end":{"line":300,"column":80}},"211":{"start":{"line":301,"column":30},"end":{"line":301,"column":122}},"212":{"start":{"line":302,"column":4},"end":{"line":302,"column":76}},"213":{"start":{"line":302,"column":18},"end":{"line":302,"column":76}},"214":{"start":{"line":303,"column":4},"end":{"line":303,"column":19}},"215":{"start":{"line":306,"column":0},"end":{"line":310,"column":3}},"216":{"start":{"line":307,"column":28},"end":{"line":307,"column":101}},"217":{"start":{"line":308,"column":4},"end":{"line":308,"column":80}},"218":{"start":{"line":308,"column":15},"end":{"line":308,"column":80}},"219":{"start":{"line":309,"column":4},"end":{"line":309,"column":19}},"220":{"start":{"line":312,"column":0},"end":{"line":316,"column":3}},"221":{"start":{"line":313,"column":28},"end":{"line":313,"column":106}},"222":{"start":{"line":314,"column":4},"end":{"line":314,"column":69}},"223":{"start":{"line":314,"column":15},"end":{"line":314,"column":69}},"224":{"start":{"line":315,"column":4},"end":{"line":315,"column":22}},"225":{"start":{"line":318,"column":0},"end":{"line":326,"column":3}},"226":{"start":{"line":319,"column":41},"end":{"line":319,"column":49}},"227":{"start":{"line":320,"column":19},"end":{"line":320,"column":32}},"228":{"start":{"line":321,"column":30},"end":{"line":321,"column":124}},"229":{"start":{"line":322,"column":4},"end":{"line":322,"column":89}},"230":{"start":{"line":322,"column":18},"end":{"line":322,"column":89}},"231":{"start":{"line":323,"column":35},"end":{"line":323,"column":119}},"232":{"start":{"line":324,"column":4},"end":{"line":324,"column":73}},"233":{"start":{"line":324,"column":21},"end":{"line":324,"column":73}},"234":{"start":{"line":325,"column":4},"end":{"line":325,"column":32}},"235":{"start":{"line":329,"column":0},"end":{"line":333,"column":3}},"236":{"start":{"line":330,"column":28},"end":{"line":330,"column":148}},"237":{"start":{"line":331,"column":4},"end":{"line":331,"column":69}},"238":{"start":{"line":331,"column":15},"end":{"line":331,"column":69}},"239":{"start":{"line":332,"column":4},"end":{"line":332,"column":25}},"240":{"start":{"line":334,"column":0},"end":{"line":343,"column":3}},"241":{"start":{"line":335,"column":4},"end":{"line":342,"column":81}},"242":{"start":{"line":336,"column":52},"end":{"line":336,"column":60}},"243":{"start":{"line":337,"column":23},"end":{"line":337,"column":59}},"244":{"start":{"line":338,"column":20},"end":{"line":338,"column":99}},"245":{"start":{"line":339,"column":32},"end":{"line":339,"column":187}},"246":{"start":{"line":340,"column":8},"end":{"line":340,"column":31}},"247":{"start":{"line":340,"column":19},"end":{"line":340,"column":31}},"248":{"start":{"line":341,"column":8},"end":{"line":341,"column":26}},"249":{"start":{"line":342,"column":18},"end":{"line":342,"column":35}},"250":{"start":{"line":342,"column":36},"end":{"line":342,"column":79}},"251":{"start":{"line":344,"column":0},"end":{"line":348,"column":3}},"252":{"start":{"line":345,"column":22},"end":{"line":345,"column":88}},"253":{"start":{"line":346,"column":4},"end":{"line":346,"column":69}},"254":{"start":{"line":346,"column":15},"end":{"line":346,"column":69}},"255":{"start":{"line":347,"column":4},"end":{"line":347,"column":19}},"256":{"start":{"line":351,"column":0},"end":{"line":355,"column":3}},"257":{"start":{"line":352,"column":28},"end":{"line":352,"column":168}},"258":{"start":{"line":353,"column":4},"end":{"line":353,"column":69}},"259":{"start":{"line":353,"column":15},"end":{"line":353,"column":69}},"260":{"start":{"line":354,"column":4},"end":{"line":354,"column":25}},"261":{"start":{"line":356,"column":0},"end":{"line":363,"column":3}},"262":{"start":{"line":357,"column":36},"end":{"line":357,"column":44}},"263":{"start":{"line":358,"column":31},"end":{"line":358,"column":142}},"264":{"start":{"line":359,"column":4},"end":{"line":359,"column":44}},"265":{"start":{"line":359,"column":18},"end":{"line":359,"column":44}},"266":{"start":{"line":360,"column":28},"end":{"line":360,"column":112}},"267":{"start":{"line":361,"column":4},"end":{"line":361,"column":69}},"268":{"start":{"line":361,"column":15},"end":{"line":361,"column":69}},"269":{"start":{"line":362,"column":4},"end":{"line":362,"column":19}},"270":{"start":{"line":364,"column":0},"end":{"line":367,"column":3}},"271":{"start":{"line":365,"column":4},"end":{"line":365,"column":115}},"272":{"start":{"line":366,"column":4},"end":{"line":366,"column":19}},"273":{"start":{"line":368,"column":0},"end":{"line":371,"column":3}},"274":{"start":{"line":369,"column":4},"end":{"line":369,"column":70}},"275":{"start":{"line":370,"column":4},"end":{"line":370,"column":19}},"276":{"start":{"line":373,"column":0},"end":{"line":373,"column":79}},"277":{"start":{"line":373,"column":52},"end":{"line":373,"column":77}},"278":{"start":{"line":374,"column":0},"end":{"line":374,"column":67}},"279":{"start":{"line":374,"column":53},"end":{"line":374,"column":65}},"280":{"start":{"line":379,"column":0},"end":{"line":390,"column":3}},"281":{"start":{"line":380,"column":24},"end":{"line":380,"column":33}},"282":{"start":{"line":381,"column":4},"end":{"line":389,"column":63}},"283":{"start":{"line":382,"column":18},"end":{"line":382,"column":53}},"284":{"start":{"line":383,"column":8},"end":{"line":386,"column":9}},"285":{"start":{"line":384,"column":33},"end":{"line":384,"column":136}},"286":{"start":{"line":385,"column":12},"end":{"line":385,"column":80}},"287":{"start":{"line":385,"column":20},"end":{"line":385,"column":80}},"288":{"start":{"line":387,"column":8},"end":{"line":387,"column":76}},"289":{"start":{"line":387,"column":18},"end":{"line":387,"column":76}},"290":{"start":{"line":388,"column":8},"end":{"line":388,"column":96}},"291":{"start":{"line":389,"column":18},"end":{"line":389,"column":61}},"292":{"start":{"line":392,"column":0},"end":{"line":396,"column":3}},"293":{"start":{"line":393,"column":28},"end":{"line":393,"column":189}},"294":{"start":{"line":394,"column":4},"end":{"line":394,"column":35}},"295":{"start":{"line":394,"column":15},"end":{"line":394,"column":35}},"296":{"start":{"line":395,"column":4},"end":{"line":395,"column":25}},"297":{"start":{"line":398,"column":0},"end":{"line":443,"column":3}},"298":{"start":{"line":399,"column":157},"end":{"line":399,"column":165}},"299":{"start":{"line":400,"column":4},"end":{"line":442,"column":92}},"300":{"start":{"line":401,"column":40},"end":{"line":401,"column":85}},"301":{"start":{"line":402,"column":34},"end":{"line":402,"column":80}},"302":{"start":{"line":402,"column":58},"end":{"line":402,"column":79}},"303":{"start":{"line":403,"column":8},"end":{"line":403,"column":97}},"304":{"start":{"line":403,"column":32},"end":{"line":403,"column":97}},"305":{"start":{"line":404,"column":26},"end":{"line":404,"column":101}},"306":{"start":{"line":405,"column":21},"end":{"line":405,"column":104}},"307":{"start":{"line":406,"column":29},"end":{"line":406,"column":95}},"308":{"start":{"line":407,"column":21},"end":{"line":407,"column":29}},"309":{"start":{"line":408,"column":8},"end":{"line":412,"column":9}},"310":{"start":{"line":409,"column":26},"end":{"line":409,"column":47}},"311":{"start":{"line":410,"column":38},"end":{"line":410,"column":272}},"312":{"start":{"line":411,"column":12},"end":{"line":411,"column":35}},"313":{"start":{"line":413,"column":25},"end":{"line":413,"column":26}},"314":{"start":{"line":413,"column":44},"end":{"line":413,"column":46}},"315":{"start":{"line":413,"column":73},"end":{"line":413,"column":78}},"316":{"start":{"line":414,"column":8},"end":{"line":435,"column":9}},"317":{"start":{"line":415,"column":32},"end":{"line":415,"column":129}},"318":{"start":{"line":416,"column":12},"end":{"line":416,"column":29}},"319":{"start":{"line":416,"column":20},"end":{"line":416,"column":29}},"320":{"start":{"line":417,"column":33},"end":{"line":417,"column":60}},"321":{"start":{"line":418,"column":12},"end":{"line":418,"column":55}},"322":{"start":{"line":419,"column":12},"end":{"line":419,"column":100}},"323":{"start":{"line":420,"column":32},"end":{"line":424,"column":17}},"324":{"start":{"line":421,"column":27},"end":{"line":421,"column":85}},"325":{"start":{"line":421,"column":51},"end":{"line":421,"column":84}},"326":{"start":{"line":422,"column":16},"end":{"line":422,"column":134}},"327":{"start":{"line":422,"column":100},"end":{"line":422,"column":134}},"328":{"start":{"line":423,"column":16},"end":{"line":423,"column":27}},"329":{"start":{"line":425,"column":12},"end":{"line":425,"column":71}},"330":{"start":{"line":425,"column":45},"end":{"line":425,"column":71}},"331":{"start":{"line":426,"column":31},"end":{"line":426,"column":44}},"332":{"start":{"line":427,"column":33},"end":{"line":427,"column":113}},"333":{"start":{"line":427,"column":71},"end":{"line":427,"column":111}},"334":{"start":{"line":428,"column":12},"end":{"line":434,"column":13}},"335":{"start":{"line":429,"column":16},"end":{"line":429,"column":45}},"336":{"start":{"line":429,"column":39},"end":{"line":429,"column":45}},"337":{"start":{"line":430,"column":16},"end":{"line":430,"column":50}},"338":{"start":{"line":430,"column":41},"end":{"line":430,"column":50}},"339":{"start":{"line":431,"column":35},"end":{"line":431,"column":73}},"340":{"start":{"line":432,"column":16},"end":{"line":432,"column":43}},"341":{"start":{"line":433,"column":16},"end":{"line":433,"column":123}},"342":{"start":{"line":436,"column":34},"end":{"line":436,"column":60}},"343":{"start":{"line":437,"column":32},"end":{"line":437,"column":74}},"344":{"start":{"line":438,"column":45},"end":{"line":438,"column":430}},"345":{"start":{"line":439,"column":8},"end":{"line":439,"column":29}},"346":{"start":{"line":439,"column":18},"end":{"line":439,"column":29}},"347":{"start":{"line":440,"column":8},"end":{"line":440,"column":105}},"348":{"start":{"line":440,"column":70},"end":{"line":440,"column":101}},"349":{"start":{"line":441,"column":8},"end":{"line":441,"column":67}},"350":{"start":{"line":442,"column":20},"end":{"line":442,"column":39}},"351":{"start":{"line":442,"column":40},"end":{"line":442,"column":90}},"352":{"start":{"line":445,"column":0},"end":{"line":450,"column":3}},"353":{"start":{"line":446,"column":4},"end":{"line":449,"column":81}},"354":{"start":{"line":447,"column":32},"end":{"line":447,"column":111}},"355":{"start":{"line":448,"column":8},"end":{"line":448,"column":26}},"356":{"start":{"line":449,"column":18},"end":{"line":449,"column":35}},"357":{"start":{"line":449,"column":36},"end":{"line":449,"column":79}},"358":{"start":{"line":453,"column":0},"end":{"line":462,"column":3}},"359":{"start":{"line":454,"column":4},"end":{"line":461,"column":81}},"360":{"start":{"line":455,"column":51},"end":{"line":455,"column":59}},"361":{"start":{"line":456,"column":24},"end":{"line":456,"column":194}},"362":{"start":{"line":457,"column":8},"end":{"line":457,"column":54}},"363":{"start":{"line":458,"column":25},"end":{"line":458,"column":94}},"364":{"start":{"line":459,"column":8},"end":{"line":460,"column":52}},"365":{"start":{"line":459,"column":35},"end":{"line":459,"column":92}},"366":{"start":{"line":460,"column":13},"end":{"line":460,"column":52}},"367":{"start":{"line":461,"column":18},"end":{"line":461,"column":35}},"368":{"start":{"line":461,"column":36},"end":{"line":461,"column":79}},"369":{"start":{"line":467,"column":0},"end":{"line":473,"column":3}},"370":{"start":{"line":468,"column":4},"end":{"line":472,"column":63}},"371":{"start":{"line":469,"column":32},"end":{"line":469,"column":211}},"372":{"start":{"line":470,"column":8},"end":{"line":470,"column":31}},"373":{"start":{"line":470,"column":19},"end":{"line":470,"column":31}},"374":{"start":{"line":471,"column":8},"end":{"line":471,"column":29}},"375":{"start":{"line":472,"column":18},"end":{"line":472,"column":61}},"376":{"start":{"line":474,"column":0},"end":{"line":480,"column":3}},"377":{"start":{"line":475,"column":4},"end":{"line":479,"column":63}},"378":{"start":{"line":476,"column":32},"end":{"line":476,"column":154}},"379":{"start":{"line":477,"column":8},"end":{"line":477,"column":31}},"380":{"start":{"line":477,"column":19},"end":{"line":477,"column":31}},"381":{"start":{"line":478,"column":8},"end":{"line":478,"column":26}},"382":{"start":{"line":479,"column":18},"end":{"line":479,"column":61}},"383":{"start":{"line":481,"column":0},"end":{"line":487,"column":3}},"384":{"start":{"line":482,"column":4},"end":{"line":486,"column":63}},"385":{"start":{"line":483,"column":32},"end":{"line":483,"column":112}},"386":{"start":{"line":484,"column":8},"end":{"line":484,"column":31}},"387":{"start":{"line":484,"column":19},"end":{"line":484,"column":31}},"388":{"start":{"line":485,"column":8},"end":{"line":485,"column":26}},"389":{"start":{"line":486,"column":18},"end":{"line":486,"column":61}},"390":{"start":{"line":492,"column":0},"end":{"line":501,"column":3}},"391":{"start":{"line":493,"column":21},"end":{"line":493,"column":30}},"392":{"start":{"line":494,"column":23},"end":{"line":494,"column":66}},"393":{"start":{"line":495,"column":4},"end":{"line":500,"column":75}},"394":{"start":{"line":496,"column":8},"end":{"line":496,"column":60}},"395":{"start":{"line":496,"column":40},"end":{"line":496,"column":60}},"396":{"start":{"line":497,"column":22},"end":{"line":497,"column":76}},"397":{"start":{"line":498,"column":21},"end":{"line":498,"column":149}},"398":{"start":{"line":498,"column":39},"end":{"line":498,"column":47}},"399":{"start":{"line":498,"column":63},"end":{"line":498,"column":121}},"400":{"start":{"line":498,"column":69},"end":{"line":498,"column":93}},"401":{"start":{"line":498,"column":107},"end":{"line":498,"column":119}},"402":{"start":{"line":498,"column":137},"end":{"line":498,"column":138}},"403":{"start":{"line":499,"column":8},"end":{"line":499,"column":37}},"404":{"start":{"line":500,"column":18},"end":{"line":500,"column":73}},"405":{"start":{"line":503,"column":0},"end":{"line":507,"column":3}},"406":{"start":{"line":504,"column":28},"end":{"line":504,"column":111}},"407":{"start":{"line":505,"column":4},"end":{"line":505,"column":50}},"408":{"start":{"line":505,"column":15},"end":{"line":505,"column":50}},"409":{"start":{"line":506,"column":4},"end":{"line":506,"column":25}},"410":{"start":{"line":509,"column":0},"end":{"line":513,"column":3}},"411":{"start":{"line":510,"column":28},"end":{"line":510,"column":93}},"412":{"start":{"line":511,"column":4},"end":{"line":511,"column":50}},"413":{"start":{"line":511,"column":15},"end":{"line":511,"column":50}},"414":{"start":{"line":512,"column":4},"end":{"line":512,"column":22}},"415":{"start":{"line":515,"column":0},"end":{"line":519,"column":3}},"416":{"start":{"line":516,"column":28},"end":{"line":516,"column":115}},"417":{"start":{"line":517,"column":4},"end":{"line":517,"column":50}},"418":{"start":{"line":517,"column":15},"end":{"line":517,"column":50}},"419":{"start":{"line":518,"column":4},"end":{"line":518,"column":22}},"420":{"start":{"line":521,"column":0},"end":{"line":525,"column":3}},"421":{"start":{"line":522,"column":22},"end":{"line":522,"column":92}},"422":{"start":{"line":523,"column":4},"end":{"line":523,"column":50}},"423":{"start":{"line":523,"column":15},"end":{"line":523,"column":50}},"424":{"start":{"line":524,"column":4},"end":{"line":524,"column":24}},"425":{"start":{"line":531,"column":0},"end":{"line":534,"column":3}},"426":{"start":{"line":532,"column":4},"end":{"line":532,"column":23}},"427":{"start":{"line":533,"column":4},"end":{"line":533,"column":88}},"428":{"start":{"line":536,"column":0},"end":{"line":536,"column":90}},"429":{"start":{"line":536,"column":30},"end":{"line":536,"column":88}},"430":{"start":{"line":538,"column":0},"end":{"line":540,"column":1}},"431":{"start":{"line":539,"column":4},"end":{"line":539,"column":96}},"432":{"start":{"line":539,"column":27},"end":{"line":539,"column":94}},"433":{"start":{"line":541,"column":0},"end":{"line":541,"column":21}}},"fnMap":{"0":{"name":"(anonymous_0)","decl":{"start":{"line":63,"column":19},"end":{"line":63,"column":20}},"loc":{"start":{"line":63,"column":45},"end":{"line":69,"column":1}},"line":63},"1":{"name":"(anonymous_1)","decl":{"start":{"line":79,"column":33},"end":{"line":79,"column":34}},"loc":{"start":{"line":79,"column":38},"end":{"line":79,"column":89}},"line":79},"2":{"name":"(anonymous_2)","decl":{"start":{"line":81,"column":17},"end":{"line":81,"column":18}},"loc":{"start":{"line":81,"column":37},"end":{"line":88,"column":1}},"line":81},"3":{"name":"(anonymous_3)","decl":{"start":{"line":87,"column":35},"end":{"line":87,"column":36}},"loc":{"start":{"line":87,"column":44},"end":{"line":87,"column":99}},"line":87},"4":{"name":"(anonymous_4)","decl":{"start":{"line":90,"column":20},"end":{"line":90,"column":21}},"loc":{"start":{"line":90,"column":61},"end":{"line":101,"column":1}},"line":90},"5":{"name":"(anonymous_5)","decl":{"start":{"line":103,"column":17},"end":{"line":103,"column":18}},"loc":{"start":{"line":103,"column":38},"end":{"line":110,"column":1}},"line":103},"6":{"name":"(anonymous_6)","decl":{"start":{"line":112,"column":8},"end":{"line":112,"column":9}},"loc":{"start":{"line":112,"column":28},"end":{"line":117,"column":1}},"line":112},"7":{"name":"(anonymous_7)","decl":{"start":{"line":114,"column":25},"end":{"line":114,"column":26}},"loc":{"start":{"line":114,"column":31},"end":{"line":114,"column":136}},"line":114},"8":{"name":"getYandexCoordinates","decl":{"start":{"line":122,"column":15},"end":{"line":122,"column":35}},"loc":{"start":{"line":122,"column":45},"end":{"line":131,"column":1}},"line":122},"9":{"name":"(anonymous_9)","decl":{"start":{"line":133,"column":20},"end":{"line":133,"column":21}},"loc":{"start":{"line":133,"column":40},"end":{"line":137,"column":1}},"line":133},"10":{"name":"generateTinkoffToken","decl":{"start":{"line":139,"column":9},"end":{"line":139,"column":29}},"loc":{"start":{"line":139,"column":38},"end":{"line":145,"column":1}},"line":139},"11":{"name":"(anonymous_11)","decl":{"start":{"line":143,"column":49},"end":{"line":143,"column":50}},"loc":{"start":{"line":143,"column":63},"end":{"line":143,"column":78}},"line":143},"12":{"name":"(anonymous_12)","decl":{"start":{"line":150,"column":55},"end":{"line":150,"column":56}},"loc":{"start":{"line":150,"column":75},"end":{"line":165,"column":1}},"line":150},"13":{"name":"(anonymous_13)","decl":{"start":{"line":167,"column":58},"end":{"line":167,"column":59}},"loc":{"start":{"line":167,"column":78},"end":{"line":174,"column":1}},"line":167},"14":{"name":"(anonymous_14)","decl":{"start":{"line":179,"column":35},"end":{"line":179,"column":36}},"loc":{"start":{"line":179,"column":55},"end":{"line":185,"column":1}},"line":179},"15":{"name":"(anonymous_15)","decl":{"start":{"line":187,"column":31},"end":{"line":187,"column":32}},"loc":{"start":{"line":187,"column":51},"end":{"line":195,"column":1}},"line":187},"16":{"name":"(anonymous_16)","decl":{"start":{"line":193,"column":52},"end":{"line":193,"column":53}},"loc":{"start":{"line":193,"column":58},"end":{"line":193,"column":132}},"line":193},"17":{"name":"(anonymous_17)","decl":{"start":{"line":197,"column":33},"end":{"line":197,"column":34}},"loc":{"start":{"line":197,"column":53},"end":{"line":200,"column":1}},"line":197},"18":{"name":"(anonymous_18)","decl":{"start":{"line":202,"column":36},"end":{"line":202,"column":37}},"loc":{"start":{"line":202,"column":56},"end":{"line":205,"column":1}},"line":202},"19":{"name":"(anonymous_19)","decl":{"start":{"line":207,"column":45},"end":{"line":207,"column":46}},"loc":{"start":{"line":207,"column":65},"end":{"line":220,"column":1}},"line":207},"20":{"name":"(anonymous_20)","decl":{"start":{"line":215,"column":22},"end":{"line":215,"column":23}},"loc":{"start":{"line":215,"column":27},"end":{"line":215,"column":124}},"line":215},"21":{"name":"(anonymous_21)","decl":{"start":{"line":216,"column":51},"end":{"line":216,"column":52}},"loc":{"start":{"line":216,"column":60},"end":{"line":216,"column":81}},"line":216},"22":{"name":"(anonymous_22)","decl":{"start":{"line":222,"column":37},"end":{"line":222,"column":38}},"loc":{"start":{"line":222,"column":57},"end":{"line":226,"column":1}},"line":222},"23":{"name":"(anonymous_23)","decl":{"start":{"line":228,"column":31},"end":{"line":228,"column":32}},"loc":{"start":{"line":228,"column":51},"end":{"line":233,"column":1}},"line":228},"24":{"name":"(anonymous_24)","decl":{"start":{"line":238,"column":27},"end":{"line":238,"column":28}},"loc":{"start":{"line":238,"column":47},"end":{"line":242,"column":1}},"line":238},"25":{"name":"(anonymous_25)","decl":{"start":{"line":244,"column":25},"end":{"line":244,"column":26}},"loc":{"start":{"line":244,"column":45},"end":{"line":251,"column":1}},"line":244},"26":{"name":"(anonymous_26)","decl":{"start":{"line":253,"column":30},"end":{"line":253,"column":31}},"loc":{"start":{"line":253,"column":50},"end":{"line":262,"column":1}},"line":253},"27":{"name":"(anonymous_27)","decl":{"start":{"line":264,"column":29},"end":{"line":264,"column":30}},"loc":{"start":{"line":264,"column":49},"end":{"line":268,"column":1}},"line":264},"28":{"name":"(anonymous_28)","decl":{"start":{"line":270,"column":33},"end":{"line":270,"column":34}},"loc":{"start":{"line":270,"column":53},"end":{"line":276,"column":1}},"line":270},"29":{"name":"(anonymous_29)","decl":{"start":{"line":281,"column":32},"end":{"line":281,"column":33}},"loc":{"start":{"line":281,"column":52},"end":{"line":295,"column":1}},"line":281},"30":{"name":"(anonymous_30)","decl":{"start":{"line":297,"column":29},"end":{"line":297,"column":30}},"loc":{"start":{"line":297,"column":49},"end":{"line":304,"column":1}},"line":297},"31":{"name":"(anonymous_31)","decl":{"start":{"line":306,"column":34},"end":{"line":306,"column":35}},"loc":{"start":{"line":306,"column":54},"end":{"line":310,"column":1}},"line":306},"32":{"name":"(anonymous_32)","decl":{"start":{"line":312,"column":34},"end":{"line":312,"column":35}},"loc":{"start":{"line":312,"column":54},"end":{"line":316,"column":1}},"line":312},"33":{"name":"(anonymous_33)","decl":{"start":{"line":318,"column":43},"end":{"line":318,"column":44}},"loc":{"start":{"line":318,"column":63},"end":{"line":326,"column":1}},"line":318},"34":{"name":"(anonymous_34)","decl":{"start":{"line":329,"column":30},"end":{"line":329,"column":31}},"loc":{"start":{"line":329,"column":50},"end":{"line":333,"column":1}},"line":329},"35":{"name":"(anonymous_35)","decl":{"start":{"line":334,"column":23},"end":{"line":334,"column":24}},"loc":{"start":{"line":334,"column":43},"end":{"line":343,"column":1}},"line":334},"36":{"name":"(anonymous_36)","decl":{"start":{"line":344,"column":29},"end":{"line":344,"column":30}},"loc":{"start":{"line":344,"column":49},"end":{"line":348,"column":1}},"line":344},"37":{"name":"(anonymous_37)","decl":{"start":{"line":351,"column":33},"end":{"line":351,"column":34}},"loc":{"start":{"line":351,"column":53},"end":{"line":355,"column":1}},"line":351},"38":{"name":"(anonymous_38)","decl":{"start":{"line":356,"column":26},"end":{"line":356,"column":27}},"loc":{"start":{"line":356,"column":46},"end":{"line":363,"column":1}},"line":356},"39":{"name":"(anonymous_39)","decl":{"start":{"line":364,"column":44},"end":{"line":364,"column":45}},"loc":{"start":{"line":364,"column":64},"end":{"line":367,"column":1}},"line":364},"40":{"name":"(anonymous_40)","decl":{"start":{"line":368,"column":32},"end":{"line":368,"column":33}},"loc":{"start":{"line":368,"column":52},"end":{"line":371,"column":1}},"line":368},"41":{"name":"(anonymous_41)","decl":{"start":{"line":373,"column":38},"end":{"line":373,"column":39}},"loc":{"start":{"line":373,"column":52},"end":{"line":373,"column":77}},"line":373},"42":{"name":"(anonymous_42)","decl":{"start":{"line":374,"column":33},"end":{"line":374,"column":34}},"loc":{"start":{"line":374,"column":53},"end":{"line":374,"column":65}},"line":374},"43":{"name":"(anonymous_43)","decl":{"start":{"line":379,"column":32},"end":{"line":379,"column":33}},"loc":{"start":{"line":379,"column":52},"end":{"line":390,"column":1}},"line":379},"44":{"name":"(anonymous_44)","decl":{"start":{"line":392,"column":31},"end":{"line":392,"column":32}},"loc":{"start":{"line":392,"column":51},"end":{"line":396,"column":1}},"line":392},"45":{"name":"(anonymous_45)","decl":{"start":{"line":398,"column":24},"end":{"line":398,"column":25}},"loc":{"start":{"line":398,"column":44},"end":{"line":443,"column":1}},"line":398},"46":{"name":"(anonymous_46)","decl":{"start":{"line":402,"column":53},"end":{"line":402,"column":54}},"loc":{"start":{"line":402,"column":58},"end":{"line":402,"column":79}},"line":402},"47":{"name":"(anonymous_47)","decl":{"start":{"line":420,"column":56},"end":{"line":420,"column":57}},"loc":{"start":{"line":420,"column":78},"end":{"line":424,"column":13}},"line":420},"48":{"name":"(anonymous_48)","decl":{"start":{"line":421,"column":46},"end":{"line":421,"column":47}},"loc":{"start":{"line":421,"column":51},"end":{"line":421,"column":84}},"line":421},"49":{"name":"(anonymous_49)","decl":{"start":{"line":427,"column":60},"end":{"line":427,"column":61}},"loc":{"start":{"line":427,"column":71},"end":{"line":427,"column":111}},"line":427},"50":{"name":"(anonymous_50)","decl":{"start":{"line":440,"column":64},"end":{"line":440,"column":65}},"loc":{"start":{"line":440,"column":70},"end":{"line":440,"column":101}},"line":440},"51":{"name":"(anonymous_51)","decl":{"start":{"line":445,"column":29},"end":{"line":445,"column":30}},"loc":{"start":{"line":445,"column":49},"end":{"line":450,"column":1}},"line":445},"52":{"name":"(anonymous_52)","decl":{"start":{"line":453,"column":38},"end":{"line":453,"column":39}},"loc":{"start":{"line":453,"column":58},"end":{"line":462,"column":1}},"line":453},"53":{"name":"(anonymous_53)","decl":{"start":{"line":467,"column":35},"end":{"line":467,"column":36}},"loc":{"start":{"line":467,"column":55},"end":{"line":473,"column":1}},"line":467},"54":{"name":"(anonymous_54)","decl":{"start":{"line":474,"column":25},"end":{"line":474,"column":26}},"loc":{"start":{"line":474,"column":45},"end":{"line":480,"column":1}},"line":474},"55":{"name":"(anonymous_55)","decl":{"start":{"line":481,"column":30},"end":{"line":481,"column":31}},"loc":{"start":{"line":481,"column":50},"end":{"line":487,"column":1}},"line":481},"56":{"name":"(anonymous_56)","decl":{"start":{"line":492,"column":47},"end":{"line":492,"column":48}},"loc":{"start":{"line":492,"column":61},"end":{"line":501,"column":1}},"line":492},"57":{"name":"(anonymous_57)","decl":{"start":{"line":498,"column":34},"end":{"line":498,"column":35}},"loc":{"start":{"line":498,"column":39},"end":{"line":498,"column":47}},"line":498},"58":{"name":"(anonymous_58)","decl":{"start":{"line":498,"column":53},"end":{"line":498,"column":54}},"loc":{"start":{"line":498,"column":61},"end":{"line":498,"column":123}},"line":498},"59":{"name":"(anonymous_59)","decl":{"start":{"line":498,"column":132},"end":{"line":498,"column":133}},"loc":{"start":{"line":498,"column":137},"end":{"line":498,"column":138}},"line":498},"60":{"name":"(anonymous_60)","decl":{"start":{"line":503,"column":42},"end":{"line":503,"column":43}},"loc":{"start":{"line":503,"column":62},"end":{"line":507,"column":1}},"line":503},"61":{"name":"(anonymous_61)","decl":{"start":{"line":509,"column":43},"end":{"line":509,"column":44}},"loc":{"start":{"line":509,"column":63},"end":{"line":513,"column":1}},"line":509},"62":{"name":"(anonymous_62)","decl":{"start":{"line":515,"column":46},"end":{"line":515,"column":47}},"loc":{"start":{"line":515,"column":66},"end":{"line":519,"column":1}},"line":515},"63":{"name":"(anonymous_63)","decl":{"start":{"line":521,"column":49},"end":{"line":521,"column":50}},"loc":{"start":{"line":521,"column":69},"end":{"line":525,"column":1}},"line":521},"64":{"name":"(anonymous_64)","decl":{"start":{"line":531,"column":8},"end":{"line":531,"column":9}},"loc":{"start":{"line":531,"column":33},"end":{"line":534,"column":1}},"line":531},"65":{"name":"(anonymous_65)","decl":{"start":{"line":536,"column":16},"end":{"line":536,"column":17}},"loc":{"start":{"line":536,"column":30},"end":{"line":536,"column":88}},"line":536},"66":{"name":"(anonymous_66)","decl":{"start":{"line":539,"column":21},"end":{"line":539,"column":22}},"loc":{"start":{"line":539,"column":27},"end":{"line":539,"column":94}},"line":539}},"branchMap":{"0":{"loc":{"start":{"line":17,"column":13},"end":{"line":17,"column":37}},"type":"binary-expr","locations":[{"start":{"line":17,"column":13},"end":{"line":17,"column":29}},{"start":{"line":17,"column":33},"end":{"line":17,"column":37}}],"line":17},"1":{"loc":{"start":{"line":24,"column":21},"end":{"line":24,"column":76}},"type":"binary-expr","locations":[{"start":{"line":24,"column":21},"end":{"line":24,"column":45}},{"start":{"line":24,"column":49},"end":{"line":24,"column":76}}],"line":24},"2":{"loc":{"start":{"line":25,"column":25},"end":{"line":25,"column":74}},"type":"binary-expr","locations":[{"start":{"line":25,"column":25},"end":{"line":25,"column":53}},{"start":{"line":25,"column":57},"end":{"line":25,"column":74}}],"line":25},"3":{"loc":{"start":{"line":26,"column":23},"end":{"line":26,"column":65}},"type":"binary-expr","locations":[{"start":{"line":26,"column":23},"end":{"line":26,"column":49}},{"start":{"line":26,"column":53},"end":{"line":26,"column":65}}],"line":26},"4":{"loc":{"start":{"line":64,"column":4},"end":{"line":68,"column":5}},"type":"if","locations":[{"start":{"line":64,"column":4},"end":{"line":68,"column":5}},{"start":{"line":66,"column":11},"end":{"line":68,"column":5}}],"line":64},"5":{"loc":{"start":{"line":78,"column":0},"end":{"line":78,"column":53}},"type":"if","locations":[{"start":{"line":78,"column":0},"end":{"line":78,"column":53}},{"start":{},"end":{}}],"line":78},"6":{"loc":{"start":{"line":79,"column":40},"end":{"line":79,"column":87}},"type":"if","locations":[{"start":{"line":79,"column":40},"end":{"line":79,"column":87}},{"start":{},"end":{}}],"line":79},"7":{"loc":{"start":{"line":87,"column":46},"end":{"line":87,"column":97}},"type":"if","locations":[{"start":{"line":87,"column":46},"end":{"line":87,"column":97}},{"start":{},"end":{}}],"line":87},"8":{"loc":{"start":{"line":90,"column":43},"end":{"line":90,"column":56}},"type":"default-arg","locations":[{"start":{"line":90,"column":54},"end":{"line":90,"column":56}}],"line":90},"9":{"loc":{"start":{"line":92,"column":4},"end":{"line":95,"column":5}},"type":"if","locations":[{"start":{"line":92,"column":4},"end":{"line":95,"column":5}},{"start":{},"end":{}}],"line":92},"10":{"loc":{"start":{"line":98,"column":20},"end":{"line":98,"column":55}},"type":"binary-expr","locations":[{"start":{"line":98,"column":20},"end":{"line":98,"column":44}},{"start":{"line":98,"column":48},"end":{"line":98,"column":55}}],"line":98},"11":{"loc":{"start":{"line":98,"column":79},"end":{"line":98,"column":116}},"type":"binary-expr","locations":[{"start":{"line":98,"column":79},"end":{"line":98,"column":105}},{"start":{"line":98,"column":109},"end":{"line":98,"column":116}}],"line":98},"12":{"loc":{"start":{"line":103,"column":23},"end":{"line":103,"column":33}},"type":"default-arg","locations":[{"start":{"line":103,"column":29},"end":{"line":103,"column":33}}],"line":103},"13":{"loc":{"start":{"line":106,"column":15},"end":{"line":106,"column":66}},"type":"cond-expr","locations":[{"start":{"line":106,"column":27},"end":{"line":106,"column":58}},{"start":{"line":106,"column":61},"end":{"line":106,"column":66}}],"line":106},"14":{"loc":{"start":{"line":107,"column":13},"end":{"line":107,"column":37}},"type":"cond-expr","locations":[{"start":{"line":107,"column":19},"end":{"line":107,"column":26}},{"start":{"line":107,"column":29},"end":{"line":107,"column":37}}],"line":107},"15":{"loc":{"start":{"line":107,"column":47},"end":{"line":107,"column":71}},"type":"cond-expr","locations":[{"start":{"line":107,"column":53},"end":{"line":107,"column":63}},{"start":{"line":107,"column":66},"end":{"line":107,"column":71}}],"line":107},"16":{"loc":{"start":{"line":108,"column":14},"end":{"line":108,"column":68}},"type":"cond-expr","locations":[{"start":{"line":108,"column":21},"end":{"line":108,"column":56}},{"start":{"line":108,"column":60},"end":{"line":108,"column":68}}],"line":108},"17":{"loc":{"start":{"line":108,"column":21},"end":{"line":108,"column":56}},"type":"binary-expr","locations":[{"start":{"line":108,"column":21},"end":{"line":108,"column":45}},{"start":{"line":108,"column":49},"end":{"line":108,"column":56}}],"line":108},"18":{"loc":{"start":{"line":113,"column":4},"end":{"line":115,"column":5}},"type":"if","locations":[{"start":{"line":113,"column":4},"end":{"line":115,"column":5}},{"start":{},"end":{}}],"line":113},"19":{"loc":{"start":{"line":113,"column":8},"end":{"line":113,"column":93}},"type":"binary-expr","locations":[{"start":{"line":113,"column":8},"end":{"line":113,"column":34}},{"start":{"line":113,"column":38},"end":{"line":113,"column":93}}],"line":113},"20":{"loc":{"start":{"line":114,"column":33},"end":{"line":114,"column":134}},"type":"if","locations":[{"start":{"line":114,"column":33},"end":{"line":114,"column":134}},{"start":{},"end":{}}],"line":114},"21":{"loc":{"start":{"line":123,"column":4},"end":{"line":123,"column":37}},"type":"if","locations":[{"start":{"line":123,"column":4},"end":{"line":123,"column":37}},{"start":{},"end":{}}],"line":123},"22":{"loc":{"start":{"line":135,"column":4},"end":{"line":136,"column":61}},"type":"if","locations":[{"start":{"line":135,"column":4},"end":{"line":136,"column":61}},{"start":{"line":136,"column":9},"end":{"line":136,"column":61}}],"line":135},"23":{"loc":{"start":{"line":153,"column":8},"end":{"line":153,"column":66}},"type":"if","locations":[{"start":{"line":153,"column":8},"end":{"line":153,"column":66}},{"start":{},"end":{}}],"line":153},"24":{"loc":{"start":{"line":156,"column":24},"end":{"line":156,"column":79}},"type":"binary-expr","locations":[{"start":{"line":156,"column":24},"end":{"line":156,"column":69}},{"start":{"line":156,"column":73},"end":{"line":156,"column":79}}],"line":156},"25":{"loc":{"start":{"line":161,"column":8},"end":{"line":161,"column":31}},"type":"if","locations":[{"start":{"line":161,"column":8},"end":{"line":161,"column":31}},{"start":{},"end":{}}],"line":161},"26":{"loc":{"start":{"line":171,"column":8},"end":{"line":171,"column":31}},"type":"if","locations":[{"start":{"line":171,"column":8},"end":{"line":171,"column":31}},{"start":{},"end":{}}],"line":171},"27":{"loc":{"start":{"line":189,"column":4},"end":{"line":189,"column":43}},"type":"if","locations":[{"start":{"line":189,"column":4},"end":{"line":189,"column":43}},{"start":{},"end":{}}],"line":189},"28":{"loc":{"start":{"line":191,"column":91},"end":{"line":191,"column":107}},"type":"binary-expr","locations":[{"start":{"line":191,"column":91},"end":{"line":191,"column":95}},{"start":{"line":191,"column":99},"end":{"line":191,"column":107}}],"line":191},"29":{"loc":{"start":{"line":199,"column":13},"end":{"line":199,"column":23}},"type":"binary-expr","locations":[{"start":{"line":199,"column":13},"end":{"line":199,"column":17}},{"start":{"line":199,"column":21},"end":{"line":199,"column":23}}],"line":199},"30":{"loc":{"start":{"line":204,"column":13},"end":{"line":204,"column":23}},"type":"binary-expr","locations":[{"start":{"line":204,"column":13},"end":{"line":204,"column":17}},{"start":{"line":204,"column":21},"end":{"line":204,"column":23}}],"line":204},"31":{"loc":{"start":{"line":210,"column":8},"end":{"line":213,"column":9}},"type":"if","locations":[{"start":{"line":210,"column":8},"end":{"line":213,"column":9}},{"start":{},"end":{}}],"line":210},"32":{"loc":{"start":{"line":210,"column":12},"end":{"line":210,"column":35}},"type":"binary-expr","locations":[{"start":{"line":210,"column":12},"end":{"line":210,"column":18}},{"start":{"line":210,"column":22},"end":{"line":210,"column":35}}],"line":210},"33":{"loc":{"start":{"line":215,"column":29},"end":{"line":215,"column":122}},"type":"if","locations":[{"start":{"line":215,"column":29},"end":{"line":215,"column":122}},{"start":{},"end":{}}],"line":215},"34":{"loc":{"start":{"line":215,"column":98},"end":{"line":215,"column":114}},"type":"binary-expr","locations":[{"start":{"line":215,"column":98},"end":{"line":215,"column":109}},{"start":{"line":215,"column":113},"end":{"line":215,"column":114}}],"line":215},"35":{"loc":{"start":{"line":218,"column":17},"end":{"line":218,"column":27}},"type":"binary-expr","locations":[{"start":{"line":218,"column":17},"end":{"line":218,"column":21}},{"start":{"line":218,"column":25},"end":{"line":218,"column":27}}],"line":218},"36":{"loc":{"start":{"line":225,"column":30},"end":{"line":225,"column":40}},"type":"binary-expr","locations":[{"start":{"line":225,"column":30},"end":{"line":225,"column":35}},{"start":{"line":225,"column":39},"end":{"line":225,"column":40}}],"line":225},"37":{"loc":{"start":{"line":225,"column":55},"end":{"line":225,"column":71}},"type":"cond-expr","locations":[{"start":{"line":225,"column":59},"end":{"line":225,"column":67}},{"start":{"line":225,"column":70},"end":{"line":225,"column":71}}],"line":225},"38":{"loc":{"start":{"line":225,"column":85},"end":{"line":225,"column":92}},"type":"binary-expr","locations":[{"start":{"line":225,"column":85},"end":{"line":225,"column":86}},{"start":{"line":225,"column":90},"end":{"line":225,"column":92}}],"line":225},"39":{"loc":{"start":{"line":240,"column":4},"end":{"line":240,"column":69}},"type":"if","locations":[{"start":{"line":240,"column":4},"end":{"line":240,"column":69}},{"start":{},"end":{}}],"line":240},"40":{"loc":{"start":{"line":241,"column":13},"end":{"line":241,"column":23}},"type":"binary-expr","locations":[{"start":{"line":241,"column":13},"end":{"line":241,"column":17}},{"start":{"line":241,"column":21},"end":{"line":241,"column":23}}],"line":241},"41":{"loc":{"start":{"line":247,"column":4},"end":{"line":247,"column":107}},"type":"if","locations":[{"start":{"line":247,"column":4},"end":{"line":247,"column":107}},{"start":{},"end":{}}],"line":247},"42":{"loc":{"start":{"line":247,"column":8},"end":{"line":247,"column":50}},"type":"binary-expr","locations":[{"start":{"line":247,"column":8},"end":{"line":247,"column":19}},{"start":{"line":247,"column":23},"end":{"line":247,"column":50}}],"line":247},"43":{"loc":{"start":{"line":249,"column":4},"end":{"line":249,"column":69}},"type":"if","locations":[{"start":{"line":249,"column":4},"end":{"line":249,"column":69}},{"start":{},"end":{}}],"line":249},"44":{"loc":{"start":{"line":250,"column":13},"end":{"line":250,"column":23}},"type":"binary-expr","locations":[{"start":{"line":250,"column":13},"end":{"line":250,"column":17}},{"start":{"line":250,"column":21},"end":{"line":250,"column":23}}],"line":250},"45":{"loc":{"start":{"line":255,"column":4},"end":{"line":255,"column":78}},"type":"if","locations":[{"start":{"line":255,"column":4},"end":{"line":255,"column":78}},{"start":{},"end":{}}],"line":255},"46":{"loc":{"start":{"line":255,"column":8},"end":{"line":255,"column":26}},"type":"binary-expr","locations":[{"start":{"line":255,"column":8},"end":{"line":255,"column":10}},{"start":{"line":255,"column":14},"end":{"line":255,"column":26}}],"line":255},"47":{"loc":{"start":{"line":260,"column":29},"end":{"line":260,"column":43}},"type":"binary-expr","locations":[{"start":{"line":260,"column":29},"end":{"line":260,"column":37}},{"start":{"line":260,"column":41},"end":{"line":260,"column":43}}],"line":260},"48":{"loc":{"start":{"line":260,"column":57},"end":{"line":260,"column":73}},"type":"binary-expr","locations":[{"start":{"line":260,"column":57},"end":{"line":260,"column":67}},{"start":{"line":260,"column":71},"end":{"line":260,"column":73}}],"line":260},"49":{"loc":{"start":{"line":266,"column":4},"end":{"line":266,"column":69}},"type":"if","locations":[{"start":{"line":266,"column":4},"end":{"line":266,"column":69}},{"start":{},"end":{}}],"line":266},"50":{"loc":{"start":{"line":272,"column":4},"end":{"line":272,"column":77}},"type":"if","locations":[{"start":{"line":272,"column":4},"end":{"line":272,"column":77}},{"start":{},"end":{}}],"line":272},"51":{"loc":{"start":{"line":272,"column":8},"end":{"line":272,"column":55}},"type":"binary-expr","locations":[{"start":{"line":272,"column":8},"end":{"line":272,"column":12}},{"start":{"line":272,"column":16},"end":{"line":272,"column":35}},{"start":{"line":272,"column":39},"end":{"line":272,"column":55}}],"line":272},"52":{"loc":{"start":{"line":274,"column":4},"end":{"line":274,"column":69}},"type":"if","locations":[{"start":{"line":274,"column":4},"end":{"line":274,"column":69}},{"start":{},"end":{}}],"line":274},"53":{"loc":{"start":{"line":285,"column":21},"end":{"line":285,"column":77}},"type":"cond-expr","locations":[{"start":{"line":285,"column":29},"end":{"line":285,"column":48}},{"start":{"line":285,"column":51},"end":{"line":285,"column":77}}],"line":285},"54":{"loc":{"start":{"line":287,"column":8},"end":{"line":290,"column":9}},"type":"if","locations":[{"start":{"line":287,"column":8},"end":{"line":290,"column":9}},{"start":{},"end":{}}],"line":287},"55":{"loc":{"start":{"line":287,"column":12},"end":{"line":287,"column":47}},"type":"binary-expr","locations":[{"start":{"line":287,"column":12},"end":{"line":287,"column":20}},{"start":{"line":287,"column":24},"end":{"line":287,"column":47}}],"line":287},"56":{"loc":{"start":{"line":292,"column":8},"end":{"line":292,"column":31}},"type":"if","locations":[{"start":{"line":292,"column":8},"end":{"line":292,"column":31}},{"start":{},"end":{}}],"line":292},"57":{"loc":{"start":{"line":300,"column":4},"end":{"line":300,"column":80}},"type":"if","locations":[{"start":{"line":300,"column":4},"end":{"line":300,"column":80}},{"start":{},"end":{}}],"line":300},"58":{"loc":{"start":{"line":302,"column":4},"end":{"line":302,"column":76}},"type":"if","locations":[{"start":{"line":302,"column":4},"end":{"line":302,"column":76}},{"start":{},"end":{}}],"line":302},"59":{"loc":{"start":{"line":308,"column":4},"end":{"line":308,"column":80}},"type":"if","locations":[{"start":{"line":308,"column":4},"end":{"line":308,"column":80}},{"start":{},"end":{}}],"line":308},"60":{"loc":{"start":{"line":314,"column":4},"end":{"line":314,"column":69}},"type":"if","locations":[{"start":{"line":314,"column":4},"end":{"line":314,"column":69}},{"start":{},"end":{}}],"line":314},"61":{"loc":{"start":{"line":322,"column":4},"end":{"line":322,"column":89}},"type":"if","locations":[{"start":{"line":322,"column":4},"end":{"line":322,"column":89}},{"start":{},"end":{}}],"line":322},"62":{"loc":{"start":{"line":324,"column":4},"end":{"line":324,"column":73}},"type":"if","locations":[{"start":{"line":324,"column":4},"end":{"line":324,"column":73}},{"start":{},"end":{}}],"line":324},"63":{"loc":{"start":{"line":331,"column":4},"end":{"line":331,"column":69}},"type":"if","locations":[{"start":{"line":331,"column":4},"end":{"line":331,"column":69}},{"start":{},"end":{}}],"line":331},"64":{"loc":{"start":{"line":332,"column":13},"end":{"line":332,"column":23}},"type":"binary-expr","locations":[{"start":{"line":332,"column":13},"end":{"line":332,"column":17}},{"start":{"line":332,"column":21},"end":{"line":332,"column":23}}],"line":332},"65":{"loc":{"start":{"line":338,"column":20},"end":{"line":338,"column":99}},"type":"cond-expr","locations":[{"start":{"line":338,"column":45},"end":{"line":338,"column":51}},{"start":{"line":338,"column":54},"end":{"line":338,"column":99}}],"line":338},"66":{"loc":{"start":{"line":338,"column":54},"end":{"line":338,"column":99}},"type":"cond-expr","locations":[{"start":{"line":338,"column":79},"end":{"line":338,"column":84}},{"start":{"line":338,"column":87},"end":{"line":338,"column":99}}],"line":338},"67":{"loc":{"start":{"line":340,"column":8},"end":{"line":340,"column":31}},"type":"if","locations":[{"start":{"line":340,"column":8},"end":{"line":340,"column":31}},{"start":{},"end":{}}],"line":340},"68":{"loc":{"start":{"line":346,"column":4},"end":{"line":346,"column":69}},"type":"if","locations":[{"start":{"line":346,"column":4},"end":{"line":346,"column":69}},{"start":{},"end":{}}],"line":346},"69":{"loc":{"start":{"line":353,"column":4},"end":{"line":353,"column":69}},"type":"if","locations":[{"start":{"line":353,"column":4},"end":{"line":353,"column":69}},{"start":{},"end":{}}],"line":353},"70":{"loc":{"start":{"line":354,"column":13},"end":{"line":354,"column":23}},"type":"binary-expr","locations":[{"start":{"line":354,"column":13},"end":{"line":354,"column":17}},{"start":{"line":354,"column":21},"end":{"line":354,"column":23}}],"line":354},"71":{"loc":{"start":{"line":359,"column":4},"end":{"line":359,"column":44}},"type":"if","locations":[{"start":{"line":359,"column":4},"end":{"line":359,"column":44}},{"start":{},"end":{}}],"line":359},"72":{"loc":{"start":{"line":361,"column":4},"end":{"line":361,"column":69}},"type":"if","locations":[{"start":{"line":361,"column":4},"end":{"line":361,"column":69}},{"start":{},"end":{}}],"line":361},"73":{"loc":{"start":{"line":383,"column":8},"end":{"line":386,"column":9}},"type":"if","locations":[{"start":{"line":383,"column":8},"end":{"line":386,"column":9}},{"start":{},"end":{}}],"line":383},"74":{"loc":{"start":{"line":385,"column":12},"end":{"line":385,"column":80}},"type":"if","locations":[{"start":{"line":385,"column":12},"end":{"line":385,"column":80}},{"start":{},"end":{}}],"line":385},"75":{"loc":{"start":{"line":387,"column":8},"end":{"line":387,"column":76}},"type":"if","locations":[{"start":{"line":387,"column":8},"end":{"line":387,"column":76}},{"start":{},"end":{}}],"line":387},"76":{"loc":{"start":{"line":394,"column":4},"end":{"line":394,"column":35}},"type":"if","locations":[{"start":{"line":394,"column":4},"end":{"line":394,"column":35}},{"start":{},"end":{}}],"line":394},"77":{"loc":{"start":{"line":395,"column":13},"end":{"line":395,"column":23}},"type":"binary-expr","locations":[{"start":{"line":395,"column":13},"end":{"line":395,"column":17}},{"start":{"line":395,"column":21},"end":{"line":395,"column":23}}],"line":395},"78":{"loc":{"start":{"line":403,"column":8},"end":{"line":403,"column":97}},"type":"if","locations":[{"start":{"line":403,"column":8},"end":{"line":403,"column":97}},{"start":{},"end":{}}],"line":403},"79":{"loc":{"start":{"line":404,"column":26},"end":{"line":404,"column":101}},"type":"binary-expr","locations":[{"start":{"line":404,"column":26},"end":{"line":404,"column":36}},{"start":{"line":404,"column":41},"end":{"line":404,"column":100}}],"line":404},"80":{"loc":{"start":{"line":404,"column":41},"end":{"line":404,"column":100}},"type":"cond-expr","locations":[{"start":{"line":404,"column":71},"end":{"line":404,"column":89}},{"start":{"line":404,"column":92},"end":{"line":404,"column":100}}],"line":404},"81":{"loc":{"start":{"line":405,"column":21},"end":{"line":405,"column":104}},"type":"cond-expr","locations":[{"start":{"line":405,"column":38},"end":{"line":405,"column":66}},{"start":{"line":405,"column":69},"end":{"line":405,"column":104}}],"line":405},"82":{"loc":{"start":{"line":408,"column":8},"end":{"line":412,"column":9}},"type":"if","locations":[{"start":{"line":408,"column":8},"end":{"line":412,"column":9}},{"start":{},"end":{}}],"line":408},"83":{"loc":{"start":{"line":410,"column":137},"end":{"line":410,"column":159}},"type":"binary-expr","locations":[{"start":{"line":410,"column":137},"end":{"line":410,"column":151}},{"start":{"line":410,"column":155},"end":{"line":410,"column":159}}],"line":410},"84":{"loc":{"start":{"line":410,"column":175},"end":{"line":410,"column":197}},"type":"binary-expr","locations":[{"start":{"line":410,"column":175},"end":{"line":410,"column":189}},{"start":{"line":410,"column":193},"end":{"line":410,"column":197}}],"line":410},"85":{"loc":{"start":{"line":416,"column":12},"end":{"line":416,"column":29}},"type":"if","locations":[{"start":{"line":416,"column":12},"end":{"line":416,"column":29}},{"start":{},"end":{}}],"line":416},"86":{"loc":{"start":{"line":417,"column":33},"end":{"line":417,"column":60}},"type":"binary-expr","locations":[{"start":{"line":417,"column":33},"end":{"line":417,"column":49}},{"start":{"line":417,"column":53},"end":{"line":417,"column":60}}],"line":417},"87":{"loc":{"start":{"line":422,"column":16},"end":{"line":422,"column":134}},"type":"if","locations":[{"start":{"line":422,"column":16},"end":{"line":422,"column":134}},{"start":{},"end":{}}],"line":422},"88":{"loc":{"start":{"line":422,"column":20},"end":{"line":422,"column":98}},"type":"binary-expr","locations":[{"start":{"line":422,"column":20},"end":{"line":422,"column":22}},{"start":{"line":422,"column":26},"end":{"line":422,"column":98}}],"line":422},"89":{"loc":{"start":{"line":425,"column":12},"end":{"line":425,"column":71}},"type":"if","locations":[{"start":{"line":425,"column":12},"end":{"line":425,"column":71}},{"start":{},"end":{}}],"line":425},"90":{"loc":{"start":{"line":427,"column":71},"end":{"line":427,"column":111}},"type":"cond-expr","locations":[{"start":{"line":427,"column":105},"end":{"line":427,"column":107}},{"start":{"line":427,"column":110},"end":{"line":427,"column":111}}],"line":427},"91":{"loc":{"start":{"line":429,"column":16},"end":{"line":429,"column":45}},"type":"if","locations":[{"start":{"line":429,"column":16},"end":{"line":429,"column":45}},{"start":{},"end":{}}],"line":429},"92":{"loc":{"start":{"line":430,"column":16},"end":{"line":430,"column":50}},"type":"if","locations":[{"start":{"line":430,"column":16},"end":{"line":430,"column":50}},{"start":{},"end":{}}],"line":430},"93":{"loc":{"start":{"line":436,"column":34},"end":{"line":436,"column":60}},"type":"binary-expr","locations":[{"start":{"line":436,"column":34},"end":{"line":436,"column":55}},{"start":{"line":436,"column":59},"end":{"line":436,"column":60}}],"line":436},"94":{"loc":{"start":{"line":438,"column":189},"end":{"line":438,"column":233}},"type":"cond-expr","locations":[{"start":{"line":438,"column":210},"end":{"line":438,"column":220}},{"start":{"line":438,"column":223},"end":{"line":438,"column":233}}],"line":438},"95":{"loc":{"start":{"line":439,"column":8},"end":{"line":439,"column":29}},"type":"if","locations":[{"start":{"line":439,"column":8},"end":{"line":439,"column":29}},{"start":{},"end":{}}],"line":439},"96":{"loc":{"start":{"line":459,"column":8},"end":{"line":460,"column":52}},"type":"if","locations":[{"start":{"line":459,"column":8},"end":{"line":460,"column":52}},{"start":{"line":460,"column":13},"end":{"line":460,"column":52}}],"line":459},"97":{"loc":{"start":{"line":470,"column":8},"end":{"line":470,"column":31}},"type":"if","locations":[{"start":{"line":470,"column":8},"end":{"line":470,"column":31}},{"start":{},"end":{}}],"line":470},"98":{"loc":{"start":{"line":471,"column":17},"end":{"line":471,"column":27}},"type":"binary-expr","locations":[{"start":{"line":471,"column":17},"end":{"line":471,"column":21}},{"start":{"line":471,"column":25},"end":{"line":471,"column":27}}],"line":471},"99":{"loc":{"start":{"line":477,"column":8},"end":{"line":477,"column":31}},"type":"if","locations":[{"start":{"line":477,"column":8},"end":{"line":477,"column":31}},{"start":{},"end":{}}],"line":477},"100":{"loc":{"start":{"line":484,"column":8},"end":{"line":484,"column":31}},"type":"if","locations":[{"start":{"line":484,"column":8},"end":{"line":484,"column":31}},{"start":{},"end":{}}],"line":484},"101":{"loc":{"start":{"line":494,"column":23},"end":{"line":494,"column":66}},"type":"cond-expr","locations":[{"start":{"line":494,"column":43},"end":{"line":494,"column":52}},{"start":{"line":494,"column":55},"end":{"line":494,"column":66}}],"line":494},"102":{"loc":{"start":{"line":496,"column":8},"end":{"line":496,"column":60}},"type":"if","locations":[{"start":{"line":496,"column":8},"end":{"line":496,"column":60}},{"start":{},"end":{}}],"line":496},"103":{"loc":{"start":{"line":505,"column":4},"end":{"line":505,"column":50}},"type":"if","locations":[{"start":{"line":505,"column":4},"end":{"line":505,"column":50}},{"start":{},"end":{}}],"line":505},"104":{"loc":{"start":{"line":506,"column":13},"end":{"line":506,"column":23}},"type":"binary-expr","locations":[{"start":{"line":506,"column":13},"end":{"line":506,"column":17}},{"start":{"line":506,"column":21},"end":{"line":506,"column":23}}],"line":506},"105":{"loc":{"start":{"line":511,"column":4},"end":{"line":511,"column":50}},"type":"if","locations":[{"start":{"line":511,"column":4},"end":{"line":511,"column":50}},{"start":{},"end":{}}],"line":511},"106":{"loc":{"start":{"line":517,"column":4},"end":{"line":517,"column":50}},"type":"if","locations":[{"start":{"line":517,"column":4},"end":{"line":517,"column":50}},{"start":{},"end":{}}],"line":517},"107":{"loc":{"start":{"line":523,"column":4},"end":{"line":523,"column":50}},"type":"if","locations":[{"start":{"line":523,"column":4},"end":{"line":523,"column":50}},{"start":{},"end":{}}],"line":523},"108":{"loc":{"start":{"line":538,"column":0},"end":{"line":540,"column":1}},"type":"if","locations":[{"start":{"line":538,"column":0},"end":{"line":540,"column":1}},{"start":{},"end":{}}],"line":538}},"s":{"0":1,"1":1,"2":1,"3":1,"4":1,"5":1,"6":1,"7":1,"8":1,"9":1,"10":1,"11":1,"12":1,"13":1,"14":1,"15":1,"16":1,"17":1,"18":1,"19":1,"20":1,"21":1,"22":1,"23":1,"24":1,"25":1,"26":1,"27":1,"28":1,"29":0,"30":1,"31":1,"32":1,"33":1,"34":1,"35":0,"36":1,"37":2,"38":0,"39":1,"40":11,"41":11,"42":11,"43":0,"44":1,"45":10,"46":10,"47":0,"48":0,"49":0,"50":10,"51":1,"52":1,"53":1,"54":19,"55":13,"56":13,"57":10,"58":19,"59":0,"60":0,"61":0,"62":0,"63":0,"64":0,"65":0,"66":0,"67":0,"68":1,"69":3,"70":3,"71":3,"72":0,"73":1,"74":1,"75":1,"76":1,"77":6,"78":1,"79":1,"80":1,"81":1,"82":1,"83":0,"84":1,"85":1,"86":1,"87":1,"88":1,"89":0,"90":1,"91":1,"92":0,"93":0,"94":1,"95":1,"96":1,"97":1,"98":1,"99":0,"100":1,"101":0,"102":1,"103":1,"104":1,"105":1,"106":1,"107":0,"108":0,"109":1,"110":1,"111":1,"112":1,"113":0,"114":0,"115":0,"116":0,"117":0,"118":0,"119":1,"120":0,"121":0,"122":1,"123":0,"124":0,"125":1,"126":0,"127":0,"128":0,"129":0,"130":0,"131":0,"132":0,"133":0,"134":0,"135":0,"136":0,"137":0,"138":0,"139":0,"140":0,"141":1,"142":0,"143":0,"144":0,"145":1,"146":1,"147":1,"148":1,"149":1,"150":1,"151":0,"152":0,"153":1,"154":1,"155":1,"156":0,"157":1,"158":1,"159":0,"160":0,"161":0,"162":0,"163":0,"164":0,"165":0,"166":0,"167":1,"168":1,"169":1,"170":1,"171":0,"172":0,"173":0,"174":0,"175":0,"176":0,"177":0,"178":1,"179":0,"180":0,"181":0,"182":0,"183":1,"184":1,"185":1,"186":0,"187":1,"188":1,"189":0,"190":1,"191":1,"192":0,"193":0,"194":0,"195":0,"196":0,"197":0,"198":0,"199":0,"200":0,"201":0,"202":0,"203":0,"204":0,"205":0,"206":1,"207":2,"208":2,"209":2,"210":0,"211":2,"212":2,"213":1,"214":1,"215":1,"216":0,"217":0,"218":0,"219":0,"220":1,"221":1,"222":1,"223":0,"224":1,"225":1,"226":0,"227":0,"228":0,"229":0,"230":0,"231":0,"232":0,"233":0,"234":0,"235":1,"236":0,"237":0,"238":0,"239":0,"240":1,"241":1,"242":1,"243":1,"244":1,"245":1,"246":1,"247":0,"248":1,"249":0,"250":0,"251":1,"252":0,"253":0,"254":0,"255":0,"256":1,"257":0,"258":0,"259":0,"260":0,"261":1,"262":0,"263":0,"264":0,"265":0,"266":0,"267":0,"268":0,"269":0,"270":1,"271":0,"272":0,"273":1,"274":0,"275":0,"276":1,"277":0,"278":1,"279":0,"280":1,"281":0,"282":0,"283":0,"284":0,"285":0,"286":0,"287":0,"288":0,"289":0,"290":0,"291":0,"292":1,"293":0,"294":0,"295":0,"296":0,"297":1,"298":2,"299":2,"300":2,"301":1,"302":0,"303":1,"304":1,"305":0,"306":0,"307":0,"308":0,"309":0,"310":0,"311":0,"312":0,"313":0,"314":0,"315":0,"316":0,"317":0,"318":0,"319":0,"320":0,"321":0,"322":0,"323":0,"324":0,"325":0,"326":0,"327":0,"328":0,"329":0,"330":0,"331":0,"332":0,"333":0,"334":0,"335":0,"336":0,"337":0,"338":0,"339":0,"340":0,"341":0,"342":0,"343":0,"344":0,"345":0,"346":0,"347":0,"348":0,"349":0,"350":1,"351":1,"352":1,"353":0,"354":0,"355":0,"356":0,"357":0,"358":1,"359":1,"360":1,"361":1,"362":1,"363":1,"364":1,"365":1,"366":0,"367":0,"368":0,"369":1,"370":0,"371":0,"372":0,"373":0,"374":0,"375":0,"376":1,"377":1,"378":1,"379":1,"380":0,"381":1,"382":0,"383":1,"384":0,"385":0,"386":0,"387":0,"388":0,"389":0,"390":1,"391":1,"392":1,"393":1,"394":1,"395":0,"396":1,"397":1,"398":2,"399":2,"400":2,"401":0,"402":2,"403":1,"404":0,"405":1,"406":0,"407":0,"408":0,"409":0,"410":1,"411":0,"412":0,"413":0,"414":0,"415":1,"416":0,"417":0,"418":0,"419":0,"420":1,"421":1,"422":1,"423":0,"424":1,"425":1,"426":0,"427":0,"428":1,"429":1,"430":1,"431":0,"432":0,"433":1},"f":{"0":1,"1":2,"2":11,"3":11,"4":10,"5":1,"6":19,"7":13,"8":0,"9":3,"10":1,"11":6,"12":1,"13":1,"14":1,"15":1,"16":0,"17":0,"18":0,"19":0,"20":0,"21":0,"22":0,"23":1,"24":1,"25":0,"26":1,"27":0,"28":1,"29":0,"30":2,"31":0,"32":1,"33":0,"34":0,"35":1,"36":0,"37":0,"38":0,"39":0,"40":0,"41":0,"42":0,"43":0,"44":0,"45":2,"46":0,"47":0,"48":0,"49":0,"50":0,"51":0,"52":1,"53":0,"54":1,"55":0,"56":1,"57":2,"58":2,"59":2,"60":0,"61":0,"62":0,"63":1,"64":0,"65":1,"66":0},"b":{"0":[1,1],"1":[1,1],"2":[1,1],"3":[1,1],"4":[0,1],"5":[0,1],"6":[0,2],"7":[0,11],"8":[10],"9":[0,10],"10":[10,10],"11":[10,10],"12":[0],"13":[1,0],"14":[1,0],"15":[1,0],"16":[1,0],"17":[1,1],"18":[13,6],"19":[19,18],"20":[10,3],"21":[0,0],"22":[3,0],"23":[0,1],"24":[1,0],"25":[0,1],"26":[0,1],"27":[1,0],"28":[0,0],"29":[0,0],"30":[0,0],"31":[0,0],"32":[0,0],"33":[0,0],"34":[0,0],"35":[0,0],"36":[0,0],"37":[0,0],"38":[0,0],"39":[0,1],"40":[1,0],"41":[0,0],"42":[0,0],"43":[0,0],"44":[0,0],"45":[1,0],"46":[1,1],"47":[0,0],"48":[0,0],"49":[0,0],"50":[0,1],"51":[1,1,1],"52":[0,1],"53":[0,0],"54":[0,0],"55":[0,0],"56":[0,0],"57":[0,2],"58":[1,1],"59":[0,0],"60":[0,1],"61":[0,0],"62":[0,0],"63":[0,0],"64":[0,0],"65":[1,0],"66":[0,0],"67":[0,1],"68":[0,0],"69":[0,0],"70":[0,0],"71":[0,0],"72":[0,0],"73":[0,0],"74":[0,0],"75":[0,0],"76":[0,0],"77":[0,0],"78":[1,0],"79":[0,0],"80":[0,0],"81":[0,0],"82":[0,0],"83":[0,0],"84":[0,0],"85":[0,0],"86":[0,0],"87":[0,0],"88":[0,0],"89":[0,0],"90":[0,0],"91":[0,0],"92":[0,0],"93":[0,0],"94":[0,0],"95":[0,0],"96":[1,0],"97":[0,0],"98":[0,0],"99":[0,1],"100":[0,0],"101":[0,1],"102":[0,1],"103":[0,0],"104":[0,0],"105":[0,0],"106":[0,0],"107":[0,1],"108":[0,1]},"_coverageSchema":"1a1c01bbd47fc00a2c39e90264f33305004495a9","hash":"b998eea71466cc95bcd3fdaf01e7001cafd6bbbd"}
}
