TN:
SF:server.js
FN:63,(anonymous_0)
FN:79,(anonymous_1)
FN:81,(anonymous_2)
FN:87,(anonymous_3)
FN:90,(anonymous_4)
FN:103,(anonymous_5)
FN:112,(anonymous_6)
FN:114,(anonymous_7)
FN:122,getYandexCoordinates
FN:133,(anonymous_9)
FN:139,generateTinkoffToken
FN:143,(anonymous_11)
FN:150,(anonymous_12)
FN:167,(anonymous_13)
FN:179,(anonymous_14)
FN:187,(anonymous_15)
FN:193,(anonymous_16)
FN:197,(anonymous_17)
FN:202,(anonymous_18)
FN:207,(anonymous_19)
FN:215,(anonymous_20)
FN:216,(anonymous_21)
FN:222,(anonymous_22)
FN:228,(anonymous_23)
FN:238,(anonymous_24)
FN:244,(anonymous_25)
FN:253,(anonymous_26)
FN:264,(anonymous_27)
FN:270,(anonymous_28)
FN:281,(anonymous_29)
FN:297,(anonymous_30)
FN:306,(anonymous_31)
FN:312,(anonymous_32)
FN:318,(anonymous_33)
FN:329,(anonymous_34)
FN:334,(anonymous_35)
FN:344,(anonymous_36)
FN:351,(anonymous_37)
FN:356,(anonymous_38)
FN:364,(anonymous_39)
FN:368,(anonymous_40)
FN:373,(anonymous_41)
FN:374,(anonymous_42)
FN:379,(anonymous_43)
FN:392,(anonymous_44)
FN:398,(anonymous_45)
FN:402,(anonymous_46)
FN:420,(anonymous_47)
FN:421,(anonymous_48)
FN:427,(anonymous_49)
FN:440,(anonymous_50)
FN:445,(anonymous_51)
FN:453,(anonymous_52)
FN:467,(anonymous_53)
FN:474,(anonymous_54)
FN:481,(anonymous_55)
FN:492,(anonymous_56)
FN:498,(anonymous_57)
FN:498,(anonymous_58)
FN:498,(anonymous_59)
FN:503,(anonymous_60)
FN:509,(anonymous_61)
FN:515,(anonymous_62)
FN:521,(anonymous_63)
FN:531,(anonymous_64)
FN:536,(anonymous_65)
FN:539,(anonymous_66)
FNF:67
FNH:31
FNDA:1,(anonymous_0)
FNDA:2,(anonymous_1)
FNDA:11,(anonymous_2)
FNDA:11,(anonymous_3)
FNDA:10,(anonymous_4)
FNDA:1,(anonymous_5)
FNDA:19,(anonymous_6)
FNDA:13,(anonymous_7)
FNDA:0,getYandexCoordinates
FNDA:3,(anonymous_9)
FNDA:1,generateTinkoffToken
FNDA:6,(anonymous_11)
FNDA:1,(anonymous_12)
FNDA:1,(anonymous_13)
FNDA:1,(anonymous_14)
FNDA:1,(anonymous_15)
FNDA:0,(anonymous_16)
FNDA:0,(anonymous_17)
FNDA:0,(anonymous_18)
FNDA:0,(anonymous_19)
FNDA:0,(anonymous_20)
FNDA:0,(anonymous_21)
FNDA:0,(anonymous_22)
FNDA:1,(anonymous_23)
FNDA:1,(anonymous_24)
FNDA:0,(anonymous_25)
FNDA:1,(anonymous_26)
FNDA:0,(anonymous_27)
FNDA:1,(anonymous_28)
FNDA:0,(anonymous_29)
FNDA:2,(anonymous_30)
FNDA:0,(anonymous_31)
FNDA:1,(anonymous_32)
FNDA:0,(anonymous_33)
FNDA:0,(anonymous_34)
FNDA:1,(anonymous_35)
FNDA:0,(anonymous_36)
FNDA:0,(anonymous_37)
FNDA:0,(anonymous_38)
FNDA:0,(anonymous_39)
FNDA:0,(anonymous_40)
FNDA:0,(anonymous_41)
FNDA:0,(anonymous_42)
FNDA:0,(anonymous_43)
FNDA:0,(anonymous_44)
FNDA:2,(anonymous_45)
FNDA:0,(anonymous_46)
FNDA:0,(anonymous_47)
FNDA:0,(anonymous_48)
FNDA:0,(anonymous_49)
FNDA:0,(anonymous_50)
FNDA:0,(anonymous_51)
FNDA:1,(anonymous_52)
FNDA:0,(anonymous_53)
FNDA:1,(anonymous_54)
FNDA:0,(anonymous_55)
FNDA:1,(anonymous_56)
FNDA:2,(anonymous_57)
FNDA:2,(anonymous_58)
FNDA:2,(anonymous_59)
FNDA:0,(anonymous_60)
FNDA:0,(anonymous_61)
FNDA:0,(anonymous_62)
FNDA:1,(anonymous_63)
FNDA:0,(anonymous_64)
FNDA:1,(anonymous_65)
FNDA:0,(anonymous_66)
DA:1,1
DA:2,1
DA:3,1
DA:4,1
DA:5,1
DA:6,1
DA:7,1
DA:8,1
DA:9,1
DA:10,1
DA:12,1
DA:13,1
DA:14,1
DA:16,1
DA:17,1
DA:22,1
DA:23,1
DA:24,1
DA:25,1
DA:26,1
DA:28,1
DA:29,1
DA:31,1
DA:36,1
DA:37,1
DA:39,1
DA:49,1
DA:63,1
DA:64,1
DA:65,0
DA:67,1
DA:74,1
DA:75,1
DA:76,1
DA:78,1
DA:79,2
DA:81,1
DA:82,11
DA:87,11
DA:90,1
DA:91,10
DA:92,10
DA:93,0
DA:94,0
DA:96,10
DA:103,1
DA:104,1
DA:112,1
DA:113,19
DA:114,13
DA:116,19
DA:123,0
DA:124,0
DA:125,0
DA:126,0
DA:127,0
DA:128,0
DA:129,0
DA:130,0
DA:133,1
DA:134,3
DA:135,3
DA:136,0
DA:140,1
DA:141,1
DA:142,1
DA:143,6
DA:144,1
DA:150,1
DA:151,1
DA:152,1
DA:153,1
DA:156,1
DA:157,1
DA:158,1
DA:160,1
DA:161,1
DA:162,1
DA:163,1
DA:164,0
DA:167,1
DA:168,1
DA:169,1
DA:170,1
DA:171,1
DA:172,1
DA:173,0
DA:179,1
DA:180,1
DA:181,1
DA:182,1
DA:183,1
DA:184,0
DA:187,1
DA:188,1
DA:189,1
DA:190,0
DA:191,0
DA:192,0
DA:193,0
DA:194,0
DA:197,1
DA:198,0
DA:199,0
DA:202,1
DA:203,0
DA:204,0
DA:207,1
DA:208,0
DA:209,0
DA:210,0
DA:211,0
DA:212,0
DA:214,0
DA:215,0
DA:216,0
DA:217,0
DA:218,0
DA:219,0
DA:222,1
DA:223,0
DA:224,0
DA:225,0
DA:228,1
DA:229,1
DA:230,1
DA:231,1
DA:232,0
DA:238,1
DA:239,1
DA:240,1
DA:241,1
DA:244,1
DA:245,0
DA:246,0
DA:247,0
DA:248,0
DA:249,0
DA:250,0
DA:253,1
DA:254,1
DA:255,1
DA:256,0
DA:257,0
DA:258,0
DA:259,0
DA:260,0
DA:261,0
DA:264,1
DA:265,0
DA:266,0
DA:267,0
DA:270,1
DA:271,1
DA:272,1
DA:273,1
DA:274,1
DA:275,1
DA:281,1
DA:282,0
DA:283,0
DA:284,0
DA:285,0
DA:286,0
DA:287,0
DA:288,0
DA:289,0
DA:291,0
DA:292,0
DA:293,0
DA:294,0
DA:297,1
DA:298,2
DA:299,2
DA:300,2
DA:301,2
DA:302,2
DA:303,1
DA:306,1
DA:307,0
DA:308,0
DA:309,0
DA:312,1
DA:313,1
DA:314,1
DA:315,1
DA:318,1
DA:319,0
DA:320,0
DA:321,0
DA:322,0
DA:323,0
DA:324,0
DA:325,0
DA:329,1
DA:330,0
DA:331,0
DA:332,0
DA:334,1
DA:335,1
DA:336,1
DA:337,1
DA:338,1
DA:339,1
DA:340,1
DA:341,1
DA:342,0
DA:344,1
DA:345,0
DA:346,0
DA:347,0
DA:351,1
DA:352,0
DA:353,0
DA:354,0
DA:356,1
DA:357,0
DA:358,0
DA:359,0
DA:360,0
DA:361,0
DA:362,0
DA:364,1
DA:365,0
DA:366,0
DA:368,1
DA:369,0
DA:370,0
DA:373,1
DA:374,1
DA:379,1
DA:380,0
DA:381,0
DA:382,0
DA:383,0
DA:384,0
DA:385,0
DA:387,0
DA:388,0
DA:389,0
DA:392,1
DA:393,0
DA:394,0
DA:395,0
DA:398,1
DA:399,2
DA:400,2
DA:401,2
DA:402,1
DA:403,1
DA:404,0
DA:405,0
DA:406,0
DA:407,0
DA:408,0
DA:409,0
DA:410,0
DA:411,0
DA:413,0
DA:414,0
DA:415,0
DA:416,0
DA:417,0
DA:418,0
DA:419,0
DA:420,0
DA:421,0
DA:422,0
DA:423,0
DA:425,0
DA:426,0
DA:427,0
DA:428,0
DA:429,0
DA:430,0
DA:431,0
DA:432,0
DA:433,0
DA:436,0
DA:437,0
DA:438,0
DA:439,0
DA:440,0
DA:441,0
DA:442,1
DA:445,1
DA:446,0
DA:447,0
DA:448,0
DA:449,0
DA:453,1
DA:454,1
DA:455,1
DA:456,1
DA:457,1
DA:458,1
DA:459,1
DA:460,0
DA:461,0
DA:467,1
DA:468,0
DA:469,0
DA:470,0
DA:471,0
DA:472,0
DA:474,1
DA:475,1
DA:476,1
DA:477,1
DA:478,1
DA:479,0
DA:481,1
DA:482,0
DA:483,0
DA:484,0
DA:485,0
DA:486,0
DA:492,1
DA:493,1
DA:494,1
DA:495,1
DA:496,1
DA:497,1
DA:498,2
DA:499,1
DA:500,0
DA:503,1
DA:504,0
DA:505,0
DA:506,0
DA:509,1
DA:510,0
DA:511,0
DA:512,0
DA:515,1
DA:516,0
DA:517,0
DA:518,0
DA:521,1
DA:522,1
DA:523,1
DA:524,1
DA:531,1
DA:532,0
DA:533,0
DA:536,1
DA:538,1
DA:539,0
DA:541,1
LF:349
LH:177
BRDA:17,0,0,1
BRDA:17,0,1,1
BRDA:24,1,0,1
BRDA:24,1,1,1
BRDA:25,2,0,1
BRDA:25,2,1,1
BRDA:26,3,0,1
BRDA:26,3,1,1
BRDA:64,4,0,0
BRDA:64,4,1,1
BRDA:78,5,0,0
BRDA:78,5,1,1
BRDA:79,6,0,0
BRDA:79,6,1,2
BRDA:87,7,0,0
BRDA:87,7,1,11
BRDA:90,8,0,10
BRDA:92,9,0,0
BRDA:92,9,1,10
BRDA:98,10,0,10
BRDA:98,10,1,10
BRDA:98,11,0,10
BRDA:98,11,1,10
BRDA:103,12,0,0
BRDA:106,13,0,1
BRDA:106,13,1,0
BRDA:107,14,0,1
BRDA:107,14,1,0
BRDA:107,15,0,1
BRDA:107,15,1,0
BRDA:108,16,0,1
BRDA:108,16,1,0
BRDA:108,17,0,1
BRDA:108,17,1,1
BRDA:113,18,0,13
BRDA:113,18,1,6
BRDA:113,19,0,19
BRDA:113,19,1,18
BRDA:114,20,0,10
BRDA:114,20,1,3
BRDA:123,21,0,0
BRDA:123,21,1,0
BRDA:135,22,0,3
BRDA:135,22,1,0
BRDA:153,23,0,0
BRDA:153,23,1,1
BRDA:156,24,0,1
BRDA:156,24,1,0
BRDA:161,25,0,0
BRDA:161,25,1,1
BRDA:171,26,0,0
BRDA:171,26,1,1
BRDA:189,27,0,1
BRDA:189,27,1,0
BRDA:191,28,0,0
BRDA:191,28,1,0
BRDA:199,29,0,0
BRDA:199,29,1,0
BRDA:204,30,0,0
BRDA:204,30,1,0
BRDA:210,31,0,0
BRDA:210,31,1,0
BRDA:210,32,0,0
BRDA:210,32,1,0
BRDA:215,33,0,0
BRDA:215,33,1,0
BRDA:215,34,0,0
BRDA:215,34,1,0
BRDA:218,35,0,0
BRDA:218,35,1,0
BRDA:225,36,0,0
BRDA:225,36,1,0
BRDA:225,37,0,0
BRDA:225,37,1,0
BRDA:225,38,0,0
BRDA:225,38,1,0
BRDA:240,39,0,0
BRDA:240,39,1,1
BRDA:241,40,0,1
BRDA:241,40,1,0
BRDA:247,41,0,0
BRDA:247,41,1,0
BRDA:247,42,0,0
BRDA:247,42,1,0
BRDA:249,43,0,0
BRDA:249,43,1,0
BRDA:250,44,0,0
BRDA:250,44,1,0
BRDA:255,45,0,1
BRDA:255,45,1,0
BRDA:255,46,0,1
BRDA:255,46,1,1
BRDA:260,47,0,0
BRDA:260,47,1,0
BRDA:260,48,0,0
BRDA:260,48,1,0
BRDA:266,49,0,0
BRDA:266,49,1,0
BRDA:272,50,0,0
BRDA:272,50,1,1
BRDA:272,51,0,1
BRDA:272,51,1,1
BRDA:272,51,2,1
BRDA:274,52,0,0
BRDA:274,52,1,1
BRDA:285,53,0,0
BRDA:285,53,1,0
BRDA:287,54,0,0
BRDA:287,54,1,0
BRDA:287,55,0,0
BRDA:287,55,1,0
BRDA:292,56,0,0
BRDA:292,56,1,0
BRDA:300,57,0,0
BRDA:300,57,1,2
BRDA:302,58,0,1
BRDA:302,58,1,1
BRDA:308,59,0,0
BRDA:308,59,1,0
BRDA:314,60,0,0
BRDA:314,60,1,1
BRDA:322,61,0,0
BRDA:322,61,1,0
BRDA:324,62,0,0
BRDA:324,62,1,0
BRDA:331,63,0,0
BRDA:331,63,1,0
BRDA:332,64,0,0
BRDA:332,64,1,0
BRDA:338,65,0,1
BRDA:338,65,1,0
BRDA:338,66,0,0
BRDA:338,66,1,0
BRDA:340,67,0,0
BRDA:340,67,1,1
BRDA:346,68,0,0
BRDA:346,68,1,0
BRDA:353,69,0,0
BRDA:353,69,1,0
BRDA:354,70,0,0
BRDA:354,70,1,0
BRDA:359,71,0,0
BRDA:359,71,1,0
BRDA:361,72,0,0
BRDA:361,72,1,0
BRDA:383,73,0,0
BRDA:383,73,1,0
BRDA:385,74,0,0
BRDA:385,74,1,0
BRDA:387,75,0,0
BRDA:387,75,1,0
BRDA:394,76,0,0
BRDA:394,76,1,0
BRDA:395,77,0,0
BRDA:395,77,1,0
BRDA:403,78,0,1
BRDA:403,78,1,0
BRDA:404,79,0,0
BRDA:404,79,1,0
BRDA:404,80,0,0
BRDA:404,80,1,0
BRDA:405,81,0,0
BRDA:405,81,1,0
BRDA:408,82,0,0
BRDA:408,82,1,0
BRDA:410,83,0,0
BRDA:410,83,1,0
BRDA:410,84,0,0
BRDA:410,84,1,0
BRDA:416,85,0,0
BRDA:416,85,1,0
BRDA:417,86,0,0
BRDA:417,86,1,0
BRDA:422,87,0,0
BRDA:422,87,1,0
BRDA:422,88,0,0
BRDA:422,88,1,0
BRDA:425,89,0,0
BRDA:425,89,1,0
BRDA:427,90,0,0
BRDA:427,90,1,0
BRDA:429,91,0,0
BRDA:429,91,1,0
BRDA:430,92,0,0
BRDA:430,92,1,0
BRDA:436,93,0,0
BRDA:436,93,1,0
BRDA:438,94,0,0
BRDA:438,94,1,0
BRDA:439,95,0,0
BRDA:439,95,1,0
BRDA:459,96,0,1
BRDA:459,96,1,0
BRDA:470,97,0,0
BRDA:470,97,1,0
BRDA:471,98,0,0
BRDA:471,98,1,0
BRDA:477,99,0,0
BRDA:477,99,1,1
BRDA:484,100,0,0
BRDA:484,100,1,0
BRDA:494,101,0,0
BRDA:494,101,1,1
BRDA:496,102,0,0
BRDA:496,102,1,1
BRDA:505,103,0,0
BRDA:505,103,1,0
BRDA:506,104,0,0
BRDA:506,104,1,0
BRDA:511,105,0,0
BRDA:511,105,1,0
BRDA:517,106,0,0
BRDA:517,106,1,0
BRDA:523,107,0,0
BRDA:523,107,1,1
BRDA:538,108,0,0
BRDA:538,108,1,1
BRF:217
BRH:59
end_of_record
