TN:
SF:server.js
FN:56,(anonymous_0)
FN:60,(anonymous_1)
FN:66,(anonymous_2)
FN:71,(anonymous_3)
FN:84,(anonymous_4)
FN:86,(anonymous_5)
FN:114,(anonymous_6)
FN:129,(anonymous_7)
FN:166,getOrCreateCity
FN:178,(anonymous_9)
FN:183,(anonymous_10)
FN:184,(anonymous_11)
FN:192,(anonymous_12)
FN:194,(anonymous_13)
FN:195,(anonymous_14)
FN:203,(anonymous_15)
FN:211,(anonymous_16)
FN:219,(anonymous_17)
FN:227,(anonymous_18)
FN:236,(anonymous_19)
FN:244,(anonymous_20)
FN:252,(anonymous_21)
FN:261,(anonymous_22)
FN:269,(anonymous_23)
FN:277,(anonymous_24)
FN:286,(anonymous_25)
FN:292,(anonymous_26)
FN:302,(anonymous_27)
FN:313,(anonymous_28)
FN:390,(anonymous_29)
FN:406,(anonymous_30)
FN:414,(anonymous_31)
FN:421,(anonymous_32)
FN:428,(anonymous_33)
FN:435,(anonymous_34)
FN:443,(anonymous_35)
FN:458,(anonymous_36)
FN:503,(anonymous_37)
FN:589,(anonymous_38)
FN:603,(anonymous_39)
FN:612,(anonymous_40)
FN:618,(anonymous_41)
FN:661,(anonymous_42)
FN:666,(anonymous_43)
FN:671,(anonymous_44)
FN:691,(anonymous_45)
FN:708,(anonymous_46)
FN:752,(anonymous_47)
FN:830,(anonymous_48)
FN:851,(anonymous_49)
FN:861,(anonymous_50)
FN:874,(anonymous_51)
FN:900,(anonymous_52)
FN:961,(anonymous_53)
FN:976,(anonymous_54)
FN:982,(anonymous_55)
FN:993,(anonymous_56)
FN:1021,(anonymous_57)
FN:1089,(anonymous_58)
FN:1143,(anonymous_59)
FN:1158,(anonymous_60)
FN:1171,(anonymous_61)
FN:1205,(anonymous_62)
FN:1226,(anonymous_63)
FN:1232,(anonymous_64)
FN:1238,(anonymous_65)
FN:1257,(anonymous_66)
FN:1287,(anonymous_67)
FN:1298,(anonymous_68)
FN:1309,(anonymous_69)
FN:1357,(anonymous_70)
FN:1368,(anonymous_71)
FN:1469,(anonymous_72)
FN:1473,(anonymous_73)
FN:1478,(anonymous_74)
FN:1487,(anonymous_75)
FNF:76
FNH:25
FNDA:3,(anonymous_0)
FNDA:10,(anonymous_1)
FNDA:10,(anonymous_2)
FNDA:0,(anonymous_3)
FNDA:15,(anonymous_4)
FNDA:9,(anonymous_5)
FNDA:1,(anonymous_6)
FNDA:1,(anonymous_7)
FNDA:0,getOrCreateCity
FNDA:4,(anonymous_9)
FNDA:0,(anonymous_10)
FNDA:0,(anonymous_11)
FNDA:0,(anonymous_12)
FNDA:0,(anonymous_13)
FNDA:0,(anonymous_14)
FNDA:0,(anonymous_15)
FNDA:1,(anonymous_16)
FNDA:0,(anonymous_17)
FNDA:0,(anonymous_18)
FNDA:0,(anonymous_19)
FNDA:1,(anonymous_20)
FNDA:0,(anonymous_21)
FNDA:0,(anonymous_22)
FNDA:0,(anonymous_23)
FNDA:0,(anonymous_24)
FNDA:0,(anonymous_25)
FNDA:0,(anonymous_26)
FNDA:1,(anonymous_27)
FNDA:0,(anonymous_28)
FNDA:0,(anonymous_29)
FNDA:0,(anonymous_30)
FNDA:0,(anonymous_31)
FNDA:0,(anonymous_32)
FNDA:0,(anonymous_33)
FNDA:0,(anonymous_34)
FNDA:0,(anonymous_35)
FNDA:0,(anonymous_36)
FNDA:0,(anonymous_37)
FNDA:0,(anonymous_38)
FNDA:1,(anonymous_39)
FNDA:0,(anonymous_40)
FNDA:1,(anonymous_41)
FNDA:0,(anonymous_42)
FNDA:0,(anonymous_43)
FNDA:0,(anonymous_44)
FNDA:0,(anonymous_45)
FNDA:1,(anonymous_46)
FNDA:1,(anonymous_47)
FNDA:1,(anonymous_48)
FNDA:0,(anonymous_49)
FNDA:0,(anonymous_50)
FNDA:0,(anonymous_51)
FNDA:1,(anonymous_52)
FNDA:0,(anonymous_53)
FNDA:0,(anonymous_54)
FNDA:0,(anonymous_55)
FNDA:1,(anonymous_56)
FNDA:0,(anonymous_57)
FNDA:0,(anonymous_58)
FNDA:1,(anonymous_59)
FNDA:1,(anonymous_60)
FNDA:1,(anonymous_61)
FNDA:1,(anonymous_62)
FNDA:1,(anonymous_63)
FNDA:1,(anonymous_64)
FNDA:0,(anonymous_65)
FNDA:1,(anonymous_66)
FNDA:0,(anonymous_67)
FNDA:0,(anonymous_68)
FNDA:0,(anonymous_69)
FNDA:0,(anonymous_70)
FNDA:0,(anonymous_71)
FNDA:0,(anonymous_72)
FNDA:0,(anonymous_73)
FNDA:0,(anonymous_74)
FNDA:0,(anonymous_75)
DA:1,1
DA:2,1
DA:3,1
DA:4,1
DA:5,1
DA:6,1
DA:7,1
DA:8,1
DA:9,1
DA:10,1
DA:11,1
DA:14,1
DA:15,1
DA:18,1
DA:19,1
DA:21,1
DA:22,0
DA:24,1
DA:27,1
DA:30,1
DA:31,1
DA:32,1
DA:33,1
DA:34,1
DA:36,1
DA:47,1
DA:50,1
DA:51,1
DA:52,1
DA:53,1
DA:55,1
DA:56,1
DA:57,3
DA:60,1
DA:61,10
DA:66,10
DA:67,10
DA:71,1
DA:72,0
DA:84,1
DA:85,15
DA:86,9
DA:87,9
DA:88,9
DA:102,15
DA:105,1
DA:107,1
DA:114,1
DA:115,1
DA:116,1
DA:117,1
DA:118,1
DA:119,1
DA:120,6
DA:123,0
DA:125,1
DA:129,1
DA:130,1
DA:132,1
DA:133,1
DA:134,0
DA:136,1
DA:137,1
DA:138,1
DA:144,1
DA:157,1
DA:159,0
DA:160,0
DA:167,0
DA:168,0
DA:169,0
DA:170,0
DA:171,0
DA:172,0
DA:173,0
DA:174,0
DA:175,0
DA:178,1
DA:179,4
DA:180,0
DA:183,1
DA:184,0
DA:185,0
DA:186,0
DA:187,0
DA:188,0
DA:192,0
DA:193,0
DA:194,0
DA:195,0
DA:196,0
DA:197,0
DA:198,0
DA:199,0
DA:200,0
DA:203,0
DA:204,0
DA:211,1
DA:212,1
DA:213,1
DA:214,1
DA:215,1
DA:216,0
DA:219,1
DA:220,0
DA:221,0
DA:222,0
DA:223,0
DA:224,0
DA:227,1
DA:228,0
DA:229,0
DA:230,0
DA:231,0
DA:232,0
DA:233,0
DA:236,1
DA:237,0
DA:238,0
DA:239,0
DA:240,0
DA:241,0
DA:244,1
DA:245,1
DA:246,1
DA:247,1
DA:248,1
DA:249,0
DA:252,1
DA:253,0
DA:254,0
DA:255,0
DA:256,0
DA:257,0
DA:258,0
DA:261,1
DA:262,0
DA:263,0
DA:264,0
DA:265,0
DA:266,0
DA:269,1
DA:270,0
DA:271,0
DA:272,0
DA:273,0
DA:274,0
DA:277,1
DA:278,0
DA:279,0
DA:280,0
DA:281,0
DA:282,0
DA:283,0
DA:286,1
DA:287,0
DA:288,0
DA:289,0
DA:292,1
DA:293,0
DA:294,0
DA:295,0
DA:299,0
DA:302,1
DA:303,1
DA:304,1
DA:305,1
DA:306,1
DA:307,1
DA:313,1
DA:314,0
DA:315,0
DA:316,0
DA:318,0
DA:319,0
DA:321,0
DA:326,0
DA:327,0
DA:330,0
DA:335,0
DA:336,0
DA:339,0
DA:340,0
DA:341,0
DA:342,0
DA:344,0
DA:345,0
DA:348,0
DA:349,0
DA:351,0
DA:353,0
DA:354,0
DA:355,0
DA:356,0
DA:357,0
DA:359,0
DA:361,0
DA:362,0
DA:363,0
DA:364,0
DA:367,0
DA:382,0
DA:383,0
DA:390,1
DA:391,0
DA:392,0
DA:399,0
DA:400,0
DA:402,0
DA:406,1
DA:407,0
DA:408,0
DA:409,0
DA:410,0
DA:411,0
DA:414,1
DA:415,0
DA:416,0
DA:417,0
DA:418,0
DA:421,1
DA:422,0
DA:423,0
DA:424,0
DA:425,0
DA:428,1
DA:429,0
DA:430,0
DA:431,0
DA:432,0
DA:435,1
DA:436,0
DA:437,0
DA:443,1
DA:444,0
DA:445,0
DA:446,0
DA:447,0
DA:451,0
DA:452,0
DA:453,0
DA:454,0
DA:455,0
DA:458,1
DA:459,0
DA:460,0
DA:461,0
DA:462,0
DA:464,0
DA:465,0
DA:467,0
DA:468,0
DA:470,0
DA:471,0
DA:472,0
DA:475,0
DA:478,0
DA:484,0
DA:486,0
DA:487,0
DA:488,0
DA:489,0
DA:490,0
DA:491,0
DA:499,0
DA:500,0
DA:503,1
DA:504,0
DA:505,0
DA:507,0
DA:508,0
DA:510,0
DA:511,0
DA:513,0
DA:514,0
DA:516,0
DA:517,0
DA:519,0
DA:529,0
DA:531,0
DA:532,0
DA:533,0
DA:534,0
DA:535,0
DA:536,0
DA:547,0
DA:550,0
DA:564,0
DA:566,0
DA:567,0
DA:568,0
DA:569,0
DA:570,0
DA:571,0
DA:582,0
DA:584,0
DA:585,0
DA:589,1
DA:590,0
DA:591,0
DA:592,0
DA:593,0
DA:594,0
DA:595,0
DA:596,0
DA:598,0
DA:599,0
DA:603,1
DA:604,1
DA:605,1
DA:606,1
DA:607,1
DA:608,1
DA:609,1
DA:612,1
DA:613,0
DA:614,0
DA:615,0
DA:618,1
DA:619,1
DA:620,1
DA:622,1
DA:623,1
DA:624,0
DA:625,1
DA:626,0
DA:629,1
DA:630,0
DA:631,0
DA:633,0
DA:637,1
DA:638,0
DA:641,1
DA:648,1
DA:649,1
DA:651,1
DA:653,0
DA:654,0
DA:661,1
DA:662,0
DA:663,0
DA:666,1
DA:667,0
DA:668,0
DA:671,1
DA:672,0
DA:673,0
DA:674,0
DA:675,0
DA:676,0
DA:677,0
DA:678,0
DA:679,0
DA:680,0
DA:687,0
DA:688,0
DA:691,1
DA:692,0
DA:693,0
DA:694,0
DA:695,0
DA:696,0
DA:697,0
DA:698,0
DA:700,0
DA:701,0
DA:708,1
DA:709,1
DA:711,1
DA:712,1
DA:717,1
DA:718,0
DA:720,1
DA:722,1
DA:726,1
DA:727,0
DA:729,1
DA:731,1
DA:732,1
DA:734,1
DA:735,1
DA:740,1
DA:741,0
DA:743,1
DA:744,1
DA:746,1
DA:748,1
DA:752,1
DA:754,1
DA:755,1
DA:763,1
DA:764,1
DA:768,1
DA:769,0
DA:777,0
DA:778,0
DA:780,0
DA:784,1
DA:790,1
DA:791,0
DA:794,1
DA:799,1
DA:800,0
DA:803,1
DA:811,1
DA:813,1
DA:825,1
DA:826,0
DA:829,1
DA:830,1
DA:832,1
DA:833,0
DA:836,1
DA:837,1
DA:838,1
DA:851,0
DA:854,1
DA:856,0
DA:857,0
DA:861,1
DA:862,0
DA:863,0
DA:868,0
DA:870,0
DA:874,1
DA:875,0
DA:876,0
DA:877,0
DA:882,0
DA:883,0
DA:885,0
DA:890,0
DA:892,0
DA:893,0
DA:900,1
DA:901,1
DA:902,1
DA:903,1
DA:905,1
DA:906,1
DA:912,1
DA:913,0
DA:916,1
DA:917,1
DA:918,0
DA:921,1
DA:926,1
DA:927,1
DA:928,1
DA:929,1
DA:935,1
DA:936,1
DA:946,1
DA:952,1
DA:954,1
DA:956,0
DA:957,0
DA:961,1
DA:962,0
DA:963,0
DA:964,0
DA:968,0
DA:969,0
DA:971,0
DA:972,0
DA:976,1
DA:977,0
DA:978,0
DA:979,0
DA:982,1
DA:983,0
DA:984,0
DA:985,0
DA:986,0
DA:993,1
DA:994,1
DA:995,1
DA:996,1
DA:1003,1
DA:1004,0
DA:1007,1
DA:1013,1
DA:1014,1
DA:1016,0
DA:1017,0
DA:1021,1
DA:1022,0
DA:1023,0
DA:1025,0
DA:1026,0
DA:1032,0
DA:1034,0
DA:1035,0
DA:1040,0
DA:1041,0
DA:1042,0
DA:1043,0
DA:1049,0
DA:1050,0
DA:1057,0
DA:1060,0
DA:1067,0
DA:1069,0
DA:1070,0
DA:1082,0
DA:1084,0
DA:1085,0
DA:1089,1
DA:1090,0
DA:1091,0
DA:1092,0
DA:1094,0
DA:1095,0
DA:1097,0
DA:1098,0
DA:1105,0
DA:1107,0
DA:1108,0
DA:1111,0
DA:1118,0
DA:1120,0
DA:1124,0
DA:1126,0
DA:1133,0
DA:1135,0
DA:1136,0
DA:1143,1
DA:1144,1
DA:1145,1
DA:1146,1
DA:1147,1
DA:1148,1
DA:1149,1
DA:1150,1
DA:1151,1
DA:1153,0
DA:1154,0
DA:1158,1
DA:1159,1
DA:1160,1
DA:1161,1
DA:1162,1
DA:1163,1
DA:1165,0
DA:1166,0
DA:1171,1
DA:1172,1
DA:1173,1
DA:1174,0
DA:1177,1
DA:1178,1
DA:1197,1
DA:1199,0
DA:1200,0
DA:1201,0
DA:1205,1
DA:1206,1
DA:1207,1
DA:1208,0
DA:1210,1
DA:1211,1
DA:1215,1
DA:1216,1
DA:1218,0
DA:1219,0
DA:1226,1
DA:1227,1
DA:1228,1
DA:1229,1
DA:1230,1
DA:1231,1
DA:1232,1
DA:1234,0
DA:1238,1
DA:1239,0
DA:1240,0
DA:1249,0
DA:1250,0
DA:1252,0
DA:1253,0
DA:1257,1
DA:1258,1
DA:1260,1
DA:1261,1
DA:1262,0
DA:1263,0
DA:1264,0
DA:1265,0
DA:1266,0
DA:1267,0
DA:1268,0
DA:1269,0
DA:1270,0
DA:1271,0
DA:1272,0
DA:1273,0
DA:1275,0
DA:1278,1
DA:1279,1
DA:1280,1
DA:1282,0
DA:1283,0
DA:1287,1
DA:1288,0
DA:1289,0
DA:1290,0
DA:1291,0
DA:1293,0
DA:1294,0
DA:1298,1
DA:1299,0
DA:1300,0
DA:1301,0
DA:1302,0
DA:1304,0
DA:1305,0
DA:1309,1
DA:1310,0
DA:1312,0
DA:1313,0
DA:1318,0
DA:1320,0
DA:1321,0
DA:1322,0
DA:1323,0
DA:1330,0
DA:1331,0
DA:1332,0
DA:1334,0
DA:1335,0
DA:1340,0
DA:1341,0
DA:1347,0
DA:1348,0
DA:1350,0
DA:1352,0
DA:1353,0
DA:1357,1
DA:1358,0
DA:1359,0
DA:1360,0
DA:1361,0
DA:1363,0
DA:1364,0
DA:1368,1
DA:1369,0
DA:1370,0
DA:1372,0
DA:1373,0
DA:1378,0
DA:1381,0
DA:1384,0
DA:1390,0
DA:1392,0
DA:1393,0
DA:1398,0
DA:1399,0
DA:1400,0
DA:1406,0
DA:1407,0
DA:1408,0
DA:1418,0
DA:1419,0
DA:1432,0
DA:1433,0
DA:1445,0
DA:1446,0
DA:1461,0
DA:1463,0
DA:1464,0
DA:1469,1
DA:1470,0
DA:1473,1
DA:1474,0
DA:1478,1
DA:1479,0
DA:1480,0
DA:1481,0
DA:1486,1
DA:1487,0
DA:1488,0
DA:1490,1
DA:1493,1
LF:683
LH:252
BRDA:21,0,0,0
BRDA:21,0,1,1
BRDA:21,1,0,1
BRDA:21,1,1,1
BRDA:32,2,0,1
BRDA:32,2,1,1
BRDA:33,3,0,1
BRDA:33,3,1,0
BRDA:55,4,0,0
BRDA:55,4,1,1
BRDA:57,5,0,0
BRDA:57,5,1,3
BRDA:67,6,0,0
BRDA:67,6,1,10
BRDA:71,7,0,0
BRDA:76,8,0,0
BRDA:76,8,1,0
BRDA:77,9,0,0
BRDA:77,9,1,0
BRDA:78,10,0,0
BRDA:78,10,1,0
BRDA:78,11,0,0
BRDA:78,11,1,0
BRDA:79,12,0,0
BRDA:79,12,1,0
BRDA:85,13,0,9
BRDA:85,13,1,6
BRDA:87,14,0,9
BRDA:87,14,1,0
BRDA:87,15,0,9
BRDA:87,15,1,9
BRDA:93,16,0,9
BRDA:93,16,1,8
BRDA:94,17,0,9
BRDA:94,17,1,9
BRDA:114,18,0,0
BRDA:117,19,0,1
BRDA:117,19,1,0
BRDA:123,20,0,0
BRDA:123,20,1,0
BRDA:123,21,0,0
BRDA:123,21,1,0
BRDA:129,22,0,0
BRDA:133,23,0,0
BRDA:133,23,1,1
BRDA:136,24,0,1
BRDA:136,24,1,0
BRDA:139,25,0,1
BRDA:139,25,1,0
BRDA:159,26,0,0
BRDA:159,26,1,0
BRDA:167,27,0,0
BRDA:167,27,1,0
BRDA:171,28,0,0
BRDA:171,28,1,0
BRDA:173,29,0,0
BRDA:173,29,1,0
BRDA:179,30,0,4
BRDA:179,30,1,0
BRDA:187,31,0,0
BRDA:187,31,1,0
BRDA:187,32,0,0
BRDA:187,32,1,0
BRDA:196,33,0,0
BRDA:196,33,1,0
BRDA:214,34,0,0
BRDA:214,34,1,1
BRDA:215,35,0,1
BRDA:215,35,1,0
BRDA:222,36,0,0
BRDA:222,36,1,0
BRDA:223,37,0,0
BRDA:223,37,1,0
BRDA:230,38,0,0
BRDA:230,38,1,0
BRDA:232,39,0,0
BRDA:232,39,1,0
BRDA:233,40,0,0
BRDA:233,40,1,0
BRDA:239,41,0,0
BRDA:239,41,1,0
BRDA:240,42,0,0
BRDA:240,42,1,0
BRDA:257,43,0,0
BRDA:257,43,1,0
BRDA:257,44,0,0
BRDA:257,44,1,0
BRDA:257,45,0,0
BRDA:257,45,1,0
BRDA:264,46,0,0
BRDA:264,46,1,0
BRDA:265,47,0,0
BRDA:265,47,1,0
BRDA:272,48,0,0
BRDA:272,48,1,0
BRDA:273,49,0,0
BRDA:273,49,1,0
BRDA:280,50,0,0
BRDA:280,50,1,0
BRDA:280,51,0,0
BRDA:280,51,1,0
BRDA:282,52,0,0
BRDA:282,52,1,0
BRDA:283,53,0,0
BRDA:283,53,1,0
BRDA:288,54,0,0
BRDA:288,54,1,0
BRDA:294,55,0,0
BRDA:294,55,1,0
BRDA:294,56,0,0
BRDA:294,56,1,0
BRDA:299,57,0,0
BRDA:299,57,1,0
BRDA:304,58,0,0
BRDA:304,58,1,1
BRDA:304,59,0,1
BRDA:304,59,1,1
BRDA:307,60,0,1
BRDA:307,60,1,0
BRDA:307,61,0,1
BRDA:307,61,1,0
BRDA:315,62,0,0
BRDA:315,62,1,0
BRDA:315,63,0,0
BRDA:315,63,1,0
BRDA:326,64,0,0
BRDA:326,64,1,0
BRDA:326,65,0,0
BRDA:326,65,1,0
BRDA:335,66,0,0
BRDA:335,66,1,0
BRDA:335,67,0,0
BRDA:335,67,1,0
BRDA:344,68,0,0
BRDA:344,68,1,0
BRDA:344,69,0,0
BRDA:344,69,1,0
BRDA:344,69,2,0
BRDA:344,69,3,0
BRDA:349,70,0,0
BRDA:349,70,1,0
BRDA:353,71,0,0
BRDA:353,71,1,0
BRDA:354,72,0,0
BRDA:354,72,1,0
BRDA:355,73,0,0
BRDA:355,73,1,0
BRDA:356,74,0,0
BRDA:356,74,1,0
BRDA:362,75,0,0
BRDA:362,75,1,0
BRDA:364,76,0,0
BRDA:364,76,1,0
BRDA:368,77,0,0
BRDA:368,77,1,0
BRDA:378,78,0,0
BRDA:378,78,1,0
BRDA:399,79,0,0
BRDA:399,79,1,0
BRDA:400,80,0,0
BRDA:400,80,1,0
BRDA:410,81,0,0
BRDA:410,81,1,0
BRDA:417,82,0,0
BRDA:417,82,1,0
BRDA:437,83,0,0
BRDA:437,83,1,0
BRDA:451,84,0,0
BRDA:451,84,1,0
BRDA:453,85,0,0
BRDA:453,85,1,0
BRDA:462,86,0,0
BRDA:462,86,1,0
BRDA:467,87,0,0
BRDA:467,87,1,0
BRDA:470,88,0,0
BRDA:470,88,1,0
BRDA:471,89,0,0
BRDA:471,89,1,0
BRDA:479,90,0,0
BRDA:479,90,1,0
BRDA:479,91,0,0
BRDA:479,91,1,0
BRDA:484,92,0,0
BRDA:484,92,1,0
BRDA:486,93,0,0
BRDA:486,93,1,0
BRDA:490,94,0,0
BRDA:490,94,1,0
BRDA:507,95,0,0
BRDA:507,95,1,0
BRDA:508,96,0,0
BRDA:508,96,1,0
BRDA:508,97,0,0
BRDA:508,97,1,0
BRDA:513,98,0,0
BRDA:513,98,1,0
BRDA:516,99,0,0
BRDA:516,99,1,0
BRDA:517,100,0,0
BRDA:517,100,1,0
BRDA:521,101,0,0
BRDA:521,101,1,0
BRDA:529,102,0,0
BRDA:529,102,1,0
BRDA:531,103,0,0
BRDA:531,103,1,0
BRDA:535,104,0,0
BRDA:535,104,1,0
BRDA:552,105,0,0
BRDA:552,105,1,0
BRDA:553,106,0,0
BRDA:553,106,1,0
BRDA:554,107,0,0
BRDA:554,107,1,0
BRDA:564,108,0,0
BRDA:564,108,1,0
BRDA:566,109,0,0
BRDA:566,109,1,0
BRDA:570,110,0,0
BRDA:570,110,1,0
BRDA:585,111,0,0
BRDA:585,111,1,0
BRDA:593,112,0,0
BRDA:593,112,1,0
BRDA:606,113,0,0
BRDA:606,113,1,1
BRDA:608,114,0,0
BRDA:608,114,1,1
BRDA:614,115,0,0
BRDA:614,115,1,0
BRDA:623,116,0,0
BRDA:623,116,1,1
BRDA:625,117,0,0
BRDA:625,117,1,1
BRDA:629,118,0,0
BRDA:629,118,1,1
BRDA:630,119,0,0
BRDA:630,119,1,0
BRDA:637,120,0,0
BRDA:637,120,1,1
BRDA:648,121,0,0
BRDA:648,121,1,1
BRDA:649,122,0,0
BRDA:649,122,1,1
BRDA:663,123,0,0
BRDA:663,123,1,0
BRDA:675,124,0,0
BRDA:675,124,1,0
BRDA:679,125,0,0
BRDA:679,125,1,0
BRDA:695,126,0,0
BRDA:695,126,1,0
BRDA:717,127,0,0
BRDA:717,127,1,1
BRDA:717,128,0,1
BRDA:717,128,1,1
BRDA:726,129,0,0
BRDA:726,129,1,1
BRDA:740,130,0,0
BRDA:740,130,1,1
BRDA:740,131,0,1
BRDA:740,131,1,1
BRDA:743,132,0,1
BRDA:743,132,1,1
BRDA:754,133,0,1
BRDA:754,133,1,0
BRDA:763,134,0,1
BRDA:763,134,1,0
BRDA:768,135,0,0
BRDA:768,135,1,1
BRDA:777,136,0,0
BRDA:777,136,1,0
BRDA:790,137,0,0
BRDA:790,137,1,1
BRDA:790,138,0,1
BRDA:790,138,1,1
BRDA:799,139,0,0
BRDA:799,139,1,1
BRDA:814,140,0,1
BRDA:814,140,1,1
BRDA:817,141,0,1
BRDA:817,141,1,0
BRDA:825,142,0,0
BRDA:825,142,1,1
BRDA:832,143,0,0
BRDA:832,143,1,1
BRDA:836,144,0,1
BRDA:836,144,1,0
BRDA:836,145,0,1
BRDA:836,145,1,1
BRDA:839,146,0,1
BRDA:839,146,1,1
BRDA:868,147,0,0
BRDA:868,147,1,0
BRDA:882,148,0,0
BRDA:882,148,1,0
BRDA:882,149,0,0
BRDA:882,149,1,0
BRDA:883,150,0,0
BRDA:883,150,1,0
BRDA:903,151,0,0
BRDA:903,151,1,1
BRDA:912,152,0,0
BRDA:912,152,1,1
BRDA:912,153,0,1
BRDA:912,153,1,1
BRDA:917,154,0,0
BRDA:917,154,1,1
BRDA:917,155,0,1
BRDA:917,155,1,1
BRDA:926,156,0,1
BRDA:926,156,1,0
BRDA:928,157,0,1
BRDA:928,157,1,0
BRDA:935,158,0,1
BRDA:935,158,1,0
BRDA:952,159,0,0
BRDA:952,159,1,1
BRDA:968,160,0,0
BRDA:968,160,1,0
BRDA:978,161,0,0
BRDA:978,161,1,0
BRDA:984,162,0,0
BRDA:984,162,1,0
BRDA:1003,163,0,0
BRDA:1003,163,1,1
BRDA:1013,164,0,0
BRDA:1013,164,1,1
BRDA:1032,165,0,0
BRDA:1032,165,1,0
BRDA:1032,166,0,0
BRDA:1032,166,1,0
BRDA:1034,167,0,0
BRDA:1034,167,1,0
BRDA:1034,168,0,0
BRDA:1034,168,1,0
BRDA:1040,169,0,0
BRDA:1040,169,1,0
BRDA:1042,170,0,0
BRDA:1042,170,1,0
BRDA:1049,171,0,0
BRDA:1049,171,1,0
BRDA:1067,172,0,0
BRDA:1067,172,1,0
BRDA:1074,173,0,0
BRDA:1074,173,1,0
BRDA:1075,174,0,0
BRDA:1075,174,1,0
BRDA:1079,175,0,0
BRDA:1079,175,1,0
BRDA:1094,176,0,0
BRDA:1094,176,1,0
BRDA:1095,177,0,0
BRDA:1095,177,1,0
BRDA:1095,178,0,0
BRDA:1095,178,1,0
BRDA:1105,179,0,0
BRDA:1105,179,1,0
BRDA:1105,180,0,0
BRDA:1105,180,1,0
BRDA:1107,181,0,0
BRDA:1107,181,1,0
BRDA:1107,182,0,0
BRDA:1107,182,1,0
BRDA:1118,183,0,0
BRDA:1118,183,1,0
BRDA:1124,184,0,0
BRDA:1124,184,1,0
BRDA:1149,185,0,0
BRDA:1149,185,1,1
BRDA:1162,186,0,0
BRDA:1162,186,1,1
BRDA:1173,187,0,0
BRDA:1173,187,1,1
BRDA:1173,188,0,1
BRDA:1173,188,1,1
BRDA:1173,188,2,1
BRDA:1200,189,0,0
BRDA:1200,189,1,0
BRDA:1207,190,0,0
BRDA:1207,190,1,1
BRDA:1207,191,0,1
BRDA:1207,191,1,1
BRDA:1207,191,2,1
BRDA:1215,192,0,0
BRDA:1215,192,1,1
BRDA:1228,193,0,0
BRDA:1228,193,1,1
BRDA:1228,194,0,0
BRDA:1228,194,1,1
BRDA:1229,195,0,0
BRDA:1229,195,1,1
BRDA:1249,196,0,0
BRDA:1249,196,1,0
BRDA:1250,197,0,0
BRDA:1250,197,1,0
BRDA:1260,198,0,1
BRDA:1260,198,1,0
BRDA:1262,199,0,0
BRDA:1262,199,1,0
BRDA:1264,200,0,0
BRDA:1264,200,1,0
BRDA:1266,201,0,0
BRDA:1266,201,1,0
BRDA:1268,202,0,0
BRDA:1268,202,1,0
BRDA:1270,203,0,0
BRDA:1270,203,1,0
BRDA:1272,204,0,0
BRDA:1272,204,1,0
BRDA:1279,205,0,0
BRDA:1279,205,1,1
BRDA:1280,206,0,1
BRDA:1280,206,1,0
BRDA:1290,207,0,0
BRDA:1290,207,1,0
BRDA:1291,208,0,0
BRDA:1291,208,1,0
BRDA:1301,209,0,0
BRDA:1301,209,1,0
BRDA:1318,210,0,0
BRDA:1318,210,1,0
BRDA:1320,211,0,0
BRDA:1320,211,1,0
BRDA:1320,212,0,0
BRDA:1320,212,1,0
BRDA:1322,213,0,0
BRDA:1322,213,1,0
BRDA:1330,214,0,0
BRDA:1330,214,1,0
BRDA:1334,215,0,0
BRDA:1334,215,1,0
BRDA:1340,216,0,0
BRDA:1340,216,1,0
BRDA:1348,217,0,0
BRDA:1348,217,1,0
BRDA:1360,218,0,0
BRDA:1360,218,1,0
BRDA:1378,219,0,0
BRDA:1378,219,1,0
BRDA:1381,220,0,0
BRDA:1381,220,1,0
BRDA:1381,220,2,0
BRDA:1390,221,0,0
BRDA:1390,221,1,0
BRDA:1392,222,0,0
BRDA:1392,222,1,0
BRDA:1399,223,0,0
BRDA:1399,223,1,0
BRDA:1406,224,0,0
BRDA:1406,224,1,0
BRDA:1418,225,0,0
BRDA:1418,225,1,0
BRDA:1432,226,0,0
BRDA:1432,226,1,0
BRDA:1445,227,0,0
BRDA:1445,227,1,0
BRDA:1486,228,0,0
BRDA:1486,228,1,1
BRF:460
BRH:95
end_of_record
